[2024-02-25 18:04:10,914] INFO - ###### EXPERIMENT DETAILS ######
	BATCH SIZE: 16
	MAX NUMBER OF EPOCHS: 500
	INITIAL LR: 7
	FLATTEN: False
	DATASET USED: CIFAR-10
	SCHEDULE_LR: [200, 400]
	QUANTIZATION_INPUT: 8
	QUANTIZATION_WEIGHT: 32
	QUANTIZATION_BATCH_SIZE: 4
	PRIME: 136759815150493740654140208079
###### EXPERIMENT DETAILS ######

[2024-02-25 18:05:03,022] INFO - NUMBER OF ITERATIONS IN ONE TRAINING EPOCH: 3125

[2024-02-25 18:06:38,722] INFO - epoch: 1/500, iteration: 1/3125, loss: 1.20484537302288
[2024-02-25 18:08:52,969] INFO - epoch: 1/500, iteration: 2/3125, loss: 1.1086465887564718
[2024-02-25 18:11:17,131] INFO - epoch: 1/500, iteration: 3/3125, loss: 1.0631646624986808
[2024-02-25 18:13:48,501] INFO - epoch: 1/500, iteration: 4/3125, loss: 0.9812487692941352
[2024-02-25 18:16:22,372] INFO - epoch: 1/500, iteration: 5/3125, loss: 0.9485045600738752
[2024-02-25 18:18:59,528] INFO - epoch: 1/500, iteration: 6/3125, loss: 0.9351637101661021
[2024-02-25 18:21:39,884] INFO - epoch: 1/500, iteration: 7/3125, loss: 0.9956538903685834
[2024-02-25 18:24:19,371] INFO - epoch: 1/500, iteration: 8/3125, loss: 0.8768398526000251
[2024-02-25 18:27:03,848] INFO - epoch: 1/500, iteration: 9/3125, loss: 0.9522961427587924
[2024-02-25 18:29:46,225] INFO - epoch: 1/500, iteration: 10/3125, loss: 0.9813191907313139
[2024-02-25 18:32:29,460] INFO - epoch: 1/500, iteration: 11/3125, loss: 0.9403856411978766
[2024-02-25 18:35:10,451] INFO - epoch: 1/500, iteration: 12/3125, loss: 0.9395467132909039
[2024-02-25 18:37:52,954] INFO - epoch: 1/500, iteration: 13/3125, loss: 0.984025443027683
[2024-02-25 18:40:36,633] INFO - epoch: 1/500, iteration: 14/3125, loss: 0.9026827917445495
[2024-02-25 18:43:23,101] INFO - epoch: 1/500, iteration: 15/3125, loss: 0.9758168661589592
[2024-02-25 18:46:04,162] INFO - epoch: 1/500, iteration: 16/3125, loss: 0.8408753361859755
[2024-02-25 18:48:46,684] INFO - epoch: 1/500, iteration: 17/3125, loss: 0.9613627856276254
[2024-02-25 18:51:29,559] INFO - epoch: 1/500, iteration: 18/3125, loss: 0.9205515800208393
[2024-02-25 18:54:11,714] INFO - epoch: 1/500, iteration: 19/3125, loss: 0.894484490063165
[2024-02-25 18:56:55,844] INFO - epoch: 1/500, iteration: 20/3125, loss: 0.8688442883745606
[2024-02-25 18:59:39,341] INFO - epoch: 1/500, iteration: 21/3125, loss: 0.99113883634171
[2024-02-25 19:02:24,072] INFO - epoch: 1/500, iteration: 22/3125, loss: 0.8924568309292877
[2024-02-25 19:05:09,577] INFO - epoch: 1/500, iteration: 23/3125, loss: 0.9133143842560575
[2024-02-25 19:07:53,777] INFO - epoch: 1/500, iteration: 24/3125, loss: 0.8287905374509468
[2024-02-25 19:10:39,995] INFO - epoch: 1/500, iteration: 25/3125, loss: 0.8700346725647632
[2024-02-25 19:13:25,004] INFO - epoch: 1/500, iteration: 26/3125, loss: 0.9156369907377958
[2024-02-25 19:16:09,908] INFO - epoch: 1/500, iteration: 27/3125, loss: 0.9324216050342757
[2024-02-25 19:18:51,636] INFO - epoch: 1/500, iteration: 28/3125, loss: 0.8424148357177654
[2024-02-25 19:21:34,229] INFO - epoch: 1/500, iteration: 29/3125, loss: 0.8419962680482127
[2024-02-25 19:24:20,108] INFO - epoch: 1/500, iteration: 30/3125, loss: 0.9385137244984114
[2024-02-25 19:27:04,252] INFO - epoch: 1/500, iteration: 31/3125, loss: 0.9253854467999889
[2024-02-25 19:29:48,602] INFO - epoch: 1/500, iteration: 32/3125, loss: 0.8538449002073256
[2024-02-25 19:32:33,937] INFO - epoch: 1/500, iteration: 33/3125, loss: 0.9158315711771512
[2024-02-25 19:35:20,324] INFO - epoch: 1/500, iteration: 34/3125, loss: 1.0094398434864278
[2024-02-25 19:38:09,332] INFO - epoch: 1/500, iteration: 35/3125, loss: 0.9309238694697665
[2024-02-25 19:40:52,239] INFO - epoch: 1/500, iteration: 36/3125, loss: 0.8767534118167969
[2024-02-25 19:43:36,270] INFO - epoch: 1/500, iteration: 37/3125, loss: 0.8819015113558918
[2024-02-25 19:46:20,144] INFO - epoch: 1/500, iteration: 38/3125, loss: 0.96377924144778
[2024-02-25 19:49:01,875] INFO - epoch: 1/500, iteration: 39/3125, loss: 0.8621345383907568
[2024-02-25 19:51:44,960] INFO - epoch: 1/500, iteration: 40/3125, loss: 0.8732381303597032
[2024-02-25 19:54:31,289] INFO - epoch: 1/500, iteration: 41/3125, loss: 0.9535475845558291
[2024-02-25 19:57:13,256] INFO - epoch: 1/500, iteration: 42/3125, loss: 0.9115227138034409
[2024-02-25 19:59:55,414] INFO - epoch: 1/500, iteration: 43/3125, loss: 0.8901466023067631
[2024-02-25 20:02:40,943] INFO - epoch: 1/500, iteration: 44/3125, loss: 0.8780382799672356
[2024-02-25 20:05:25,892] INFO - epoch: 1/500, iteration: 45/3125, loss: 0.9340491609293559
[2024-02-25 20:08:08,336] INFO - epoch: 1/500, iteration: 46/3125, loss: 0.8665559004641817
[2024-02-25 20:10:50,950] INFO - epoch: 1/500, iteration: 47/3125, loss: 0.898921138321287
[2024-02-25 20:13:42,396] INFO - epoch: 1/500, iteration: 48/3125, loss: 0.8489039055519607
[2024-02-25 20:16:25,714] INFO - epoch: 1/500, iteration: 49/3125, loss: 0.9844562846242764
[2024-02-25 20:19:12,189] INFO - epoch: 1/500, iteration: 50/3125, loss: 1.0292837378553776
[2024-02-25 20:21:55,489] INFO - epoch: 1/500, iteration: 51/3125, loss: 0.8576692849150371
[2024-02-25 20:24:37,033] INFO - epoch: 1/500, iteration: 52/3125, loss: 1.0045767006659083
[2024-02-25 20:27:20,767] INFO - epoch: 1/500, iteration: 53/3125, loss: 0.9155391761461843
[2024-02-25 20:30:07,712] INFO - epoch: 1/500, iteration: 54/3125, loss: 0.9336691752792956
[2024-02-25 20:32:52,350] INFO - epoch: 1/500, iteration: 55/3125, loss: 0.8973769192002274
[2024-02-25 20:35:35,536] INFO - epoch: 1/500, iteration: 56/3125, loss: 0.8628841895616501
[2024-02-25 20:38:17,144] INFO - epoch: 1/500, iteration: 57/3125, loss: 0.9332241507449298
[2024-02-25 20:41:00,384] INFO - epoch: 1/500, iteration: 58/3125, loss: 0.9304522813814962
[2024-02-25 20:43:42,787] INFO - epoch: 1/500, iteration: 59/3125, loss: 0.8750073781802915
[2024-02-25 20:46:29,302] INFO - epoch: 1/500, iteration: 60/3125, loss: 0.9171333012716849
[2024-02-25 20:49:12,577] INFO - epoch: 1/500, iteration: 61/3125, loss: 0.8728059255034786
[2024-02-25 20:51:56,654] INFO - epoch: 1/500, iteration: 62/3125, loss: 0.8962454924310688
[2024-02-25 20:54:37,583] INFO - epoch: 1/500, iteration: 63/3125, loss: 0.9161577541608357
[2024-02-25 20:57:21,281] INFO - epoch: 1/500, iteration: 64/3125, loss: 0.8729623932867744
[2024-02-25 21:00:03,977] INFO - epoch: 1/500, iteration: 65/3125, loss: 0.8872045639763632
[2024-02-25 21:02:43,327] INFO - epoch: 1/500, iteration: 66/3125, loss: 0.9385633427466785
[2024-02-25 21:05:25,025] INFO - epoch: 1/500, iteration: 67/3125, loss: 0.8458613329586749
[2024-02-25 21:08:07,588] INFO - epoch: 1/500, iteration: 68/3125, loss: 0.8917655535091709
[2024-02-25 21:10:53,415] INFO - epoch: 1/500, iteration: 69/3125, loss: 0.8825497221311723
[2024-02-25 21:13:36,019] INFO - epoch: 1/500, iteration: 70/3125, loss: 0.8893084667405015
[2024-02-25 21:16:18,459] INFO - epoch: 1/500, iteration: 71/3125, loss: 0.9472797799967402
[2024-02-25 21:19:01,419] INFO - epoch: 1/500, iteration: 72/3125, loss: 0.8652339420694038
[2024-02-25 21:21:43,141] INFO - epoch: 1/500, iteration: 73/3125, loss: 0.9307697636026016
[2024-02-25 21:24:26,173] INFO - epoch: 1/500, iteration: 74/3125, loss: 0.8790913994832055
[2024-02-25 21:27:09,282] INFO - epoch: 1/500, iteration: 75/3125, loss: 0.8837514131474153
[2024-02-25 21:29:52,622] INFO - epoch: 1/500, iteration: 76/3125, loss: 0.7716195506133278
[2024-02-25 21:32:35,072] INFO - epoch: 1/500, iteration: 77/3125, loss: 0.9241413166587109
[2024-02-25 21:35:17,616] INFO - epoch: 1/500, iteration: 78/3125, loss: 0.8874531898178899
[2024-02-25 21:38:05,745] INFO - epoch: 1/500, iteration: 79/3125, loss: 0.81108212241137
[2024-02-25 21:40:48,146] INFO - epoch: 1/500, iteration: 80/3125, loss: 0.9132238061657547
[2024-02-25 21:43:31,342] INFO - epoch: 1/500, iteration: 81/3125, loss: 0.8937712301709845
[2024-02-25 21:46:13,857] INFO - epoch: 1/500, iteration: 82/3125, loss: 0.9002896472598249
[2024-02-25 21:48:56,489] INFO - epoch: 1/500, iteration: 83/3125, loss: 0.8402634932179003
[2024-02-25 21:51:41,599] INFO - epoch: 1/500, iteration: 84/3125, loss: 0.8588396926812666
[2024-02-25 21:54:26,237] INFO - epoch: 1/500, iteration: 85/3125, loss: 0.9311110466168216
[2024-02-25 21:57:09,377] INFO - epoch: 1/500, iteration: 86/3125, loss: 0.9032968098890132
[2024-02-25 21:59:53,939] INFO - epoch: 1/500, iteration: 87/3125, loss: 0.8386211534334763
[2024-02-25 22:02:36,473] INFO - epoch: 1/500, iteration: 88/3125, loss: 0.8625149876033449
[2024-02-25 22:05:18,067] INFO - epoch: 1/500, iteration: 89/3125, loss: 0.9094915202295116
[2024-02-25 22:07:59,165] INFO - epoch: 1/500, iteration: 90/3125, loss: 0.7746983397464731
[2024-02-25 22:10:40,989] INFO - epoch: 1/500, iteration: 91/3125, loss: 0.909626590350764
[2024-02-25 22:13:25,403] INFO - epoch: 1/500, iteration: 92/3125, loss: 0.9043306442153664
[2024-02-25 22:16:09,670] INFO - epoch: 1/500, iteration: 93/3125, loss: 0.8597724900512189
[2024-02-25 22:18:51,648] INFO - epoch: 1/500, iteration: 94/3125, loss: 0.9358842954631397
[2024-02-25 22:21:33,564] INFO - epoch: 1/500, iteration: 95/3125, loss: 0.8908118946422975
[2024-02-25 22:24:16,195] INFO - epoch: 1/500, iteration: 96/3125, loss: 0.9529237177677853
[2024-02-25 22:26:56,967] INFO - epoch: 1/500, iteration: 97/3125, loss: 0.8650374811219292
[2024-02-25 22:29:45,100] INFO - epoch: 1/500, iteration: 98/3125, loss: 0.8901805083447312
[2024-02-25 22:32:29,234] INFO - epoch: 1/500, iteration: 99/3125, loss: 0.9101072314742935
[2024-02-25 22:35:16,266] INFO - epoch: 1/500, iteration: 100/3125, loss: 0.8033128162479202
[2024-02-25 22:37:58,628] INFO - epoch: 1/500, iteration: 101/3125, loss: 0.8418343801352522
[2024-02-25 22:40:42,291] INFO - epoch: 1/500, iteration: 102/3125, loss: 0.8335891252582035
[2024-02-25 22:43:25,232] INFO - epoch: 1/500, iteration: 103/3125, loss: 0.7952820492721673
[2024-02-25 22:46:06,986] INFO - epoch: 1/500, iteration: 104/3125, loss: 0.9079793903211258
[2024-02-25 22:48:55,034] INFO - epoch: 1/500, iteration: 105/3125, loss: 0.8686453708962457
[2024-02-25 22:51:40,522] INFO - epoch: 1/500, iteration: 106/3125, loss: 0.9029189883094343
[2024-02-25 22:54:31,377] INFO - epoch: 1/500, iteration: 107/3125, loss: 0.8576237017653463
[2024-02-25 22:57:15,417] INFO - epoch: 1/500, iteration: 108/3125, loss: 0.8755325684632616
[2024-02-25 22:59:57,403] INFO - epoch: 1/500, iteration: 109/3125, loss: 0.8788104233323838
[2024-02-25 23:02:40,932] INFO - epoch: 1/500, iteration: 110/3125, loss: 0.8750854413188462
[2024-02-25 23:05:23,797] INFO - epoch: 1/500, iteration: 111/3125, loss: 0.8606003387122313
[2024-02-25 23:08:09,364] INFO - epoch: 1/500, iteration: 112/3125, loss: 0.988751360049062
[2024-02-25 23:10:51,687] INFO - epoch: 1/500, iteration: 113/3125, loss: 0.8218037778298362
[2024-02-25 23:13:34,929] INFO - epoch: 1/500, iteration: 114/3125, loss: 0.8824472869908528
[2024-02-25 23:16:18,601] INFO - epoch: 1/500, iteration: 115/3125, loss: 0.873449914556871
[2024-02-25 23:19:01,798] INFO - epoch: 1/500, iteration: 116/3125, loss: 0.8951373277997018
[2024-02-25 23:21:48,094] INFO - epoch: 1/500, iteration: 117/3125, loss: 0.8683074046511432
[2024-02-25 23:24:31,987] INFO - epoch: 1/500, iteration: 118/3125, loss: 0.8555892632964335
[2024-02-25 23:27:17,720] INFO - epoch: 1/500, iteration: 119/3125, loss: 0.847957521416338
[2024-02-25 23:30:00,934] INFO - epoch: 1/500, iteration: 120/3125, loss: 0.8635322338436747
[2024-02-25 23:32:43,740] INFO - epoch: 1/500, iteration: 121/3125, loss: 0.8924364706881104
[2024-02-25 23:35:27,457] INFO - epoch: 1/500, iteration: 122/3125, loss: 0.9682686372780976
[2024-02-25 23:38:09,994] INFO - epoch: 1/500, iteration: 123/3125, loss: 0.8343568223803237
[2024-02-25 23:40:52,299] INFO - epoch: 1/500, iteration: 124/3125, loss: 0.9248844432413652
[2024-02-25 23:43:35,919] INFO - epoch: 1/500, iteration: 125/3125, loss: 0.881174179429297
[2024-02-25 23:46:20,171] INFO - epoch: 1/500, iteration: 126/3125, loss: 0.9553589085839423
[2024-02-25 23:49:05,965] INFO - epoch: 1/500, iteration: 127/3125, loss: 0.8639843625780647
[2024-02-25 23:51:48,321] INFO - epoch: 1/500, iteration: 128/3125, loss: 0.9002180551222586
[2024-02-25 23:54:36,345] INFO - epoch: 1/500, iteration: 129/3125, loss: 0.89629034980171
[2024-02-25 23:57:19,392] INFO - epoch: 1/500, iteration: 130/3125, loss: 0.9173594357100922
[2024-02-26 00:00:02,195] INFO - epoch: 1/500, iteration: 131/3125, loss: 0.8603048974008576
[2024-02-26 00:02:43,925] INFO - epoch: 1/500, iteration: 132/3125, loss: 0.850015721225598
[2024-02-26 00:05:27,899] INFO - epoch: 1/500, iteration: 133/3125, loss: 0.9064377719505429
[2024-02-26 00:08:11,139] INFO - epoch: 1/500, iteration: 134/3125, loss: 0.8473176077407087
[2024-02-26 00:11:04,876] INFO - epoch: 1/500, iteration: 135/3125, loss: 0.8534128907941015
[2024-02-26 00:13:50,554] INFO - epoch: 1/500, iteration: 136/3125, loss: 0.8443580534220325
[2024-02-26 00:16:29,980] INFO - epoch: 1/500, iteration: 137/3125, loss: 0.8595661328058766
[2024-02-26 00:19:12,437] INFO - epoch: 1/500, iteration: 138/3125, loss: 0.9029281514996295
[2024-02-26 00:21:55,727] INFO - epoch: 1/500, iteration: 139/3125, loss: 0.845747529331675
[2024-02-26 00:24:38,358] INFO - epoch: 1/500, iteration: 140/3125, loss: 0.8931376862257949
[2024-02-26 00:27:25,452] INFO - epoch: 1/500, iteration: 141/3125, loss: 0.9029411599412052
[2024-02-26 00:30:09,339] INFO - epoch: 1/500, iteration: 142/3125, loss: 0.8965783982595025
[2024-02-26 00:32:54,798] INFO - epoch: 1/500, iteration: 143/3125, loss: 0.9117381237675416
[2024-02-26 00:35:41,809] INFO - epoch: 1/500, iteration: 144/3125, loss: 0.8638923882297836
[2024-02-26 00:38:28,192] INFO - epoch: 1/500, iteration: 145/3125, loss: 0.9040813112109645
[2024-02-26 00:41:14,806] INFO - epoch: 1/500, iteration: 146/3125, loss: 0.8258778104969839
[2024-02-26 00:43:57,829] INFO - epoch: 1/500, iteration: 147/3125, loss: 0.8941449580442141
[2024-02-26 00:46:40,955] INFO - epoch: 1/500, iteration: 148/3125, loss: 0.8592705531972391
[2024-02-26 00:49:29,687] INFO - epoch: 1/500, iteration: 149/3125, loss: 0.8399389387309233
[2024-02-26 00:52:13,961] INFO - epoch: 1/500, iteration: 150/3125, loss: 0.8948788788684586
[2024-02-26 00:54:56,578] INFO - epoch: 1/500, iteration: 151/3125, loss: 0.8909338437575052
[2024-02-26 00:57:41,892] INFO - epoch: 1/500, iteration: 152/3125, loss: 0.7792157558779231
[2024-02-26 01:00:26,555] INFO - epoch: 1/500, iteration: 153/3125, loss: 0.8437805531348062
[2024-02-26 01:03:10,518] INFO - epoch: 1/500, iteration: 154/3125, loss: 0.8574431084804753
[2024-02-26 01:05:52,860] INFO - epoch: 1/500, iteration: 155/3125, loss: 0.8207454088389113
[2024-02-26 01:08:36,475] INFO - epoch: 1/500, iteration: 156/3125, loss: 0.8762025036598944
[2024-02-26 01:11:24,876] INFO - epoch: 1/500, iteration: 157/3125, loss: 0.9317403113087039
[2024-02-26 01:14:09,669] INFO - epoch: 1/500, iteration: 158/3125, loss: 0.8665333400970967
[2024-02-26 01:16:58,498] INFO - epoch: 1/500, iteration: 159/3125, loss: 0.8481140491192127
[2024-02-26 01:19:41,720] INFO - epoch: 1/500, iteration: 160/3125, loss: 0.9207494568609105
[2024-02-26 01:22:30,189] INFO - epoch: 1/500, iteration: 161/3125, loss: 0.921827238139454
[2024-02-26 01:25:17,597] INFO - epoch: 1/500, iteration: 162/3125, loss: 0.8626011155785256
[2024-02-26 01:28:01,282] INFO - epoch: 1/500, iteration: 163/3125, loss: 0.8420564890170023
[2024-02-26 01:30:43,404] INFO - epoch: 1/500, iteration: 164/3125, loss: 0.9193852841836166
[2024-02-26 01:33:29,418] INFO - epoch: 1/500, iteration: 165/3125, loss: 0.8517899552683372
[2024-02-26 01:36:08,766] INFO - epoch: 1/500, iteration: 166/3125, loss: 0.8602740979310599
[2024-02-26 01:38:52,394] INFO - epoch: 1/500, iteration: 167/3125, loss: 0.8720446283452608
[2024-02-26 01:41:37,321] INFO - epoch: 1/500, iteration: 168/3125, loss: 0.9185316475061516
[2024-02-26 01:44:21,104] INFO - epoch: 1/500, iteration: 169/3125, loss: 0.8597689818547825
[2024-02-26 01:47:05,201] INFO - epoch: 1/500, iteration: 170/3125, loss: 0.8017009244304353
[2024-02-26 01:49:48,415] INFO - epoch: 1/500, iteration: 171/3125, loss: 0.8623044201924678
[2024-02-26 01:52:36,494] INFO - epoch: 1/500, iteration: 172/3125, loss: 0.9149406481393778
[2024-02-26 01:55:23,856] INFO - epoch: 1/500, iteration: 173/3125, loss: 0.8988636881924429
[2024-02-26 01:58:07,821] INFO - epoch: 1/500, iteration: 174/3125, loss: 0.8913002403672167
[2024-02-26 02:00:54,437] INFO - epoch: 1/500, iteration: 175/3125, loss: 0.8655046443017023
[2024-02-26 02:03:37,988] INFO - epoch: 1/500, iteration: 176/3125, loss: 0.8650291640988271
[2024-02-26 02:06:17,855] INFO - epoch: 1/500, iteration: 177/3125, loss: 0.8172361106878975
[2024-02-26 02:09:01,023] INFO - epoch: 1/500, iteration: 178/3125, loss: 0.8020472027263611
[2024-02-26 02:11:46,756] INFO - epoch: 1/500, iteration: 179/3125, loss: 0.8483220970391281
[2024-02-26 02:14:30,419] INFO - epoch: 1/500, iteration: 180/3125, loss: 0.9418638891906019
[2024-02-26 02:17:11,000] INFO - epoch: 1/500, iteration: 181/3125, loss: 0.8121911111097524
[2024-02-26 02:19:56,688] INFO - epoch: 1/500, iteration: 182/3125, loss: 0.9412840553713144
[2024-02-26 02:22:40,320] INFO - epoch: 1/500, iteration: 183/3125, loss: 0.8845746462894272
[2024-02-26 02:25:21,528] INFO - epoch: 1/500, iteration: 184/3125, loss: 0.8181457280161383
[2024-02-26 02:28:03,875] INFO - epoch: 1/500, iteration: 185/3125, loss: 0.8990632784146599
[2024-02-26 02:30:46,616] INFO - epoch: 1/500, iteration: 186/3125, loss: 0.8209571000348119
[2024-02-26 02:33:31,725] INFO - epoch: 1/500, iteration: 187/3125, loss: 0.8415885619004677
[2024-02-26 02:36:14,421] INFO - epoch: 1/500, iteration: 188/3125, loss: 0.9745203657223586
[2024-02-26 02:39:00,548] INFO - epoch: 1/500, iteration: 189/3125, loss: 0.903601912076354
[2024-02-26 02:41:43,615] INFO - epoch: 1/500, iteration: 190/3125, loss: 0.9268795408115581
[2024-02-26 02:44:28,132] INFO - epoch: 1/500, iteration: 191/3125, loss: 0.8629161118698601
[2024-02-26 02:47:12,081] INFO - epoch: 1/500, iteration: 192/3125, loss: 0.8405293537784895
[2024-02-26 02:49:53,902] INFO - epoch: 1/500, iteration: 193/3125, loss: 0.8459141479942128
[2024-02-26 02:52:37,627] INFO - epoch: 1/500, iteration: 194/3125, loss: 0.864280700569246
[2024-02-26 02:55:19,691] INFO - epoch: 1/500, iteration: 195/3125, loss: 0.8688383784327495
[2024-02-26 02:58:05,819] INFO - epoch: 1/500, iteration: 196/3125, loss: 0.854645573785041
[2024-02-26 03:00:49,859] INFO - epoch: 1/500, iteration: 197/3125, loss: 0.869988068514876
[2024-02-26 03:03:30,963] INFO - epoch: 1/500, iteration: 198/3125, loss: 0.8829159064716229
[2024-02-26 03:06:14,618] INFO - epoch: 1/500, iteration: 199/3125, loss: 0.8617566116167847
[2024-02-26 03:08:58,780] INFO - epoch: 1/500, iteration: 200/3125, loss: 0.8562202973133819
[2024-02-26 03:11:45,784] INFO - epoch: 1/500, iteration: 201/3125, loss: 0.8864042781113355
[2024-02-26 03:14:31,418] INFO - epoch: 1/500, iteration: 202/3125, loss: 0.8106795937544246
[2024-02-26 03:17:16,174] INFO - epoch: 1/500, iteration: 203/3125, loss: 0.8789297636660021
[2024-02-26 03:20:00,746] INFO - epoch: 1/500, iteration: 204/3125, loss: 0.9629522573453109
[2024-02-26 03:22:45,945] INFO - epoch: 1/500, iteration: 205/3125, loss: 0.8893370599035202
[2024-02-26 03:25:29,374] INFO - epoch: 1/500, iteration: 206/3125, loss: 0.824156841405869
[2024-02-26 03:28:19,207] INFO - epoch: 1/500, iteration: 207/3125, loss: 0.8337545356138326
[2024-02-26 03:31:07,619] INFO - epoch: 1/500, iteration: 208/3125, loss: 0.8462129366242441
[2024-02-26 03:33:51,427] INFO - epoch: 1/500, iteration: 209/3125, loss: 0.851469090091206
[2024-02-26 03:36:35,123] INFO - epoch: 1/500, iteration: 210/3125, loss: 0.8359605870635375
[2024-02-26 03:39:20,830] INFO - epoch: 1/500, iteration: 211/3125, loss: 0.8524690929428631
[2024-02-26 03:42:07,793] INFO - epoch: 1/500, iteration: 212/3125, loss: 0.8592321710430866
[2024-02-26 03:44:54,730] INFO - epoch: 1/500, iteration: 213/3125, loss: 0.8843996314120234
[2024-02-26 03:47:41,075] INFO - epoch: 1/500, iteration: 214/3125, loss: 0.8835049384610516
[2024-02-26 03:50:25,569] INFO - epoch: 1/500, iteration: 215/3125, loss: 0.8884171673725125
[2024-02-26 03:53:08,660] INFO - epoch: 1/500, iteration: 216/3125, loss: 0.8674136336988535
[2024-02-26 03:55:48,597] INFO - epoch: 1/500, iteration: 217/3125, loss: 0.8682147849960982
[2024-02-26 03:58:32,330] INFO - epoch: 1/500, iteration: 218/3125, loss: 0.853219824951229
[2024-02-26 04:01:21,978] INFO - epoch: 1/500, iteration: 219/3125, loss: 0.820180170485585
[2024-02-26 04:04:04,055] INFO - epoch: 1/500, iteration: 220/3125, loss: 0.8123239490757101
[2024-02-26 04:06:48,021] INFO - epoch: 1/500, iteration: 221/3125, loss: 0.8349143343154372
[2024-02-26 04:09:31,457] INFO - epoch: 1/500, iteration: 222/3125, loss: 0.908921955753001
[2024-02-26 04:12:21,819] INFO - epoch: 1/500, iteration: 223/3125, loss: 0.7836776140838609
[2024-02-26 04:15:06,113] INFO - epoch: 1/500, iteration: 224/3125, loss: 0.8848922236905633
[2024-02-26 04:17:50,659] INFO - epoch: 1/500, iteration: 225/3125, loss: 0.8724827370261152
[2024-02-26 04:20:35,722] INFO - epoch: 1/500, iteration: 226/3125, loss: 0.8615819672616093
[2024-02-26 04:23:18,590] INFO - epoch: 1/500, iteration: 227/3125, loss: 0.8657256601572896
[2024-02-26 04:26:03,549] INFO - epoch: 1/500, iteration: 228/3125, loss: 0.8508552735422364
[2024-02-26 04:28:51,553] INFO - epoch: 1/500, iteration: 229/3125, loss: 0.8883861154203538
[2024-02-26 04:31:35,535] INFO - epoch: 1/500, iteration: 230/3125, loss: 0.8364093685772345
[2024-02-26 04:34:28,989] INFO - epoch: 1/500, iteration: 231/3125, loss: 0.8539857150370808
[2024-02-26 04:37:12,615] INFO - epoch: 1/500, iteration: 232/3125, loss: 0.7751817565746245
[2024-02-26 04:39:56,502] INFO - epoch: 1/500, iteration: 233/3125, loss: 0.7993507032170543
[2024-02-26 04:42:40,837] INFO - epoch: 1/500, iteration: 234/3125, loss: 0.817243726215501
[2024-02-26 04:45:23,672] INFO - epoch: 1/500, iteration: 235/3125, loss: 0.8726808234506643
[2024-02-26 04:48:08,340] INFO - epoch: 1/500, iteration: 236/3125, loss: 0.8353485408964142
[2024-02-26 04:50:51,615] INFO - epoch: 1/500, iteration: 237/3125, loss: 0.8646384883838721
[2024-02-26 04:53:32,516] INFO - epoch: 1/500, iteration: 238/3125, loss: 0.8706334416037117
[2024-02-26 04:56:15,573] INFO - epoch: 1/500, iteration: 239/3125, loss: 0.8603734554540765
[2024-02-26 04:59:03,145] INFO - epoch: 1/500, iteration: 240/3125, loss: 0.8558402560000182
[2024-02-26 05:01:47,476] INFO - epoch: 1/500, iteration: 241/3125, loss: 0.9293290505001315
[2024-02-26 05:04:30,319] INFO - epoch: 1/500, iteration: 242/3125, loss: 0.8090547940431457
[2024-02-26 05:07:13,979] INFO - epoch: 1/500, iteration: 243/3125, loss: 0.9132672892227054
[2024-02-26 05:10:07,247] INFO - epoch: 1/500, iteration: 244/3125, loss: 0.9082589049160563
[2024-02-26 05:12:51,885] INFO - epoch: 1/500, iteration: 245/3125, loss: 0.8386861729943266
[2024-02-26 05:15:33,869] INFO - epoch: 1/500, iteration: 246/3125, loss: 0.9008868072009949
[2024-02-26 05:18:15,251] INFO - epoch: 1/500, iteration: 247/3125, loss: 0.862323053412399
[2024-02-26 05:20:58,725] INFO - epoch: 1/500, iteration: 248/3125, loss: 0.875117919254686
[2024-02-26 05:23:42,854] INFO - epoch: 1/500, iteration: 249/3125, loss: 0.8505507568157028
[2024-02-26 05:26:23,918] INFO - epoch: 1/500, iteration: 250/3125, loss: 0.8677720698981765
[2024-02-26 05:29:05,935] INFO - epoch: 1/500, iteration: 251/3125, loss: 0.8552343145412755
[2024-02-26 05:31:49,829] INFO - epoch: 1/500, iteration: 252/3125, loss: 0.8241837772338395
[2024-02-26 05:34:35,278] INFO - epoch: 1/500, iteration: 253/3125, loss: 0.8018023285420836
[2024-02-26 05:37:19,880] INFO - epoch: 1/500, iteration: 254/3125, loss: 0.8733807402640938
[2024-02-26 05:40:03,086] INFO - epoch: 1/500, iteration: 255/3125, loss: 0.8790787206160201
[2024-02-26 05:42:46,699] INFO - epoch: 1/500, iteration: 256/3125, loss: 0.9147388639409273
[2024-02-26 05:45:36,629] INFO - epoch: 1/500, iteration: 257/3125, loss: 0.8770663072648353
[2024-02-26 05:48:19,862] INFO - epoch: 1/500, iteration: 258/3125, loss: 0.9327627621016249
[2024-02-26 05:51:07,331] INFO - epoch: 1/500, iteration: 259/3125, loss: 0.856637497029665
[2024-02-26 05:53:52,216] INFO - epoch: 1/500, iteration: 260/3125, loss: 0.785464739074183
[2024-02-26 05:56:37,300] INFO - epoch: 1/500, iteration: 261/3125, loss: 0.8785495849286313
[2024-02-26 05:59:22,793] INFO - epoch: 1/500, iteration: 262/3125, loss: 0.939258671882151
[2024-02-26 06:02:04,362] INFO - epoch: 1/500, iteration: 263/3125, loss: 0.7726695395648693
[2024-02-26 06:04:46,483] INFO - epoch: 1/500, iteration: 264/3125, loss: 0.8507545351791481
[2024-02-26 06:07:31,580] INFO - epoch: 1/500, iteration: 265/3125, loss: 0.8100345004434044
[2024-02-26 06:10:14,604] INFO - epoch: 1/500, iteration: 266/3125, loss: 0.8632519210606794
[2024-02-26 06:12:57,526] INFO - epoch: 1/500, iteration: 267/3125, loss: 0.8384540314518985
[2024-02-26 06:15:40,723] INFO - epoch: 1/500, iteration: 268/3125, loss: 0.843733586870513
[2024-02-26 06:18:23,306] INFO - epoch: 1/500, iteration: 269/3125, loss: 0.8193490514353631
[2024-02-26 06:21:07,685] INFO - epoch: 1/500, iteration: 270/3125, loss: 0.8423666668743163
[2024-02-26 06:23:52,764] INFO - epoch: 1/500, iteration: 271/3125, loss: 0.8608294939332737
[2024-02-26 06:26:35,869] INFO - epoch: 1/500, iteration: 272/3125, loss: 0.8356780004735747
[2024-02-26 06:29:20,406] INFO - epoch: 1/500, iteration: 273/3125, loss: 0.8329427930701836
[2024-02-26 06:32:04,546] INFO - epoch: 1/500, iteration: 274/3125, loss: 0.8788013512382452
[2024-02-26 06:34:54,493] INFO - epoch: 1/500, iteration: 275/3125, loss: 0.8671557937647619
[2024-02-26 06:37:38,141] INFO - epoch: 1/500, iteration: 276/3125, loss: 0.8414832038521232
[2024-02-26 06:40:20,915] INFO - epoch: 1/500, iteration: 277/3125, loss: 0.8824580399100418
[2024-02-26 06:43:05,218] INFO - epoch: 1/500, iteration: 278/3125, loss: 0.8895276121086486
[2024-02-26 06:45:47,966] INFO - epoch: 1/500, iteration: 279/3125, loss: 0.840244009377419
[2024-02-26 06:48:30,943] INFO - epoch: 1/500, iteration: 280/3125, loss: 0.8150939064689131
[2024-02-26 06:51:16,952] INFO - epoch: 1/500, iteration: 281/3125, loss: 0.8864628270853867
[2024-02-26 06:54:01,935] INFO - epoch: 1/500, iteration: 282/3125, loss: 0.9522323084750578
[2024-02-26 06:56:49,006] INFO - epoch: 1/500, iteration: 283/3125, loss: 0.8557439491082891
[2024-02-26 06:59:32,369] INFO - epoch: 1/500, iteration: 284/3125, loss: 0.8446740561907763
[2024-02-26 07:02:14,602] INFO - epoch: 1/500, iteration: 285/3125, loss: 0.8319720643826273
[2024-02-26 07:05:02,986] INFO - epoch: 1/500, iteration: 286/3125, loss: 0.7866279416304754
[2024-02-26 07:07:45,778] INFO - epoch: 1/500, iteration: 287/3125, loss: 0.85804234088326
[2024-02-26 07:10:30,969] INFO - epoch: 1/500, iteration: 288/3125, loss: 0.8142942892959316
[2024-02-26 07:13:16,473] INFO - epoch: 1/500, iteration: 289/3125, loss: 0.7898271354042595
[2024-02-26 07:15:58,475] INFO - epoch: 1/500, iteration: 290/3125, loss: 0.8451180302318483
[2024-02-26 07:18:46,115] INFO - epoch: 1/500, iteration: 291/3125, loss: 0.8626607608133053
[2024-02-26 07:21:32,430] INFO - epoch: 1/500, iteration: 292/3125, loss: 0.840973968861999
[2024-02-26 07:24:14,357] INFO - epoch: 1/500, iteration: 293/3125, loss: 0.8570953604137087
[2024-02-26 07:26:58,141] INFO - epoch: 1/500, iteration: 294/3125, loss: 0.8247310342943469
[2024-02-26 07:29:43,109] INFO - epoch: 1/500, iteration: 295/3125, loss: 0.8419868136604353
[2024-02-26 07:32:26,513] INFO - epoch: 1/500, iteration: 296/3125, loss: 0.8176412237318913
[2024-02-26 07:35:10,682] INFO - epoch: 1/500, iteration: 297/3125, loss: 0.8385435470712462
[2024-02-26 07:37:55,907] INFO - epoch: 1/500, iteration: 298/3125, loss: 0.7768795355121747
[2024-02-26 07:40:40,528] INFO - epoch: 1/500, iteration: 299/3125, loss: 0.8390907242994923
[2024-02-26 07:43:23,845] INFO - epoch: 1/500, iteration: 300/3125, loss: 0.8600217263438765
[2024-02-26 07:46:12,891] INFO - epoch: 1/500, iteration: 301/3125, loss: 0.812168110719506
[2024-02-26 07:48:58,366] INFO - epoch: 1/500, iteration: 302/3125, loss: 0.800740293807759
[2024-02-26 07:51:42,493] INFO - epoch: 1/500, iteration: 303/3125, loss: 0.9718216605289824
[2024-02-26 07:54:26,236] INFO - epoch: 1/500, iteration: 304/3125, loss: 0.7734818113449865
[2024-02-26 07:57:09,785] INFO - epoch: 1/500, iteration: 305/3125, loss: 0.8531612607202104
[2024-02-26 07:59:55,314] INFO - epoch: 1/500, iteration: 306/3125, loss: 0.7860402590249472
[2024-02-26 08:02:40,392] INFO - epoch: 1/500, iteration: 307/3125, loss: 0.8760127864955227
[2024-02-26 08:05:29,723] INFO - epoch: 1/500, iteration: 308/3125, loss: 0.8034468617945355
[2024-02-26 08:08:13,168] INFO - epoch: 1/500, iteration: 309/3125, loss: 0.9024805577218226
[2024-02-26 08:10:58,460] INFO - epoch: 1/500, iteration: 310/3125, loss: 0.8492019250982893
[2024-02-26 08:13:40,177] INFO - epoch: 1/500, iteration: 311/3125, loss: 0.789859693182776
[2024-02-26 08:16:21,841] INFO - epoch: 1/500, iteration: 312/3125, loss: 0.9014119068424299
[2024-02-26 08:19:05,510] INFO - epoch: 1/500, iteration: 313/3125, loss: 0.8438055649572029
[2024-02-26 08:21:48,715] INFO - epoch: 1/500, iteration: 314/3125, loss: 0.879243715578969
[2024-02-26 08:24:32,690] INFO - epoch: 1/500, iteration: 315/3125, loss: 0.7753072502477882
[2024-02-26 08:27:16,100] INFO - epoch: 1/500, iteration: 316/3125, loss: 0.8258125890415358
[2024-02-26 08:29:59,825] INFO - epoch: 1/500, iteration: 317/3125, loss: 0.9122435141346779
[2024-02-26 08:32:45,774] INFO - epoch: 1/500, iteration: 318/3125, loss: 0.831283079003858
[2024-02-26 08:35:28,115] INFO - epoch: 1/500, iteration: 319/3125, loss: 0.8294599992051362
[2024-02-26 08:38:11,004] INFO - epoch: 1/500, iteration: 320/3125, loss: 0.8626437921138259
[2024-02-26 08:40:54,771] INFO - epoch: 1/500, iteration: 321/3125, loss: 0.8993483319524869
[2024-02-26 08:43:37,977] INFO - epoch: 1/500, iteration: 322/3125, loss: 0.8827966998443278
[2024-02-26 08:46:22,909] INFO - epoch: 1/500, iteration: 323/3125, loss: 0.7777568943973429
[2024-02-26 08:49:07,538] INFO - epoch: 1/500, iteration: 324/3125, loss: 0.9066635800621
[2024-02-26 08:51:51,014] INFO - epoch: 1/500, iteration: 325/3125, loss: 0.8772915406398171
[2024-02-26 08:54:34,108] INFO - epoch: 1/500, iteration: 326/3125, loss: 0.7855629274980728
[2024-02-26 08:57:16,362] INFO - epoch: 1/500, iteration: 327/3125, loss: 0.8947482803566794
[2024-02-26 08:59:58,446] INFO - epoch: 1/500, iteration: 328/3125, loss: 0.8622374843681263
[2024-02-26 09:02:42,511] INFO - epoch: 1/500, iteration: 329/3125, loss: 0.9054831678377668
[2024-02-26 09:05:26,450] INFO - epoch: 1/500, iteration: 330/3125, loss: 0.8676785199936896
[2024-02-26 09:08:13,295] INFO - epoch: 1/500, iteration: 331/3125, loss: 0.7801072848189506
[2024-02-26 09:10:57,711] INFO - epoch: 1/500, iteration: 332/3125, loss: 0.815677400009858
[2024-02-26 09:13:40,284] INFO - epoch: 1/500, iteration: 333/3125, loss: 0.8849612224225467
[2024-02-26 09:16:25,484] INFO - epoch: 1/500, iteration: 334/3125, loss: 0.8319853095671607
[2024-02-26 09:19:09,453] INFO - epoch: 1/500, iteration: 335/3125, loss: 0.7561286831035497
[2024-02-26 09:21:51,261] INFO - epoch: 1/500, iteration: 336/3125, loss: 0.860390470609693
[2024-02-26 09:24:35,479] INFO - epoch: 1/500, iteration: 337/3125, loss: 0.8542806823161087
[2024-02-26 09:27:19,380] INFO - epoch: 1/500, iteration: 338/3125, loss: 0.8932344309786698
[2024-02-26 09:30:03,871] INFO - epoch: 1/500, iteration: 339/3125, loss: 0.8669379415961752
[2024-02-26 09:32:46,938] INFO - epoch: 1/500, iteration: 340/3125, loss: 0.8140515051308145
[2024-02-26 09:35:30,688] INFO - epoch: 1/500, iteration: 341/3125, loss: 0.8897482190745186
[2024-02-26 09:38:14,088] INFO - epoch: 1/500, iteration: 342/3125, loss: 0.8576510733124084
[2024-02-26 09:40:57,228] INFO - epoch: 1/500, iteration: 343/3125, loss: 0.8505647192040553
[2024-02-26 09:43:39,681] INFO - epoch: 1/500, iteration: 344/3125, loss: 0.8497530986928014
[2024-02-26 09:46:22,775] INFO - epoch: 1/500, iteration: 345/3125, loss: 0.7919124705816243
[2024-02-26 09:49:06,057] INFO - epoch: 1/500, iteration: 346/3125, loss: 0.845300734267685
[2024-02-26 09:51:54,550] INFO - epoch: 1/500, iteration: 347/3125, loss: 0.918320329848739
[2024-02-26 09:54:44,209] INFO - epoch: 1/500, iteration: 348/3125, loss: 0.8690562735280037
[2024-02-26 09:57:25,891] INFO - epoch: 1/500, iteration: 349/3125, loss: 0.8264565223062195
[2024-02-26 10:00:11,623] INFO - epoch: 1/500, iteration: 350/3125, loss: 0.8218630942373871
[2024-02-26 10:02:57,177] INFO - epoch: 1/500, iteration: 351/3125, loss: 0.7807663007263651
[2024-02-26 10:05:39,332] INFO - epoch: 1/500, iteration: 352/3125, loss: 0.8650650024708523
[2024-02-26 10:08:22,684] INFO - epoch: 1/500, iteration: 353/3125, loss: 0.8357795466761972
[2024-02-26 10:11:08,679] INFO - epoch: 1/500, iteration: 354/3125, loss: 0.8218529922426966
[2024-02-26 10:13:53,348] INFO - epoch: 1/500, iteration: 355/3125, loss: 0.7998733999597785
[2024-02-26 10:16:34,923] INFO - epoch: 1/500, iteration: 356/3125, loss: 0.8083951420338856
[2024-02-26 10:19:15,214] INFO - epoch: 1/500, iteration: 357/3125, loss: 0.8299929730177643
[2024-02-26 10:21:58,169] INFO - epoch: 1/500, iteration: 358/3125, loss: 0.9190617012148645
[2024-02-26 10:24:39,996] INFO - epoch: 1/500, iteration: 359/3125, loss: 0.7979045938175293
[2024-02-26 10:27:22,605] INFO - epoch: 1/500, iteration: 360/3125, loss: 0.8496463797487753
[2024-02-26 10:30:13,035] INFO - epoch: 1/500, iteration: 361/3125, loss: 0.8730510845351582
[2024-02-26 10:32:56,613] INFO - epoch: 1/500, iteration: 362/3125, loss: 0.8893192550117409
[2024-02-26 10:35:41,075] INFO - epoch: 1/500, iteration: 363/3125, loss: 0.8435576320529319
[2024-02-26 10:38:24,798] INFO - epoch: 1/500, iteration: 364/3125, loss: 0.8758343207870427
[2024-02-26 10:41:08,135] INFO - epoch: 1/500, iteration: 365/3125, loss: 0.8251734508098627
[2024-02-26 10:43:50,799] INFO - epoch: 1/500, iteration: 366/3125, loss: 0.8088669721075296
[2024-02-26 10:46:35,111] INFO - epoch: 1/500, iteration: 367/3125, loss: 0.8464753285256518
[2024-02-26 10:49:20,696] INFO - epoch: 1/500, iteration: 368/3125, loss: 0.834433730834483
[2024-02-26 10:52:02,873] INFO - epoch: 1/500, iteration: 369/3125, loss: 0.8232499236882982
[2024-02-26 10:54:46,157] INFO - epoch: 1/500, iteration: 370/3125, loss: 0.8507740709261421
[2024-02-26 10:57:28,209] INFO - epoch: 1/500, iteration: 371/3125, loss: 0.8168772117125601
[2024-02-26 11:00:11,842] INFO - epoch: 1/500, iteration: 372/3125, loss: 0.828722169935991
[2024-02-26 11:03:00,334] INFO - epoch: 1/500, iteration: 373/3125, loss: 0.8279818610674271
[2024-02-26 11:05:45,323] INFO - epoch: 1/500, iteration: 374/3125, loss: 0.828029269969392
[2024-02-26 11:08:27,647] INFO - epoch: 1/500, iteration: 375/3125, loss: 0.7911877191821243
[2024-02-26 11:11:12,791] INFO - epoch: 1/500, iteration: 376/3125, loss: 0.8273013356353226
[2024-02-26 11:13:56,162] INFO - epoch: 1/500, iteration: 377/3125, loss: 0.9010128685052485
[2024-02-26 11:16:38,573] INFO - epoch: 1/500, iteration: 378/3125, loss: 0.8778261623958389
[2024-02-26 11:19:20,866] INFO - epoch: 1/500, iteration: 379/3125, loss: 0.7601033141373649
[2024-02-26 11:22:04,203] INFO - epoch: 1/500, iteration: 380/3125, loss: 0.860401916140739
[2024-02-26 11:24:47,147] INFO - epoch: 1/500, iteration: 381/3125, loss: 0.8043062955328557
[2024-02-26 11:27:28,910] INFO - epoch: 1/500, iteration: 382/3125, loss: 0.8539278657367284
[2024-02-26 11:30:12,180] INFO - epoch: 1/500, iteration: 383/3125, loss: 0.8192404236384425
[2024-02-26 11:32:57,516] INFO - epoch: 1/500, iteration: 384/3125, loss: 0.8631911840882472
[2024-02-26 11:35:41,105] INFO - epoch: 1/500, iteration: 385/3125, loss: 0.8031487030113129
[2024-02-26 11:38:26,497] INFO - epoch: 1/500, iteration: 386/3125, loss: 0.7713061701739199
[2024-02-26 11:41:10,907] INFO - epoch: 1/500, iteration: 387/3125, loss: 0.8329246817743883
[2024-02-26 11:43:54,096] INFO - epoch: 1/500, iteration: 388/3125, loss: 0.830445450558169
[2024-02-26 11:46:36,854] INFO - epoch: 1/500, iteration: 389/3125, loss: 0.8366323642090281
[2024-02-26 11:49:21,858] INFO - epoch: 1/500, iteration: 390/3125, loss: 0.8524607988778795
[2024-02-26 11:52:10,050] INFO - epoch: 1/500, iteration: 391/3125, loss: 0.8459020371139523
[2024-02-26 11:55:02,515] INFO - epoch: 1/500, iteration: 392/3125, loss: 0.898841339950143
[2024-02-26 11:57:45,758] INFO - epoch: 1/500, iteration: 393/3125, loss: 0.763770226520328
[2024-02-26 12:00:30,529] INFO - epoch: 1/500, iteration: 394/3125, loss: 0.8761846973198598
[2024-02-26 12:03:17,779] INFO - epoch: 1/500, iteration: 395/3125, loss: 0.8818063106230011
[2024-02-26 12:06:03,754] INFO - epoch: 1/500, iteration: 396/3125, loss: 0.8708732567571689
[2024-02-26 12:08:52,718] INFO - epoch: 1/500, iteration: 397/3125, loss: 0.8248493172139555
[2024-02-26 12:11:46,355] INFO - epoch: 1/500, iteration: 398/3125, loss: 0.8098353615522753
[2024-02-26 12:14:28,159] INFO - epoch: 1/500, iteration: 399/3125, loss: 0.7628816956978302
[2024-02-26 12:17:11,946] INFO - epoch: 1/500, iteration: 400/3125, loss: 0.9521343411665073
[2024-02-26 12:19:57,265] INFO - epoch: 1/500, iteration: 401/3125, loss: 0.7762409918880435
[2024-02-26 12:22:41,049] INFO - epoch: 1/500, iteration: 402/3125, loss: 0.9154491775270627
[2024-02-26 12:25:24,975] INFO - epoch: 1/500, iteration: 403/3125, loss: 0.8929697496744924
[2024-02-26 12:28:14,298] INFO - epoch: 1/500, iteration: 404/3125, loss: 0.8142152399642382
[2024-02-26 12:30:58,746] INFO - epoch: 1/500, iteration: 405/3125, loss: 0.842810273365729
[2024-02-26 12:33:44,070] INFO - epoch: 1/500, iteration: 406/3125, loss: 0.8511013425616618
[2024-02-26 12:36:28,934] INFO - epoch: 1/500, iteration: 407/3125, loss: 0.8464543898406601
[2024-02-26 12:39:13,530] INFO - epoch: 1/500, iteration: 408/3125, loss: 0.8077641042861359
[2024-02-26 12:41:55,465] INFO - epoch: 1/500, iteration: 409/3125, loss: 0.8238205668062183
[2024-02-26 12:44:36,320] INFO - epoch: 1/500, iteration: 410/3125, loss: 0.849597128800193
[2024-02-26 12:47:21,495] INFO - epoch: 1/500, iteration: 411/3125, loss: 0.8574562951452505
[2024-02-26 12:50:05,850] INFO - epoch: 1/500, iteration: 412/3125, loss: 0.8165585809292247
[2024-02-26 12:52:50,223] INFO - epoch: 1/500, iteration: 413/3125, loss: 0.8509073046911756
[2024-02-26 12:55:35,526] INFO - epoch: 1/500, iteration: 414/3125, loss: 0.8618942501156336
[2024-02-26 12:58:22,363] INFO - epoch: 1/500, iteration: 415/3125, loss: 0.8523258288722854
[2024-02-26 13:01:05,411] INFO - epoch: 1/500, iteration: 416/3125, loss: 0.8128822458175397
[2024-02-26 13:03:49,382] INFO - epoch: 1/500, iteration: 417/3125, loss: 0.8134918654782801
[2024-02-26 13:06:31,551] INFO - epoch: 1/500, iteration: 418/3125, loss: 0.9173026857084831
[2024-02-26 13:09:16,237] INFO - epoch: 1/500, iteration: 419/3125, loss: 0.8692514627732032
[2024-02-26 13:11:59,932] INFO - epoch: 1/500, iteration: 420/3125, loss: 0.8168641808148162
[2024-02-26 13:14:46,167] INFO - epoch: 1/500, iteration: 421/3125, loss: 0.8491204705788741
[2024-02-26 13:17:30,497] INFO - epoch: 1/500, iteration: 422/3125, loss: 0.7367337997615322
[2024-02-26 13:20:14,755] INFO - epoch: 1/500, iteration: 423/3125, loss: 0.7805131938844969
[2024-02-26 13:22:58,592] INFO - epoch: 1/500, iteration: 424/3125, loss: 0.8081654574771642
[2024-02-26 13:25:41,079] INFO - epoch: 1/500, iteration: 425/3125, loss: 0.8108000716396224
[2024-02-26 13:28:25,843] INFO - epoch: 1/500, iteration: 426/3125, loss: 0.8342217304064891
[2024-02-26 13:31:07,808] INFO - epoch: 1/500, iteration: 427/3125, loss: 0.8021092951012794
[2024-02-26 13:33:51,650] INFO - epoch: 1/500, iteration: 428/3125, loss: 0.9430280724367619
[2024-02-26 13:36:35,725] INFO - epoch: 1/500, iteration: 429/3125, loss: 0.8483003782533773
[2024-02-26 13:39:17,961] INFO - epoch: 1/500, iteration: 430/3125, loss: 0.8206425489382951
[2024-02-26 13:42:01,805] INFO - epoch: 1/500, iteration: 431/3125, loss: 0.9016122234729483
[2024-02-26 13:44:45,121] INFO - epoch: 1/500, iteration: 432/3125, loss: 0.8907271081362096
[2024-02-26 13:47:33,815] INFO - epoch: 1/500, iteration: 433/3125, loss: 0.9095780064525156
[2024-02-26 13:50:18,697] INFO - epoch: 1/500, iteration: 434/3125, loss: 0.7804577190189484
[2024-02-26 13:53:01,142] INFO - epoch: 1/500, iteration: 435/3125, loss: 0.8525070300846277
[2024-02-26 13:55:44,244] INFO - epoch: 1/500, iteration: 436/3125, loss: 0.7894352144352941
[2024-02-26 13:58:27,231] INFO - epoch: 1/500, iteration: 437/3125, loss: 0.8005378418192333
[2024-02-26 14:01:11,050] INFO - epoch: 1/500, iteration: 438/3125, loss: 0.806791288289794
[2024-02-26 14:03:54,850] INFO - epoch: 1/500, iteration: 439/3125, loss: 0.8477868541529413
[2024-02-26 14:06:37,426] INFO - epoch: 1/500, iteration: 440/3125, loss: 0.8283352927979839
[2024-02-26 14:09:22,416] INFO - epoch: 1/500, iteration: 441/3125, loss: 0.7918990176119998
[2024-02-26 14:12:05,981] INFO - epoch: 1/500, iteration: 442/3125, loss: 0.8179242676562805
[2024-02-26 14:14:48,023] INFO - epoch: 1/500, iteration: 443/3125, loss: 0.8999606234984654
[2024-02-26 14:17:34,424] INFO - epoch: 1/500, iteration: 444/3125, loss: 0.8830759407127199
[2024-02-26 14:20:18,497] INFO - epoch: 1/500, iteration: 445/3125, loss: 0.7643853376806048
[2024-02-26 14:22:58,527] INFO - epoch: 1/500, iteration: 446/3125, loss: 0.8318996548360397
[2024-02-26 14:25:46,353] INFO - epoch: 1/500, iteration: 447/3125, loss: 0.8605988442763373
[2024-02-26 14:28:30,339] INFO - epoch: 1/500, iteration: 448/3125, loss: 0.8604110954078953
[2024-02-26 14:31:18,568] INFO - epoch: 1/500, iteration: 449/3125, loss: 0.7823799576887658
[2024-02-26 14:34:02,385] INFO - epoch: 1/500, iteration: 450/3125, loss: 0.8532611924229206
[2024-02-26 14:36:47,376] INFO - epoch: 1/500, iteration: 451/3125, loss: 0.8826330931822993
[2024-02-26 14:39:36,929] INFO - epoch: 1/500, iteration: 452/3125, loss: 0.8561912593782471
[2024-02-26 14:42:20,479] INFO - epoch: 1/500, iteration: 453/3125, loss: 0.7944802786734081
[2024-02-26 14:45:01,057] INFO - epoch: 1/500, iteration: 454/3125, loss: 0.7872454776757151
[2024-02-26 14:47:46,473] INFO - epoch: 1/500, iteration: 455/3125, loss: 0.796573437723251
[2024-02-26 14:50:33,398] INFO - epoch: 1/500, iteration: 456/3125, loss: 0.7930922584872516
[2024-02-26 14:53:18,463] INFO - epoch: 1/500, iteration: 457/3125, loss: 0.8969295289097697
[2024-02-26 14:56:03,829] INFO - epoch: 1/500, iteration: 458/3125, loss: 0.8054472719614244
[2024-02-26 14:58:50,792] INFO - epoch: 1/500, iteration: 459/3125, loss: 0.7652967867472115
[2024-02-26 15:01:36,699] INFO - epoch: 1/500, iteration: 460/3125, loss: 0.8704574925005493
[2024-02-26 15:04:23,299] INFO - epoch: 1/500, iteration: 461/3125, loss: 0.868564077461012
[2024-02-26 15:07:10,938] INFO - epoch: 1/500, iteration: 462/3125, loss: 0.8101705710035219
[2024-02-26 15:09:59,944] INFO - epoch: 1/500, iteration: 463/3125, loss: 0.8718147520938033
[2024-02-26 15:12:50,248] INFO - epoch: 1/500, iteration: 464/3125, loss: 0.8431966620662683
[2024-02-26 15:15:40,217] INFO - epoch: 1/500, iteration: 465/3125, loss: 0.7762367662605892
[2024-02-26 15:18:24,358] INFO - epoch: 1/500, iteration: 466/3125, loss: 0.8018645585385388
[2024-02-26 15:21:10,344] INFO - epoch: 1/500, iteration: 467/3125, loss: 0.9569082408340341
[2024-02-26 15:23:54,684] INFO - epoch: 1/500, iteration: 468/3125, loss: 0.8698163615235703
[2024-02-26 15:26:40,021] INFO - epoch: 1/500, iteration: 469/3125, loss: 0.7144953421267344
[2024-02-26 15:29:23,832] INFO - epoch: 1/500, iteration: 470/3125, loss: 0.8540424609030135
[2024-02-26 15:32:08,365] INFO - epoch: 1/500, iteration: 471/3125, loss: 0.7845923537640567
[2024-02-26 15:34:55,150] INFO - epoch: 1/500, iteration: 472/3125, loss: 0.8248089191633371
[2024-02-26 15:37:41,321] INFO - epoch: 1/500, iteration: 473/3125, loss: 0.8676123360767911
[2024-02-26 15:40:26,222] INFO - epoch: 1/500, iteration: 474/3125, loss: 0.8629655093346645
[2024-02-26 15:43:13,792] INFO - epoch: 1/500, iteration: 475/3125, loss: 0.9053125838074787
[2024-02-26 15:46:00,230] INFO - epoch: 1/500, iteration: 476/3125, loss: 0.8361891157340751
[2024-02-26 15:48:43,689] INFO - epoch: 1/500, iteration: 477/3125, loss: 0.8795430093168507
[2024-02-26 15:51:29,786] INFO - epoch: 1/500, iteration: 478/3125, loss: 0.8329452773996642
[2024-02-26 15:54:15,732] INFO - epoch: 1/500, iteration: 479/3125, loss: 0.8707249472479541
[2024-02-26 15:57:01,177] INFO - epoch: 1/500, iteration: 480/3125, loss: 0.8424390287281207
[2024-02-26 15:59:47,936] INFO - epoch: 1/500, iteration: 481/3125, loss: 0.8426372029918071
[2024-02-26 16:02:33,949] INFO - epoch: 1/500, iteration: 482/3125, loss: 0.8589240308215756
[2024-02-26 16:05:18,456] INFO - epoch: 1/500, iteration: 483/3125, loss: 0.9058553021329365
[2024-02-26 16:08:06,293] INFO - epoch: 1/500, iteration: 484/3125, loss: 0.7930753543314957
[2024-02-26 16:10:54,067] INFO - epoch: 1/500, iteration: 485/3125, loss: 0.8583156559756498
[2024-02-26 16:13:41,928] INFO - epoch: 1/500, iteration: 486/3125, loss: 0.8117199850862534
[2024-02-26 16:16:28,492] INFO - epoch: 1/500, iteration: 487/3125, loss: 0.8133190269561045
[2024-02-26 16:19:13,858] INFO - epoch: 1/500, iteration: 488/3125, loss: 0.8735178213322617
[2024-02-26 16:21:59,534] INFO - epoch: 1/500, iteration: 489/3125, loss: 0.8291789295461347
[2024-02-26 16:24:44,598] INFO - epoch: 1/500, iteration: 490/3125, loss: 0.8378341230598002
[2024-02-26 16:27:30,764] INFO - epoch: 1/500, iteration: 491/3125, loss: 0.876531180690702
[2024-02-26 16:30:16,880] INFO - epoch: 1/500, iteration: 492/3125, loss: 0.8870853657677359
[2024-02-26 16:33:02,234] INFO - epoch: 1/500, iteration: 493/3125, loss: 0.8414868731587759
[2024-02-26 16:35:49,567] INFO - epoch: 1/500, iteration: 494/3125, loss: 0.9086019318506301
[2024-02-26 16:38:37,126] INFO - epoch: 1/500, iteration: 495/3125, loss: 0.8386855543031563
[2024-02-26 16:41:20,517] INFO - epoch: 1/500, iteration: 496/3125, loss: 0.8154702388745627
[2024-02-26 16:44:06,275] INFO - epoch: 1/500, iteration: 497/3125, loss: 0.8429043846950152
[2024-02-26 16:46:50,286] INFO - epoch: 1/500, iteration: 498/3125, loss: 0.9533320654066614
[2024-02-26 16:49:35,300] INFO - epoch: 1/500, iteration: 499/3125, loss: 0.76443649043294
[2024-02-26 16:52:20,532] INFO - epoch: 1/500, iteration: 500/3125, loss: 0.8079968779165302
