[2024-02-29 14:27:44,377] INFO - ###### EXPERIMENT DETAILS ######
	BATCH SIZE: 16
	MAX NUMBER OF EPOCHS: 500
	INITIAL LR: 0.01
	FLATTEN: False
	DATASET USED: CIFAR-10
	SCHEDULE_LR: [200, 400]###### EXPERIMENT DETAILS ######

[2024-02-29 14:27:54,425] INFO - NUMBER OF ITERATIONS IN ONE TRAINING EPOCH: 3125

[2024-02-29 14:27:56,092] INFO - epoch: 1/500, iteration: 1/3125, loss: 1.198992998252026
[2024-02-29 14:27:57,750] INFO - epoch: 1/500, iteration: 2/3125, loss: 1.0459061542742139
[2024-02-29 14:27:59,381] INFO - epoch: 1/500, iteration: 3/3125, loss: 1.0615960782557152
[2024-02-29 14:28:01,033] INFO - epoch: 1/500, iteration: 4/3125, loss: 0.9744909731508378
[2024-02-29 14:28:02,705] INFO - epoch: 1/500, iteration: 5/3125, loss: 0.9907151723918178
[2024-02-29 14:28:04,360] INFO - epoch: 1/500, iteration: 6/3125, loss: 0.9054825436352483
[2024-02-29 14:28:06,008] INFO - epoch: 1/500, iteration: 7/3125, loss: 0.9725738960527402
[2024-02-29 14:28:07,650] INFO - epoch: 1/500, iteration: 8/3125, loss: 0.8638006363300503
[2024-02-29 14:28:09,308] INFO - epoch: 1/500, iteration: 9/3125, loss: 0.964718387568093
[2024-02-29 14:28:10,943] INFO - epoch: 1/500, iteration: 10/3125, loss: 0.9810887112835727
[2024-02-29 14:28:12,605] INFO - epoch: 1/500, iteration: 11/3125, loss: 0.9291988805699983
[2024-02-29 14:28:14,246] INFO - epoch: 1/500, iteration: 12/3125, loss: 0.9299496949125395
[2024-02-29 14:28:15,884] INFO - epoch: 1/500, iteration: 13/3125, loss: 0.9604808815330924
[2024-02-29 14:28:17,550] INFO - epoch: 1/500, iteration: 14/3125, loss: 0.8881821561270768
[2024-02-29 14:28:19,200] INFO - epoch: 1/500, iteration: 15/3125, loss: 0.9615486441267912
[2024-02-29 14:28:20,851] INFO - epoch: 1/500, iteration: 16/3125, loss: 0.8459775360613129
[2024-02-29 14:28:22,509] INFO - epoch: 1/500, iteration: 17/3125, loss: 1.031033452503908
[2024-02-29 14:28:24,156] INFO - epoch: 1/500, iteration: 18/3125, loss: 0.9180172815729448
[2024-02-29 14:28:25,836] INFO - epoch: 1/500, iteration: 19/3125, loss: 0.8847965760336639
[2024-02-29 14:28:27,497] INFO - epoch: 1/500, iteration: 20/3125, loss: 0.8829809732082577
[2024-02-29 14:28:29,154] INFO - epoch: 1/500, iteration: 21/3125, loss: 1.0041308509013716
[2024-02-29 14:28:30,811] INFO - epoch: 1/500, iteration: 22/3125, loss: 0.893176636898408
[2024-02-29 14:28:32,500] INFO - epoch: 1/500, iteration: 23/3125, loss: 0.9117891379245523
[2024-02-29 14:28:34,158] INFO - epoch: 1/500, iteration: 24/3125, loss: 0.8411007675173824
[2024-02-29 14:28:35,819] INFO - epoch: 1/500, iteration: 25/3125, loss: 0.9105842932832847
[2024-02-29 14:28:37,484] INFO - epoch: 1/500, iteration: 26/3125, loss: 0.8847406360451419
[2024-02-29 14:28:39,098] INFO - epoch: 1/500, iteration: 27/3125, loss: 0.9490677244227887
[2024-02-29 14:28:40,713] INFO - epoch: 1/500, iteration: 28/3125, loss: 0.8717333163820393
[2024-02-29 14:28:42,326] INFO - epoch: 1/500, iteration: 29/3125, loss: 0.8193492699825687
[2024-02-29 14:28:43,959] INFO - epoch: 1/500, iteration: 30/3125, loss: 0.9641831866627085
[2024-02-29 14:28:45,599] INFO - epoch: 1/500, iteration: 31/3125, loss: 0.8988156125004173
[2024-02-29 14:28:47,222] INFO - epoch: 1/500, iteration: 32/3125, loss: 0.8505440913663264
[2024-02-29 14:28:48,825] INFO - epoch: 1/500, iteration: 33/3125, loss: 0.9189232936033631
[2024-02-29 14:28:50,437] INFO - epoch: 1/500, iteration: 34/3125, loss: 1.022225887798072
[2024-02-29 14:28:52,051] INFO - epoch: 1/500, iteration: 35/3125, loss: 0.9206349267158436
[2024-02-29 14:28:53,686] INFO - epoch: 1/500, iteration: 36/3125, loss: 0.8970676849821498
[2024-02-29 14:28:55,310] INFO - epoch: 1/500, iteration: 37/3125, loss: 0.8749437496698574
[2024-02-29 14:28:56,919] INFO - epoch: 1/500, iteration: 38/3125, loss: 0.957296437130299
[2024-02-29 14:28:58,552] INFO - epoch: 1/500, iteration: 39/3125, loss: 0.8600181573424786
[2024-02-29 14:29:00,190] INFO - epoch: 1/500, iteration: 40/3125, loss: 0.8984531823715372
[2024-02-29 14:29:01,823] INFO - epoch: 1/500, iteration: 41/3125, loss: 0.9242935365087281
[2024-02-29 14:29:03,449] INFO - epoch: 1/500, iteration: 42/3125, loss: 0.9086258588759734
[2024-02-29 14:29:05,074] INFO - epoch: 1/500, iteration: 43/3125, loss: 0.9034365427906901
[2024-02-29 14:29:06,718] INFO - epoch: 1/500, iteration: 44/3125, loss: 0.8607397224809642
[2024-02-29 14:29:08,351] INFO - epoch: 1/500, iteration: 45/3125, loss: 0.9287962902292173
[2024-02-29 14:29:09,973] INFO - epoch: 1/500, iteration: 46/3125, loss: 0.8906920101109828
[2024-02-29 14:29:11,590] INFO - epoch: 1/500, iteration: 47/3125, loss: 0.9049786536787946
[2024-02-29 14:29:13,212] INFO - epoch: 1/500, iteration: 48/3125, loss: 0.8556195528703141
[2024-02-29 14:29:14,844] INFO - epoch: 1/500, iteration: 49/3125, loss: 0.9785392819415151
[2024-02-29 14:29:16,453] INFO - epoch: 1/500, iteration: 50/3125, loss: 1.0335011681731634
[2024-02-29 14:29:18,075] INFO - epoch: 1/500, iteration: 51/3125, loss: 0.8498977815932754
[2024-02-29 14:29:19,689] INFO - epoch: 1/500, iteration: 52/3125, loss: 1.0213618202217578
[2024-02-29 14:29:21,310] INFO - epoch: 1/500, iteration: 53/3125, loss: 0.9069812610315804
[2024-02-29 14:29:22,945] INFO - epoch: 1/500, iteration: 54/3125, loss: 0.9390209210831117
[2024-02-29 14:29:24,566] INFO - epoch: 1/500, iteration: 55/3125, loss: 0.9026170671377837
[2024-02-29 14:29:26,194] INFO - epoch: 1/500, iteration: 56/3125, loss: 0.8428260397102555
[2024-02-29 14:29:27,828] INFO - epoch: 1/500, iteration: 57/3125, loss: 0.9201962978136772
[2024-02-29 14:29:29,450] INFO - epoch: 1/500, iteration: 58/3125, loss: 0.9301819267325178
[2024-02-29 14:29:31,064] INFO - epoch: 1/500, iteration: 59/3125, loss: 0.8594551472410386
[2024-02-29 14:29:32,692] INFO - epoch: 1/500, iteration: 60/3125, loss: 0.8909466360854672
[2024-02-29 14:29:34,309] INFO - epoch: 1/500, iteration: 61/3125, loss: 0.8804518451319675
[2024-02-29 14:29:35,930] INFO - epoch: 1/500, iteration: 62/3125, loss: 0.8824490473409151
[2024-02-29 14:29:37,548] INFO - epoch: 1/500, iteration: 63/3125, loss: 0.9379149935694772
[2024-02-29 14:29:39,184] INFO - epoch: 1/500, iteration: 64/3125, loss: 0.8771678267050752
[2024-02-29 14:29:40,818] INFO - epoch: 1/500, iteration: 65/3125, loss: 0.8832063831778044
[2024-02-29 14:29:42,447] INFO - epoch: 1/500, iteration: 66/3125, loss: 0.9466246745997479
[2024-02-29 14:29:44,067] INFO - epoch: 1/500, iteration: 67/3125, loss: 0.8429964165512441
[2024-02-29 14:29:45,697] INFO - epoch: 1/500, iteration: 68/3125, loss: 0.8905320711136385
[2024-02-29 14:29:47,314] INFO - epoch: 1/500, iteration: 69/3125, loss: 0.8806375914129914
[2024-02-29 14:29:48,924] INFO - epoch: 1/500, iteration: 70/3125, loss: 0.8918885346083949
[2024-02-29 14:29:50,547] INFO - epoch: 1/500, iteration: 71/3125, loss: 0.9089602835372554
[2024-02-29 14:29:52,172] INFO - epoch: 1/500, iteration: 72/3125, loss: 0.884682549523405
[2024-02-29 14:29:53,787] INFO - epoch: 1/500, iteration: 73/3125, loss: 0.9236803449643021
[2024-02-29 14:29:55,404] INFO - epoch: 1/500, iteration: 74/3125, loss: 0.855438156676678
[2024-02-29 14:29:57,023] INFO - epoch: 1/500, iteration: 75/3125, loss: 0.867484788940247
[2024-02-29 14:29:58,642] INFO - epoch: 1/500, iteration: 76/3125, loss: 0.8016443868220063
[2024-02-29 14:30:00,289] INFO - epoch: 1/500, iteration: 77/3125, loss: 0.8970814206289988
[2024-02-29 14:30:01,921] INFO - epoch: 1/500, iteration: 78/3125, loss: 0.8633839512534777
[2024-02-29 14:30:03,538] INFO - epoch: 1/500, iteration: 79/3125, loss: 0.798610586851786
[2024-02-29 14:30:05,154] INFO - epoch: 1/500, iteration: 80/3125, loss: 0.9059045626431448
[2024-02-29 14:30:06,782] INFO - epoch: 1/500, iteration: 81/3125, loss: 0.902158120931743
[2024-02-29 14:30:08,404] INFO - epoch: 1/500, iteration: 82/3125, loss: 0.9062121149673819
[2024-02-29 14:30:10,023] INFO - epoch: 1/500, iteration: 83/3125, loss: 0.8548648852932749
[2024-02-29 14:30:11,651] INFO - epoch: 1/500, iteration: 84/3125, loss: 0.8505583896618757
[2024-02-29 14:30:13,289] INFO - epoch: 1/500, iteration: 85/3125, loss: 0.9568027869752044
[2024-02-29 14:30:14,916] INFO - epoch: 1/500, iteration: 86/3125, loss: 0.8836403371993747
[2024-02-29 14:30:16,529] INFO - epoch: 1/500, iteration: 87/3125, loss: 0.8209461400533692
[2024-02-29 14:30:18,146] INFO - epoch: 1/500, iteration: 88/3125, loss: 0.8639004578141238
[2024-02-29 14:30:19,773] INFO - epoch: 1/500, iteration: 89/3125, loss: 0.9176254953898836
[2024-02-29 14:30:21,386] INFO - epoch: 1/500, iteration: 90/3125, loss: 0.7731396597503585
[2024-02-29 14:30:23,008] INFO - epoch: 1/500, iteration: 91/3125, loss: 0.9246992476960638
[2024-02-29 14:30:24,624] INFO - epoch: 1/500, iteration: 92/3125, loss: 0.8972809717040418
[2024-02-29 14:30:26,242] INFO - epoch: 1/500, iteration: 93/3125, loss: 0.863546515762956
[2024-02-29 14:30:27,882] INFO - epoch: 1/500, iteration: 94/3125, loss: 0.9324171473898849
[2024-02-29 14:30:29,506] INFO - epoch: 1/500, iteration: 95/3125, loss: 0.9161869262769822
[2024-02-29 14:30:31,128] INFO - epoch: 1/500, iteration: 96/3125, loss: 0.9475621164520407
[2024-02-29 14:30:32,739] INFO - epoch: 1/500, iteration: 97/3125, loss: 0.8713818095785111
[2024-02-29 14:30:34,359] INFO - epoch: 1/500, iteration: 98/3125, loss: 0.8922243704405506
[2024-02-29 14:30:35,966] INFO - epoch: 1/500, iteration: 99/3125, loss: 0.9139634627299505
[2024-02-29 14:30:37,583] INFO - epoch: 1/500, iteration: 100/3125, loss: 0.8141748069031098
[2024-02-29 14:30:39,199] INFO - epoch: 1/500, iteration: 101/3125, loss: 0.8397099451377621
[2024-02-29 14:30:40,803] INFO - epoch: 1/500, iteration: 102/3125, loss: 0.8290685189238676
[2024-02-29 14:30:42,415] INFO - epoch: 1/500, iteration: 103/3125, loss: 0.8072804251576458
[2024-02-29 14:30:44,024] INFO - epoch: 1/500, iteration: 104/3125, loss: 0.91075904614346
[2024-02-29 14:30:45,637] INFO - epoch: 1/500, iteration: 105/3125, loss: 0.8593782791089054
[2024-02-29 14:30:47,254] INFO - epoch: 1/500, iteration: 106/3125, loss: 0.8760564648471381
[2024-02-29 14:30:48,868] INFO - epoch: 1/500, iteration: 107/3125, loss: 0.869098105423392
[2024-02-29 14:30:50,488] INFO - epoch: 1/500, iteration: 108/3125, loss: 0.889617794054648
[2024-02-29 14:30:52,096] INFO - epoch: 1/500, iteration: 109/3125, loss: 0.8679882878647539
[2024-02-29 14:30:53,720] INFO - epoch: 1/500, iteration: 110/3125, loss: 0.8621595609591169
[2024-02-29 14:30:55,327] INFO - epoch: 1/500, iteration: 111/3125, loss: 0.8583490083073333
[2024-02-29 14:30:56,936] INFO - epoch: 1/500, iteration: 112/3125, loss: 0.9664308073500634
[2024-02-29 14:30:58,559] INFO - epoch: 1/500, iteration: 113/3125, loss: 0.8395764068865842
[2024-02-29 14:31:00,173] INFO - epoch: 1/500, iteration: 114/3125, loss: 0.8859872220414561
[2024-02-29 14:31:01,782] INFO - epoch: 1/500, iteration: 115/3125, loss: 0.8601145341335956
[2024-02-29 14:31:03,391] INFO - epoch: 1/500, iteration: 116/3125, loss: 0.8943922228852828
[2024-02-29 14:31:05,011] INFO - epoch: 1/500, iteration: 117/3125, loss: 0.8630038585260856
[2024-02-29 14:31:06,612] INFO - epoch: 1/500, iteration: 118/3125, loss: 0.8402938716008568
[2024-02-29 14:31:08,219] INFO - epoch: 1/500, iteration: 119/3125, loss: 0.867494483725373
[2024-02-29 14:31:09,850] INFO - epoch: 1/500, iteration: 120/3125, loss: 0.862802512746292
[2024-02-29 14:31:11,471] INFO - epoch: 1/500, iteration: 121/3125, loss: 0.8827192453471808
[2024-02-29 14:31:13,094] INFO - epoch: 1/500, iteration: 122/3125, loss: 0.9704298848308288
[2024-02-29 14:31:14,701] INFO - epoch: 1/500, iteration: 123/3125, loss: 0.8438834929450706
[2024-02-29 14:31:16,312] INFO - epoch: 1/500, iteration: 124/3125, loss: 0.912939536320598
[2024-02-29 14:31:17,940] INFO - epoch: 1/500, iteration: 125/3125, loss: 0.8735113963868854
[2024-02-29 14:31:19,555] INFO - epoch: 1/500, iteration: 126/3125, loss: 0.9535370667051939
[2024-02-29 14:31:21,158] INFO - epoch: 1/500, iteration: 127/3125, loss: 0.8509497144194956
[2024-02-29 14:31:22,780] INFO - epoch: 1/500, iteration: 128/3125, loss: 0.8890995131670192
[2024-02-29 14:31:24,394] INFO - epoch: 1/500, iteration: 129/3125, loss: 0.8674924782450391
[2024-02-29 14:31:26,032] INFO - epoch: 1/500, iteration: 130/3125, loss: 0.8922944083946589
[2024-02-29 14:31:27,656] INFO - epoch: 1/500, iteration: 131/3125, loss: 0.845953748194209
[2024-02-29 14:31:29,268] INFO - epoch: 1/500, iteration: 132/3125, loss: 0.8491988526181011
[2024-02-29 14:31:30,880] INFO - epoch: 1/500, iteration: 133/3125, loss: 0.9101870974884209
[2024-02-29 14:31:32,517] INFO - epoch: 1/500, iteration: 134/3125, loss: 0.8361149061457123
[2024-02-29 14:31:34,148] INFO - epoch: 1/500, iteration: 135/3125, loss: 0.833088594285407
[2024-02-29 14:31:35,757] INFO - epoch: 1/500, iteration: 136/3125, loss: 0.8299906748097313
[2024-02-29 14:31:37,365] INFO - epoch: 1/500, iteration: 137/3125, loss: 0.8483975722852347
[2024-02-29 14:31:38,997] INFO - epoch: 1/500, iteration: 138/3125, loss: 0.9034020121274591
[2024-02-29 14:31:40,624] INFO - epoch: 1/500, iteration: 139/3125, loss: 0.844392564360683
[2024-02-29 14:31:42,247] INFO - epoch: 1/500, iteration: 140/3125, loss: 0.8777808810118479
[2024-02-29 14:31:43,868] INFO - epoch: 1/500, iteration: 141/3125, loss: 0.893987461590577
[2024-02-29 14:31:45,491] INFO - epoch: 1/500, iteration: 142/3125, loss: 0.8920282852398242
[2024-02-29 14:31:47,111] INFO - epoch: 1/500, iteration: 143/3125, loss: 0.8873616481113766
[2024-02-29 14:31:48,730] INFO - epoch: 1/500, iteration: 144/3125, loss: 0.8375537602368155
[2024-02-29 14:31:50,355] INFO - epoch: 1/500, iteration: 145/3125, loss: 0.9437197275673195
[2024-02-29 14:31:51,976] INFO - epoch: 1/500, iteration: 146/3125, loss: 0.8369208756561038
[2024-02-29 14:31:53,606] INFO - epoch: 1/500, iteration: 147/3125, loss: 0.9082746392390313
[2024-02-29 14:31:55,247] INFO - epoch: 1/500, iteration: 148/3125, loss: 0.873684937168057
[2024-02-29 14:31:56,883] INFO - epoch: 1/500, iteration: 149/3125, loss: 0.8445235284298492
[2024-02-29 14:31:58,508] INFO - epoch: 1/500, iteration: 150/3125, loss: 0.8743856558179551
[2024-02-29 14:32:00,142] INFO - epoch: 1/500, iteration: 151/3125, loss: 0.906165456748372
[2024-02-29 14:32:01,759] INFO - epoch: 1/500, iteration: 152/3125, loss: 0.7821913178269357
[2024-02-29 14:32:03,401] INFO - epoch: 1/500, iteration: 153/3125, loss: 0.8534996359596656
[2024-02-29 14:32:05,014] INFO - epoch: 1/500, iteration: 154/3125, loss: 0.8351378962650504
[2024-02-29 14:32:06,634] INFO - epoch: 1/500, iteration: 155/3125, loss: 0.8075726129451178
[2024-02-29 14:32:08,253] INFO - epoch: 1/500, iteration: 156/3125, loss: 0.8814677950876597
[2024-02-29 14:32:09,881] INFO - epoch: 1/500, iteration: 157/3125, loss: 0.9380333728876094
[2024-02-29 14:32:11,505] INFO - epoch: 1/500, iteration: 158/3125, loss: 0.8847983408978144
[2024-02-29 14:32:13,119] INFO - epoch: 1/500, iteration: 159/3125, loss: 0.8406535349328266
[2024-02-29 14:32:14,737] INFO - epoch: 1/500, iteration: 160/3125, loss: 0.9102819787342962
[2024-02-29 14:32:16,361] INFO - epoch: 1/500, iteration: 161/3125, loss: 0.9174334413087974
[2024-02-29 14:32:17,983] INFO - epoch: 1/500, iteration: 162/3125, loss: 0.861690767632435
[2024-02-29 14:32:19,615] INFO - epoch: 1/500, iteration: 163/3125, loss: 0.8528057718144595
[2024-02-29 14:32:21,244] INFO - epoch: 1/500, iteration: 164/3125, loss: 0.9114491034179549
[2024-02-29 14:32:22,861] INFO - epoch: 1/500, iteration: 165/3125, loss: 0.8397326219521313
[2024-02-29 14:32:24,478] INFO - epoch: 1/500, iteration: 166/3125, loss: 0.8449603296463732
[2024-02-29 14:32:26,114] INFO - epoch: 1/500, iteration: 167/3125, loss: 0.8672668639447534
[2024-02-29 14:32:27,723] INFO - epoch: 1/500, iteration: 168/3125, loss: 0.8878300668882665
[2024-02-29 14:32:29,331] INFO - epoch: 1/500, iteration: 169/3125, loss: 0.8591733162756481
[2024-02-29 14:32:30,941] INFO - epoch: 1/500, iteration: 170/3125, loss: 0.8153075491004077
[2024-02-29 14:32:32,583] INFO - epoch: 1/500, iteration: 171/3125, loss: 0.8638621644583611
[2024-02-29 14:32:34,198] INFO - epoch: 1/500, iteration: 172/3125, loss: 0.9202357058096405
[2024-02-29 14:32:35,811] INFO - epoch: 1/500, iteration: 173/3125, loss: 0.883303526924386
[2024-02-29 14:32:37,424] INFO - epoch: 1/500, iteration: 174/3125, loss: 0.8820351075976245
[2024-02-29 14:32:39,043] INFO - epoch: 1/500, iteration: 175/3125, loss: 0.8747942263045797
[2024-02-29 14:32:40,656] INFO - epoch: 1/500, iteration: 176/3125, loss: 0.8318606303028631
[2024-02-29 14:32:42,272] INFO - epoch: 1/500, iteration: 177/3125, loss: 0.7885937778019483
[2024-02-29 14:32:43,907] INFO - epoch: 1/500, iteration: 178/3125, loss: 0.8164789588924986
[2024-02-29 14:32:45,518] INFO - epoch: 1/500, iteration: 179/3125, loss: 0.8529794704741563
[2024-02-29 14:32:47,124] INFO - epoch: 1/500, iteration: 180/3125, loss: 0.946991721412817
[2024-02-29 14:32:48,736] INFO - epoch: 1/500, iteration: 181/3125, loss: 0.8164666776705021
[2024-02-29 14:32:50,349] INFO - epoch: 1/500, iteration: 182/3125, loss: 0.9257542731342451
[2024-02-29 14:32:51,959] INFO - epoch: 1/500, iteration: 183/3125, loss: 0.8864680055195159
[2024-02-29 14:32:53,579] INFO - epoch: 1/500, iteration: 184/3125, loss: 0.8042016129242722
[2024-02-29 14:32:55,195] INFO - epoch: 1/500, iteration: 185/3125, loss: 0.8884815579388172
[2024-02-29 14:32:56,808] INFO - epoch: 1/500, iteration: 186/3125, loss: 0.8261419146065742
[2024-02-29 14:32:58,437] INFO - epoch: 1/500, iteration: 187/3125, loss: 0.8438787140922503
[2024-02-29 14:33:00,048] INFO - epoch: 1/500, iteration: 188/3125, loss: 0.9787203204551819
[2024-02-29 14:33:01,661] INFO - epoch: 1/500, iteration: 189/3125, loss: 0.909576050258764
[2024-02-29 14:33:03,278] INFO - epoch: 1/500, iteration: 190/3125, loss: 0.9073930428899478
[2024-02-29 14:33:04,890] INFO - epoch: 1/500, iteration: 191/3125, loss: 0.8634212096995261
[2024-02-29 14:33:06,506] INFO - epoch: 1/500, iteration: 192/3125, loss: 0.8188466543448951
[2024-02-29 14:33:08,118] INFO - epoch: 1/500, iteration: 193/3125, loss: 0.8384341994705801
[2024-02-29 14:33:09,733] INFO - epoch: 1/500, iteration: 194/3125, loss: 0.8715475660671277
[2024-02-29 14:33:11,366] INFO - epoch: 1/500, iteration: 195/3125, loss: 0.8765362772407134
[2024-02-29 14:33:12,994] INFO - epoch: 1/500, iteration: 196/3125, loss: 0.8312222750947251
[2024-02-29 14:33:14,616] INFO - epoch: 1/500, iteration: 197/3125, loss: 0.8849223438021554
[2024-02-29 14:33:16,239] INFO - epoch: 1/500, iteration: 198/3125, loss: 0.8831478828207112
[2024-02-29 14:33:17,872] INFO - epoch: 1/500, iteration: 199/3125, loss: 0.85501221804525
[2024-02-29 14:33:19,487] INFO - epoch: 1/500, iteration: 200/3125, loss: 0.8528197355356556
[2024-02-29 14:33:21,114] INFO - epoch: 1/500, iteration: 201/3125, loss: 0.8676178014327428
[2024-02-29 14:33:22,716] INFO - epoch: 1/500, iteration: 202/3125, loss: 0.8192396429948238
[2024-02-29 14:33:24,325] INFO - epoch: 1/500, iteration: 203/3125, loss: 0.8761967415588109
[2024-02-29 14:33:25,936] INFO - epoch: 1/500, iteration: 204/3125, loss: 0.9435369321185508
[2024-02-29 14:33:27,547] INFO - epoch: 1/500, iteration: 205/3125, loss: 0.878401461126787
[2024-02-29 14:33:29,171] INFO - epoch: 1/500, iteration: 206/3125, loss: 0.8979470894817887
[2024-02-29 14:33:30,771] INFO - epoch: 1/500, iteration: 207/3125, loss: 0.8167404788730835
[2024-02-29 14:33:32,382] INFO - epoch: 1/500, iteration: 208/3125, loss: 0.8495497255226954
[2024-02-29 14:33:33,985] INFO - epoch: 1/500, iteration: 209/3125, loss: 0.8590948417507797
[2024-02-29 14:33:35,593] INFO - epoch: 1/500, iteration: 210/3125, loss: 0.8364254852748365
[2024-02-29 14:33:37,208] INFO - epoch: 1/500, iteration: 211/3125, loss: 0.858918992356726
[2024-02-29 14:33:38,814] INFO - epoch: 1/500, iteration: 212/3125, loss: 0.8652751094314004
[2024-02-29 14:33:40,421] INFO - epoch: 1/500, iteration: 213/3125, loss: 0.8905239800063172
[2024-02-29 14:33:42,031] INFO - epoch: 1/500, iteration: 214/3125, loss: 0.887510064816364
[2024-02-29 14:33:43,662] INFO - epoch: 1/500, iteration: 215/3125, loss: 0.8582798437908022
[2024-02-29 14:33:45,291] INFO - epoch: 1/500, iteration: 216/3125, loss: 0.8612921767949461
[2024-02-29 14:33:46,895] INFO - epoch: 1/500, iteration: 217/3125, loss: 0.8677598561892732
[2024-02-29 14:33:48,501] INFO - epoch: 1/500, iteration: 218/3125, loss: 0.8460177996697783
[2024-02-29 14:33:50,108] INFO - epoch: 1/500, iteration: 219/3125, loss: 0.8330131480471381
[2024-02-29 14:33:51,719] INFO - epoch: 1/500, iteration: 220/3125, loss: 0.8008785232750221
[2024-02-29 14:33:53,339] INFO - epoch: 1/500, iteration: 221/3125, loss: 0.8396003967116844
[2024-02-29 14:33:54,945] INFO - epoch: 1/500, iteration: 222/3125, loss: 0.8920055227384341
[2024-02-29 14:33:56,555] INFO - epoch: 1/500, iteration: 223/3125, loss: 0.8052352092268438
[2024-02-29 14:33:58,161] INFO - epoch: 1/500, iteration: 224/3125, loss: 0.8867059105601863
[2024-02-29 14:33:59,782] INFO - epoch: 1/500, iteration: 225/3125, loss: 0.8805124721648965
[2024-02-29 14:34:01,389] INFO - epoch: 1/500, iteration: 226/3125, loss: 0.860389926677047
[2024-02-29 14:34:02,998] INFO - epoch: 1/500, iteration: 227/3125, loss: 0.8691990095270529
[2024-02-29 14:34:04,610] INFO - epoch: 1/500, iteration: 228/3125, loss: 0.837026036984496
[2024-02-29 14:34:06,241] INFO - epoch: 1/500, iteration: 229/3125, loss: 0.8844390251439972
[2024-02-29 14:34:07,852] INFO - epoch: 1/500, iteration: 230/3125, loss: 0.8386169132446425
[2024-02-29 14:34:09,464] INFO - epoch: 1/500, iteration: 231/3125, loss: 0.865660070563527
[2024-02-29 14:34:11,097] INFO - epoch: 1/500, iteration: 232/3125, loss: 0.7628672795887708
[2024-02-29 14:34:12,707] INFO - epoch: 1/500, iteration: 233/3125, loss: 0.821759270418328
[2024-02-29 14:34:14,317] INFO - epoch: 1/500, iteration: 234/3125, loss: 0.8374280383384581
[2024-02-29 14:34:15,929] INFO - epoch: 1/500, iteration: 235/3125, loss: 0.8819658752329763
[2024-02-29 14:34:17,537] INFO - epoch: 1/500, iteration: 236/3125, loss: 0.8409125864483906
[2024-02-29 14:34:19,161] INFO - epoch: 1/500, iteration: 237/3125, loss: 0.8469303422642827
[2024-02-29 14:34:20,791] INFO - epoch: 1/500, iteration: 238/3125, loss: 0.8768158502979332
[2024-02-29 14:34:22,401] INFO - epoch: 1/500, iteration: 239/3125, loss: 0.8757543091867201
[2024-02-29 14:34:24,007] INFO - epoch: 1/500, iteration: 240/3125, loss: 0.8682494399310028
[2024-02-29 14:34:25,623] INFO - epoch: 1/500, iteration: 241/3125, loss: 0.9307251004381453
[2024-02-29 14:34:27,228] INFO - epoch: 1/500, iteration: 242/3125, loss: 0.8098227000088478
[2024-02-29 14:34:28,834] INFO - epoch: 1/500, iteration: 243/3125, loss: 0.9035156547266429
[2024-02-29 14:34:30,464] INFO - epoch: 1/500, iteration: 244/3125, loss: 0.8980135299171351
[2024-02-29 14:34:32,087] INFO - epoch: 1/500, iteration: 245/3125, loss: 0.8492451460920053
[2024-02-29 14:34:33,709] INFO - epoch: 1/500, iteration: 246/3125, loss: 0.9023158721866444
[2024-02-29 14:34:35,334] INFO - epoch: 1/500, iteration: 247/3125, loss: 0.8692920597600982
[2024-02-29 14:34:36,966] INFO - epoch: 1/500, iteration: 248/3125, loss: 0.8971648192830837
[2024-02-29 14:34:38,614] INFO - epoch: 1/500, iteration: 249/3125, loss: 0.8310910290581714
[2024-02-29 14:34:40,246] INFO - epoch: 1/500, iteration: 250/3125, loss: 0.8671740891260737
[2024-02-29 14:34:41,859] INFO - epoch: 1/500, iteration: 251/3125, loss: 0.8500057643078943
[2024-02-29 14:34:43,492] INFO - epoch: 1/500, iteration: 252/3125, loss: 0.8383820940377288
[2024-02-29 14:34:45,122] INFO - epoch: 1/500, iteration: 253/3125, loss: 0.7916858124335867
[2024-02-29 14:34:46,745] INFO - epoch: 1/500, iteration: 254/3125, loss: 0.8779420027630995
[2024-02-29 14:34:48,363] INFO - epoch: 1/500, iteration: 255/3125, loss: 0.865425844697089
[2024-02-29 14:34:49,999] INFO - epoch: 1/500, iteration: 256/3125, loss: 0.9044086590768371
[2024-02-29 14:34:51,632] INFO - epoch: 1/500, iteration: 257/3125, loss: 0.8592984462762981
[2024-02-29 14:34:53,257] INFO - epoch: 1/500, iteration: 258/3125, loss: 0.9190176751081317
[2024-02-29 14:34:54,877] INFO - epoch: 1/500, iteration: 259/3125, loss: 0.8493249301778603
[2024-02-29 14:34:56,514] INFO - epoch: 1/500, iteration: 260/3125, loss: 0.786521527453164
[2024-02-29 14:34:58,136] INFO - epoch: 1/500, iteration: 261/3125, loss: 0.8668100629487272
[2024-02-29 14:34:59,774] INFO - epoch: 1/500, iteration: 262/3125, loss: 0.9212813051542625
[2024-02-29 14:35:01,393] INFO - epoch: 1/500, iteration: 263/3125, loss: 0.7679402257333672
[2024-02-29 14:35:03,020] INFO - epoch: 1/500, iteration: 264/3125, loss: 0.8424681569858815
[2024-02-29 14:35:04,657] INFO - epoch: 1/500, iteration: 265/3125, loss: 0.7892741582517342
[2024-02-29 14:35:06,290] INFO - epoch: 1/500, iteration: 266/3125, loss: 0.879747145873723
[2024-02-29 14:35:07,920] INFO - epoch: 1/500, iteration: 267/3125, loss: 0.8617240990316304
[2024-02-29 14:35:09,533] INFO - epoch: 1/500, iteration: 268/3125, loss: 0.8525154101901254
[2024-02-29 14:35:11,140] INFO - epoch: 1/500, iteration: 269/3125, loss: 0.8131353955326203
[2024-02-29 14:35:12,755] INFO - epoch: 1/500, iteration: 270/3125, loss: 0.8356611698038912
[2024-02-29 14:35:14,379] INFO - epoch: 1/500, iteration: 271/3125, loss: 0.8522296107405962
[2024-02-29 14:35:15,992] INFO - epoch: 1/500, iteration: 272/3125, loss: 0.8246336211930814
[2024-02-29 14:35:17,609] INFO - epoch: 1/500, iteration: 273/3125, loss: 0.8407717533377611
[2024-02-29 14:35:19,246] INFO - epoch: 1/500, iteration: 274/3125, loss: 0.8908539293650443
[2024-02-29 14:35:20,876] INFO - epoch: 1/500, iteration: 275/3125, loss: 0.8619246955727501
[2024-02-29 14:35:22,476] INFO - epoch: 1/500, iteration: 276/3125, loss: 0.8435237641483263
[2024-02-29 14:35:24,088] INFO - epoch: 1/500, iteration: 277/3125, loss: 0.8809606855435924
[2024-02-29 14:35:25,710] INFO - epoch: 1/500, iteration: 278/3125, loss: 0.8845821860289175
[2024-02-29 14:35:27,341] INFO - epoch: 1/500, iteration: 279/3125, loss: 0.8481901071814231
[2024-02-29 14:35:28,967] INFO - epoch: 1/500, iteration: 280/3125, loss: 0.8129350735893469
[2024-02-29 14:35:30,578] INFO - epoch: 1/500, iteration: 281/3125, loss: 0.8909933603245926
[2024-02-29 14:35:32,187] INFO - epoch: 1/500, iteration: 282/3125, loss: 0.9351208875629897
[2024-02-29 14:35:33,805] INFO - epoch: 1/500, iteration: 283/3125, loss: 0.8397645808386914
[2024-02-29 14:35:35,428] INFO - epoch: 1/500, iteration: 284/3125, loss: 0.8452838610015977
[2024-02-29 14:35:37,069] INFO - epoch: 1/500, iteration: 285/3125, loss: 0.8297167891876649
[2024-02-29 14:35:38,694] INFO - epoch: 1/500, iteration: 286/3125, loss: 0.8099362678292088
[2024-02-29 14:35:40,310] INFO - epoch: 1/500, iteration: 287/3125, loss: 0.8635103481077735
[2024-02-29 14:35:41,926] INFO - epoch: 1/500, iteration: 288/3125, loss: 0.8073181893499505
[2024-02-29 14:35:43,556] INFO - epoch: 1/500, iteration: 289/3125, loss: 0.7714027423984328
[2024-02-29 14:35:45,181] INFO - epoch: 1/500, iteration: 290/3125, loss: 0.8496666685477521
[2024-02-29 14:35:46,820] INFO - epoch: 1/500, iteration: 291/3125, loss: 0.8322362282049501
[2024-02-29 14:35:48,473] INFO - epoch: 1/500, iteration: 292/3125, loss: 0.856951293932757
[2024-02-29 14:35:50,105] INFO - epoch: 1/500, iteration: 293/3125, loss: 0.8431053490039561
[2024-02-29 14:35:51,736] INFO - epoch: 1/500, iteration: 294/3125, loss: 0.8365309009255216
[2024-02-29 14:35:53,379] INFO - epoch: 1/500, iteration: 295/3125, loss: 0.8414967009540928
[2024-02-29 14:35:55,011] INFO - epoch: 1/500, iteration: 296/3125, loss: 0.8077625879685125
[2024-02-29 14:35:56,627] INFO - epoch: 1/500, iteration: 297/3125, loss: 0.8262460765970577
[2024-02-29 14:35:58,245] INFO - epoch: 1/500, iteration: 298/3125, loss: 0.7804200169733853
[2024-02-29 14:35:59,867] INFO - epoch: 1/500, iteration: 299/3125, loss: 0.8257635685880972
[2024-02-29 14:36:01,524] INFO - epoch: 1/500, iteration: 300/3125, loss: 0.8512806941693398
[2024-02-29 14:36:03,142] INFO - epoch: 1/500, iteration: 301/3125, loss: 0.8012745079383731
[2024-02-29 14:36:04,763] INFO - epoch: 1/500, iteration: 302/3125, loss: 0.7923715211841189
[2024-02-29 14:36:06,371] INFO - epoch: 1/500, iteration: 303/3125, loss: 0.9968264313766874
[2024-02-29 14:36:07,994] INFO - epoch: 1/500, iteration: 304/3125, loss: 0.7622976280056973
[2024-02-29 14:36:09,628] INFO - epoch: 1/500, iteration: 305/3125, loss: 0.8518706126343073
[2024-02-29 14:36:11,239] INFO - epoch: 1/500, iteration: 306/3125, loss: 0.7757221108162069
[2024-02-29 14:36:12,845] INFO - epoch: 1/500, iteration: 307/3125, loss: 0.8972962514844258
[2024-02-29 14:36:14,456] INFO - epoch: 1/500, iteration: 308/3125, loss: 0.8071550670320016
[2024-02-29 14:36:16,063] INFO - epoch: 1/500, iteration: 309/3125, loss: 0.8881862383793544
[2024-02-29 14:36:17,662] INFO - epoch: 1/500, iteration: 310/3125, loss: 0.8585624263306103
[2024-02-29 14:36:19,283] INFO - epoch: 1/500, iteration: 311/3125, loss: 0.7903524386486819
[2024-02-29 14:36:20,891] INFO - epoch: 1/500, iteration: 312/3125, loss: 0.8818506971483341
[2024-02-29 14:36:22,491] INFO - epoch: 1/500, iteration: 313/3125, loss: 0.8516605349035264
[2024-02-29 14:36:24,109] INFO - epoch: 1/500, iteration: 314/3125, loss: 0.8717093917408564
[2024-02-29 14:36:25,724] INFO - epoch: 1/500, iteration: 315/3125, loss: 0.78157894792169
[2024-02-29 14:36:27,366] INFO - epoch: 1/500, iteration: 316/3125, loss: 0.8224211456109457
[2024-02-29 14:36:28,988] INFO - epoch: 1/500, iteration: 317/3125, loss: 0.9055215254866772
[2024-02-29 14:36:30,593] INFO - epoch: 1/500, iteration: 318/3125, loss: 0.8238597358632838
[2024-02-29 14:36:32,197] INFO - epoch: 1/500, iteration: 319/3125, loss: 0.81270823750609
[2024-02-29 14:36:33,809] INFO - epoch: 1/500, iteration: 320/3125, loss: 0.8583026379195803
[2024-02-29 14:36:35,424] INFO - epoch: 1/500, iteration: 321/3125, loss: 0.9003668181845635
[2024-02-29 14:36:37,054] INFO - epoch: 1/500, iteration: 322/3125, loss: 0.8851092510470546
[2024-02-29 14:36:38,678] INFO - epoch: 1/500, iteration: 323/3125, loss: 0.7860455272694784
[2024-02-29 14:36:40,309] INFO - epoch: 1/500, iteration: 324/3125, loss: 0.9145991777540358
[2024-02-29 14:36:41,920] INFO - epoch: 1/500, iteration: 325/3125, loss: 0.8841129596073255
[2024-02-29 14:36:43,526] INFO - epoch: 1/500, iteration: 326/3125, loss: 0.7950657763328582
[2024-02-29 14:36:45,157] INFO - epoch: 1/500, iteration: 327/3125, loss: 0.9009374271960648
[2024-02-29 14:36:46,777] INFO - epoch: 1/500, iteration: 328/3125, loss: 0.8632329639600924
[2024-02-29 14:36:48,394] INFO - epoch: 1/500, iteration: 329/3125, loss: 0.888214925014213
[2024-02-29 14:36:50,017] INFO - epoch: 1/500, iteration: 330/3125, loss: 0.8696382835918861
[2024-02-29 14:36:51,630] INFO - epoch: 1/500, iteration: 331/3125, loss: 0.7801224433439172
[2024-02-29 14:36:53,235] INFO - epoch: 1/500, iteration: 332/3125, loss: 0.8167540113938544
[2024-02-29 14:36:54,845] INFO - epoch: 1/500, iteration: 333/3125, loss: 0.8834584740729845
[2024-02-29 14:36:56,450] INFO - epoch: 1/500, iteration: 334/3125, loss: 0.8343374097841659
[2024-02-29 14:36:58,062] INFO - epoch: 1/500, iteration: 335/3125, loss: 0.7417065786456972
[2024-02-29 14:36:59,675] INFO - epoch: 1/500, iteration: 336/3125, loss: 0.8866256824004886
[2024-02-29 14:37:01,279] INFO - epoch: 1/500, iteration: 337/3125, loss: 0.8537376924493243
[2024-02-29 14:37:02,883] INFO - epoch: 1/500, iteration: 338/3125, loss: 0.8956051936447981
[2024-02-29 14:37:04,512] INFO - epoch: 1/500, iteration: 339/3125, loss: 0.8861740837760885
[2024-02-29 14:37:06,123] INFO - epoch: 1/500, iteration: 340/3125, loss: 0.8166308727403879
[2024-02-29 14:37:07,739] INFO - epoch: 1/500, iteration: 341/3125, loss: 0.8770750506717662
[2024-02-29 14:37:09,361] INFO - epoch: 1/500, iteration: 342/3125, loss: 0.8455550288414435
[2024-02-29 14:37:10,967] INFO - epoch: 1/500, iteration: 343/3125, loss: 0.8566106562096535
[2024-02-29 14:37:12,571] INFO - epoch: 1/500, iteration: 344/3125, loss: 0.8466270816928888
[2024-02-29 14:37:14,189] INFO - epoch: 1/500, iteration: 345/3125, loss: 0.7954538663352372
[2024-02-29 14:37:15,822] INFO - epoch: 1/500, iteration: 346/3125, loss: 0.8305562488020364
[2024-02-29 14:37:17,462] INFO - epoch: 1/500, iteration: 347/3125, loss: 0.8901725557473712
[2024-02-29 14:37:19,083] INFO - epoch: 1/500, iteration: 348/3125, loss: 0.8630351520685828
[2024-02-29 14:37:20,710] INFO - epoch: 1/500, iteration: 349/3125, loss: 0.8347884576528939
[2024-02-29 14:37:22,334] INFO - epoch: 1/500, iteration: 350/3125, loss: 0.7941227121573082
[2024-02-29 14:37:23,956] INFO - epoch: 1/500, iteration: 351/3125, loss: 0.7648306808877293
[2024-02-29 14:37:25,594] INFO - epoch: 1/500, iteration: 352/3125, loss: 0.8648768918221543
[2024-02-29 14:37:27,215] INFO - epoch: 1/500, iteration: 353/3125, loss: 0.8311122484642394
[2024-02-29 14:37:28,842] INFO - epoch: 1/500, iteration: 354/3125, loss: 0.8095324162222775
[2024-02-29 14:37:30,463] INFO - epoch: 1/500, iteration: 355/3125, loss: 0.7904284105338079
[2024-02-29 14:37:32,094] INFO - epoch: 1/500, iteration: 356/3125, loss: 0.8048904015116858
[2024-02-29 14:37:33,721] INFO - epoch: 1/500, iteration: 357/3125, loss: 0.8286972584699276
[2024-02-29 14:37:35,341] INFO - epoch: 1/500, iteration: 358/3125, loss: 0.9220747984626486
[2024-02-29 14:37:36,973] INFO - epoch: 1/500, iteration: 359/3125, loss: 0.7933040354344961
[2024-02-29 14:37:38,622] INFO - epoch: 1/500, iteration: 360/3125, loss: 0.8498008952650448
[2024-02-29 14:37:40,250] INFO - epoch: 1/500, iteration: 361/3125, loss: 0.8582406909481013
[2024-02-29 14:37:41,868] INFO - epoch: 1/500, iteration: 362/3125, loss: 0.9014142135555564
[2024-02-29 14:37:43,490] INFO - epoch: 1/500, iteration: 363/3125, loss: 0.8331872793026072
[2024-02-29 14:37:45,113] INFO - epoch: 1/500, iteration: 364/3125, loss: 0.8664003003121339
[2024-02-29 14:37:46,733] INFO - epoch: 1/500, iteration: 365/3125, loss: 0.8142421632427459
[2024-02-29 14:37:48,351] INFO - epoch: 1/500, iteration: 366/3125, loss: 0.8129847857602494
[2024-02-29 14:37:49,981] INFO - epoch: 1/500, iteration: 367/3125, loss: 0.8516793345761745
[2024-02-29 14:37:51,600] INFO - epoch: 1/500, iteration: 368/3125, loss: 0.822716113887213
[2024-02-29 14:37:53,217] INFO - epoch: 1/500, iteration: 369/3125, loss: 0.8160369583748708
[2024-02-29 14:37:54,834] INFO - epoch: 1/500, iteration: 370/3125, loss: 0.8611605042021706
[2024-02-29 14:37:56,472] INFO - epoch: 1/500, iteration: 371/3125, loss: 0.825845090458564
[2024-02-29 14:37:58,092] INFO - epoch: 1/500, iteration: 372/3125, loss: 0.8102340838416259
[2024-02-29 14:37:59,701] INFO - epoch: 1/500, iteration: 373/3125, loss: 0.829892128643702
[2024-02-29 14:38:01,315] INFO - epoch: 1/500, iteration: 374/3125, loss: 0.8248934520443201
[2024-02-29 14:38:02,940] INFO - epoch: 1/500, iteration: 375/3125, loss: 0.7750055869622402
[2024-02-29 14:38:04,557] INFO - epoch: 1/500, iteration: 376/3125, loss: 0.8316311909135098
[2024-02-29 14:38:06,182] INFO - epoch: 1/500, iteration: 377/3125, loss: 0.9079391603296947
[2024-02-29 14:38:07,795] INFO - epoch: 1/500, iteration: 378/3125, loss: 0.8797660508164885
[2024-02-29 14:38:09,409] INFO - epoch: 1/500, iteration: 379/3125, loss: 0.7617380019420349
[2024-02-29 14:38:11,033] INFO - epoch: 1/500, iteration: 380/3125, loss: 0.8456578803488484
[2024-02-29 14:38:12,645] INFO - epoch: 1/500, iteration: 381/3125, loss: 0.7902261953624644
[2024-02-29 14:38:14,267] INFO - epoch: 1/500, iteration: 382/3125, loss: 0.8644808683358143
[2024-02-29 14:38:15,891] INFO - epoch: 1/500, iteration: 383/3125, loss: 0.817435436789471
[2024-02-29 14:38:17,513] INFO - epoch: 1/500, iteration: 384/3125, loss: 0.8775937982042443
[2024-02-29 14:38:19,129] INFO - epoch: 1/500, iteration: 385/3125, loss: 0.7904366431226957
[2024-02-29 14:38:20,747] INFO - epoch: 1/500, iteration: 386/3125, loss: 0.767685660036121
[2024-02-29 14:38:22,366] INFO - epoch: 1/500, iteration: 387/3125, loss: 0.8155297968065663
[2024-02-29 14:38:23,989] INFO - epoch: 1/500, iteration: 388/3125, loss: 0.8462269476197771
[2024-02-29 14:38:25,614] INFO - epoch: 1/500, iteration: 389/3125, loss: 0.8353898300110029
[2024-02-29 14:38:27,231] INFO - epoch: 1/500, iteration: 390/3125, loss: 0.8339953232227947
[2024-02-29 14:38:28,849] INFO - epoch: 1/500, iteration: 391/3125, loss: 0.8403182435398568
[2024-02-29 14:38:30,467] INFO - epoch: 1/500, iteration: 392/3125, loss: 0.8988969608456073
[2024-02-29 14:38:32,080] INFO - epoch: 1/500, iteration: 393/3125, loss: 0.7703717870452033
[2024-02-29 14:38:33,697] INFO - epoch: 1/500, iteration: 394/3125, loss: 0.8712560673896896
[2024-02-29 14:38:35,304] INFO - epoch: 1/500, iteration: 395/3125, loss: 0.8621349191822525
[2024-02-29 14:38:36,932] INFO - epoch: 1/500, iteration: 396/3125, loss: 0.8726999946324218
[2024-02-29 14:38:38,548] INFO - epoch: 1/500, iteration: 397/3125, loss: 0.8284445828969851
[2024-02-29 14:38:40,172] INFO - epoch: 1/500, iteration: 398/3125, loss: 0.8179580907055837
[2024-02-29 14:38:41,786] INFO - epoch: 1/500, iteration: 399/3125, loss: 0.7865943945267598
[2024-02-29 14:38:43,414] INFO - epoch: 1/500, iteration: 400/3125, loss: 0.9298687399683401
[2024-02-29 14:38:45,032] INFO - epoch: 1/500, iteration: 401/3125, loss: 0.775240349403399
[2024-02-29 14:38:46,652] INFO - epoch: 1/500, iteration: 402/3125, loss: 0.8866701423255423
[2024-02-29 14:38:48,247] INFO - epoch: 1/500, iteration: 403/3125, loss: 0.9151639709399473
[2024-02-29 14:38:49,861] INFO - epoch: 1/500, iteration: 404/3125, loss: 0.8031613667685047
[2024-02-29 14:38:51,491] INFO - epoch: 1/500, iteration: 405/3125, loss: 0.8258621980371397
[2024-02-29 14:38:53,109] INFO - epoch: 1/500, iteration: 406/3125, loss: 0.8461416137893077
[2024-02-29 14:38:54,712] INFO - epoch: 1/500, iteration: 407/3125, loss: 0.8418612242536728
[2024-02-29 14:38:56,323] INFO - epoch: 1/500, iteration: 408/3125, loss: 0.8108723644393487
[2024-02-29 14:38:57,939] INFO - epoch: 1/500, iteration: 409/3125, loss: 0.8256469817157723
[2024-02-29 14:38:59,548] INFO - epoch: 1/500, iteration: 410/3125, loss: 0.8375635407497638
[2024-02-29 14:39:01,169] INFO - epoch: 1/500, iteration: 411/3125, loss: 0.8635214332861844
[2024-02-29 14:39:02,788] INFO - epoch: 1/500, iteration: 412/3125, loss: 0.8151186918060629
[2024-02-29 14:39:04,419] INFO - epoch: 1/500, iteration: 413/3125, loss: 0.8537972561119755
[2024-02-29 14:39:06,029] INFO - epoch: 1/500, iteration: 414/3125, loss: 0.8574978616053298
[2024-02-29 14:39:07,637] INFO - epoch: 1/500, iteration: 415/3125, loss: 0.8536872809988366
[2024-02-29 14:39:09,279] INFO - epoch: 1/500, iteration: 416/3125, loss: 0.8162120946953436
[2024-02-29 14:39:10,894] INFO - epoch: 1/500, iteration: 417/3125, loss: 0.7979193042454774
[2024-02-29 14:39:12,506] INFO - epoch: 1/500, iteration: 418/3125, loss: 0.9024045116699636
[2024-02-29 14:39:14,115] INFO - epoch: 1/500, iteration: 419/3125, loss: 0.8903645427717499
[2024-02-29 14:39:15,732] INFO - epoch: 1/500, iteration: 420/3125, loss: 0.8186309683575073
[2024-02-29 14:39:17,364] INFO - epoch: 1/500, iteration: 421/3125, loss: 0.8383197005640286
[2024-02-29 14:39:18,970] INFO - epoch: 1/500, iteration: 422/3125, loss: 0.7415527718716355
[2024-02-29 14:39:20,588] INFO - epoch: 1/500, iteration: 423/3125, loss: 0.7617906356020918
[2024-02-29 14:39:22,220] INFO - epoch: 1/500, iteration: 424/3125, loss: 0.7999200681778721
[2024-02-29 14:39:23,831] INFO - epoch: 1/500, iteration: 425/3125, loss: 0.8157764725317538
[2024-02-29 14:39:25,446] INFO - epoch: 1/500, iteration: 426/3125, loss: 0.8385721970440371
[2024-02-29 14:39:27,058] INFO - epoch: 1/500, iteration: 427/3125, loss: 0.7956130508326372
[2024-02-29 14:39:28,692] INFO - epoch: 1/500, iteration: 428/3125, loss: 0.9487081808724013
[2024-02-29 14:39:30,307] INFO - epoch: 1/500, iteration: 429/3125, loss: 0.8359783303745629
[2024-02-29 14:39:31,910] INFO - epoch: 1/500, iteration: 430/3125, loss: 0.8221374959101856
[2024-02-29 14:39:33,523] INFO - epoch: 1/500, iteration: 431/3125, loss: 0.894922306429095
[2024-02-29 14:39:35,133] INFO - epoch: 1/500, iteration: 432/3125, loss: 0.8946880771895572
[2024-02-29 14:39:36,752] INFO - epoch: 1/500, iteration: 433/3125, loss: 0.9147680745164666
[2024-02-29 14:39:38,353] INFO - epoch: 1/500, iteration: 434/3125, loss: 0.774081319797997
[2024-02-29 14:39:39,969] INFO - epoch: 1/500, iteration: 435/3125, loss: 0.8395850842656861
[2024-02-29 14:39:41,587] INFO - epoch: 1/500, iteration: 436/3125, loss: 0.8055915320943283
[2024-02-29 14:39:43,195] INFO - epoch: 1/500, iteration: 437/3125, loss: 0.8024185676474199
[2024-02-29 14:39:44,816] INFO - epoch: 1/500, iteration: 438/3125, loss: 0.8154708404925696
[2024-02-29 14:39:46,427] INFO - epoch: 1/500, iteration: 439/3125, loss: 0.82888441109779
[2024-02-29 14:39:48,049] INFO - epoch: 1/500, iteration: 440/3125, loss: 0.8266608803582728
[2024-02-29 14:39:49,656] INFO - epoch: 1/500, iteration: 441/3125, loss: 0.7881748206295727
[2024-02-29 14:39:51,265] INFO - epoch: 1/500, iteration: 442/3125, loss: 0.8080711707937143
[2024-02-29 14:39:52,879] INFO - epoch: 1/500, iteration: 443/3125, loss: 0.883553745008574
[2024-02-29 14:39:54,492] INFO - epoch: 1/500, iteration: 444/3125, loss: 0.8851710201726012
[2024-02-29 14:39:56,100] INFO - epoch: 1/500, iteration: 445/3125, loss: 0.7525351508282533
[2024-02-29 14:39:57,714] INFO - epoch: 1/500, iteration: 446/3125, loss: 0.845608473718737
[2024-02-29 14:39:59,352] INFO - epoch: 1/500, iteration: 447/3125, loss: 0.8549035588279299
[2024-02-29 14:40:00,975] INFO - epoch: 1/500, iteration: 448/3125, loss: 0.8178948500859551
[2024-02-29 14:40:02,602] INFO - epoch: 1/500, iteration: 449/3125, loss: 0.807566040488552
[2024-02-29 14:40:04,225] INFO - epoch: 1/500, iteration: 450/3125, loss: 0.8500512913488103
[2024-02-29 14:40:05,860] INFO - epoch: 1/500, iteration: 451/3125, loss: 0.8833515939722811
[2024-02-29 14:40:07,482] INFO - epoch: 1/500, iteration: 452/3125, loss: 0.8596114473821164
[2024-02-29 14:40:09,117] INFO - epoch: 1/500, iteration: 453/3125, loss: 0.8051679822270221
[2024-02-29 14:40:10,765] INFO - epoch: 1/500, iteration: 454/3125, loss: 0.7758546633021024
[2024-02-29 14:40:12,395] INFO - epoch: 1/500, iteration: 455/3125, loss: 0.7880536532877936
[2024-02-29 14:40:14,008] INFO - epoch: 1/500, iteration: 456/3125, loss: 0.7891742600537298
[2024-02-29 14:40:15,623] INFO - epoch: 1/500, iteration: 457/3125, loss: 0.8916846416883936
[2024-02-29 14:40:17,243] INFO - epoch: 1/500, iteration: 458/3125, loss: 0.8021012730472225
[2024-02-29 14:40:18,860] INFO - epoch: 1/500, iteration: 459/3125, loss: 0.7693086110689146
[2024-02-29 14:40:20,483] INFO - epoch: 1/500, iteration: 460/3125, loss: 0.8725379714780156
[2024-02-29 14:40:22,104] INFO - epoch: 1/500, iteration: 461/3125, loss: 0.8605058787372557
[2024-02-29 14:40:23,716] INFO - epoch: 1/500, iteration: 462/3125, loss: 0.8127421572900477
[2024-02-29 14:40:25,333] INFO - epoch: 1/500, iteration: 463/3125, loss: 0.8782931746431303
[2024-02-29 14:40:26,952] INFO - epoch: 1/500, iteration: 464/3125, loss: 0.830409876860361
[2024-02-29 14:40:28,569] INFO - epoch: 1/500, iteration: 465/3125, loss: 0.7560131344794356
[2024-02-29 14:40:30,194] INFO - epoch: 1/500, iteration: 466/3125, loss: 0.8101520862583311
[2024-02-29 14:40:31,836] INFO - epoch: 1/500, iteration: 467/3125, loss: 0.9751079536649861
[2024-02-29 14:40:33,471] INFO - epoch: 1/500, iteration: 468/3125, loss: 0.8685407892266295
[2024-02-29 14:40:35,093] INFO - epoch: 1/500, iteration: 469/3125, loss: 0.7135662994046572
[2024-02-29 14:40:36,706] INFO - epoch: 1/500, iteration: 470/3125, loss: 0.8517595331408246
[2024-02-29 14:40:38,335] INFO - epoch: 1/500, iteration: 471/3125, loss: 0.7717500106205535
[2024-02-29 14:40:39,951] INFO - epoch: 1/500, iteration: 472/3125, loss: 0.8167317943718607
[2024-02-29 14:40:41,554] INFO - epoch: 1/500, iteration: 473/3125, loss: 0.8690160854763491
[2024-02-29 14:40:43,163] INFO - epoch: 1/500, iteration: 474/3125, loss: 0.8455586410005154
[2024-02-29 14:40:44,775] INFO - epoch: 1/500, iteration: 475/3125, loss: 0.8859584566033958
[2024-02-29 14:40:46,407] INFO - epoch: 1/500, iteration: 476/3125, loss: 0.8286014170370909
[2024-02-29 14:40:48,050] INFO - epoch: 1/500, iteration: 477/3125, loss: 0.8564388047439985
[2024-02-29 14:40:49,670] INFO - epoch: 1/500, iteration: 478/3125, loss: 0.8408490373241162
[2024-02-29 14:40:51,287] INFO - epoch: 1/500, iteration: 479/3125, loss: 0.8537821404100877
[2024-02-29 14:40:52,911] INFO - epoch: 1/500, iteration: 480/3125, loss: 0.8545242146579632
[2024-02-29 14:40:54,526] INFO - epoch: 1/500, iteration: 481/3125, loss: 0.8636971281121634
[2024-02-29 14:40:56,150] INFO - epoch: 1/500, iteration: 482/3125, loss: 0.8519933739501485
[2024-02-29 14:40:57,769] INFO - epoch: 1/500, iteration: 483/3125, loss: 0.8906097545908748
[2024-02-29 14:40:59,402] INFO - epoch: 1/500, iteration: 484/3125, loss: 0.7781675862756915
[2024-02-29 14:41:01,023] INFO - epoch: 1/500, iteration: 485/3125, loss: 0.8579576830588098
[2024-02-29 14:41:02,638] INFO - epoch: 1/500, iteration: 486/3125, loss: 0.8050934592062812
[2024-02-29 14:41:04,255] INFO - epoch: 1/500, iteration: 487/3125, loss: 0.8158055270204317
[2024-02-29 14:41:05,876] INFO - epoch: 1/500, iteration: 488/3125, loss: 0.8722862601077535
[2024-02-29 14:41:07,491] INFO - epoch: 1/500, iteration: 489/3125, loss: 0.8241093763369385
[2024-02-29 14:41:09,109] INFO - epoch: 1/500, iteration: 490/3125, loss: 0.8533212068531189
[2024-02-29 14:41:10,729] INFO - epoch: 1/500, iteration: 491/3125, loss: 0.8501692692869941
[2024-02-29 14:41:12,338] INFO - epoch: 1/500, iteration: 492/3125, loss: 0.88923073676448
[2024-02-29 14:41:13,966] INFO - epoch: 1/500, iteration: 493/3125, loss: 0.82094809622745
[2024-02-29 14:41:15,588] INFO - epoch: 1/500, iteration: 494/3125, loss: 0.9080850197558693
[2024-02-29 14:41:17,206] INFO - epoch: 1/500, iteration: 495/3125, loss: 0.8443173041711086
[2024-02-29 14:41:18,819] INFO - epoch: 1/500, iteration: 496/3125, loss: 0.8196728075187218
[2024-02-29 14:41:20,442] INFO - epoch: 1/500, iteration: 497/3125, loss: 0.8297401412496103
[2024-02-29 14:41:22,069] INFO - epoch: 1/500, iteration: 498/3125, loss: 0.9381631692560569
[2024-02-29 14:41:23,688] INFO - epoch: 1/500, iteration: 499/3125, loss: 0.7723333957836559
[2024-02-29 14:41:25,313] INFO - epoch: 1/500, iteration: 500/3125, loss: 0.7948539517609176
[2024-02-29 14:41:26,954] INFO - epoch: 1/500, iteration: 501/3125, loss: 0.8275925749758636
[2024-02-29 14:41:28,581] INFO - epoch: 1/500, iteration: 502/3125, loss: 0.8357201105911402
[2024-02-29 14:41:30,193] INFO - epoch: 1/500, iteration: 503/3125, loss: 0.847697992182759
[2024-02-29 14:41:31,814] INFO - epoch: 1/500, iteration: 504/3125, loss: 0.7994228367524633
[2024-02-29 14:41:33,447] INFO - epoch: 1/500, iteration: 505/3125, loss: 0.8021968338481493
[2024-02-29 14:41:35,073] INFO - epoch: 1/500, iteration: 506/3125, loss: 0.827720489154668
[2024-02-29 14:41:36,707] INFO - epoch: 1/500, iteration: 507/3125, loss: 0.841156603705813
[2024-02-29 14:41:38,351] INFO - epoch: 1/500, iteration: 508/3125, loss: 0.7938691736270219
[2024-02-29 14:41:39,980] INFO - epoch: 1/500, iteration: 509/3125, loss: 0.8412918639199467
[2024-02-29 14:41:41,606] INFO - epoch: 1/500, iteration: 510/3125, loss: 0.895851619096729
[2024-02-29 14:41:43,235] INFO - epoch: 1/500, iteration: 511/3125, loss: 0.8142428906108603
[2024-02-29 14:41:44,877] INFO - epoch: 1/500, iteration: 512/3125, loss: 0.7866231084837435
[2024-02-29 14:41:46,511] INFO - epoch: 1/500, iteration: 513/3125, loss: 0.7894963283056631
[2024-02-29 14:41:48,159] INFO - epoch: 1/500, iteration: 514/3125, loss: 0.8788101621784979
[2024-02-29 14:41:49,780] INFO - epoch: 1/500, iteration: 515/3125, loss: 0.8144431201598986
[2024-02-29 14:41:51,400] INFO - epoch: 1/500, iteration: 516/3125, loss: 0.8289853311785662
[2024-02-29 14:41:53,019] INFO - epoch: 1/500, iteration: 517/3125, loss: 0.8523591507199197
[2024-02-29 14:41:54,672] INFO - epoch: 1/500, iteration: 518/3125, loss: 0.7601878805684046
[2024-02-29 14:41:56,306] INFO - epoch: 1/500, iteration: 519/3125, loss: 0.8116682858145948
[2024-02-29 14:41:57,920] INFO - epoch: 1/500, iteration: 520/3125, loss: 0.8243774808212128
[2024-02-29 14:41:59,539] INFO - epoch: 1/500, iteration: 521/3125, loss: 0.8385295775543529
[2024-02-29 14:42:01,156] INFO - epoch: 1/500, iteration: 522/3125, loss: 0.8524145775898415
[2024-02-29 14:42:02,799] INFO - epoch: 1/500, iteration: 523/3125, loss: 0.9289759072473359
[2024-02-29 14:42:04,440] INFO - epoch: 1/500, iteration: 524/3125, loss: 0.8946391255293401
[2024-02-29 14:42:06,064] INFO - epoch: 1/500, iteration: 525/3125, loss: 0.8654656684590737
[2024-02-29 14:42:07,688] INFO - epoch: 1/500, iteration: 526/3125, loss: 0.8781543627255359
[2024-02-29 14:42:09,333] INFO - epoch: 1/500, iteration: 527/3125, loss: 0.7818377363506739
[2024-02-29 14:42:10,957] INFO - epoch: 1/500, iteration: 528/3125, loss: 0.8251143152333603
[2024-02-29 14:42:12,585] INFO - epoch: 1/500, iteration: 529/3125, loss: 0.8075801044870955
[2024-02-29 14:42:14,207] INFO - epoch: 1/500, iteration: 530/3125, loss: 0.9038952276049055
[2024-02-29 14:42:15,834] INFO - epoch: 1/500, iteration: 531/3125, loss: 0.868846361273614
[2024-02-29 14:42:17,479] INFO - epoch: 1/500, iteration: 532/3125, loss: 0.8319551635145267
[2024-02-29 14:42:19,106] INFO - epoch: 1/500, iteration: 533/3125, loss: 0.767420405201757
[2024-02-29 14:42:20,721] INFO - epoch: 1/500, iteration: 534/3125, loss: 0.8475084769724325
[2024-02-29 14:42:22,339] INFO - epoch: 1/500, iteration: 535/3125, loss: 0.8132425584707409
[2024-02-29 14:42:23,962] INFO - epoch: 1/500, iteration: 536/3125, loss: 0.7416047472296265
[2024-02-29 14:42:25,584] INFO - epoch: 1/500, iteration: 537/3125, loss: 0.7989621273335491
[2024-02-29 14:42:27,219] INFO - epoch: 1/500, iteration: 538/3125, loss: 0.828343959037929
[2024-02-29 14:42:28,848] INFO - epoch: 1/500, iteration: 539/3125, loss: 0.8522408856658539
[2024-02-29 14:42:30,465] INFO - epoch: 1/500, iteration: 540/3125, loss: 0.818442262625485
[2024-02-29 14:42:32,089] INFO - epoch: 1/500, iteration: 541/3125, loss: 0.7793356589586501
[2024-02-29 14:42:33,703] INFO - epoch: 1/500, iteration: 542/3125, loss: 0.8325704762335678
[2024-02-29 14:42:35,346] INFO - epoch: 1/500, iteration: 543/3125, loss: 0.8534389152235777
[2024-02-29 14:42:36,971] INFO - epoch: 1/500, iteration: 544/3125, loss: 0.7476013306656588
[2024-02-29 14:42:38,612] INFO - epoch: 1/500, iteration: 545/3125, loss: 0.842509564949014
[2024-02-29 14:42:40,242] INFO - epoch: 1/500, iteration: 546/3125, loss: 0.80643529647028
[2024-02-29 14:42:41,863] INFO - epoch: 1/500, iteration: 547/3125, loss: 0.8839703624382493
[2024-02-29 14:42:43,474] INFO - epoch: 1/500, iteration: 548/3125, loss: 0.8775847215406019
[2024-02-29 14:42:45,086] INFO - epoch: 1/500, iteration: 549/3125, loss: 0.8899990896339307
[2024-02-29 14:42:46,726] INFO - epoch: 1/500, iteration: 550/3125, loss: 0.8571101968786247
[2024-02-29 14:42:48,363] INFO - epoch: 1/500, iteration: 551/3125, loss: 0.8186982361265778
[2024-02-29 14:42:50,000] INFO - epoch: 1/500, iteration: 552/3125, loss: 0.8405231118242991
[2024-02-29 14:42:51,655] INFO - epoch: 1/500, iteration: 553/3125, loss: 0.8278797231417238
[2024-02-29 14:42:53,289] INFO - epoch: 1/500, iteration: 554/3125, loss: 0.7610753652719497
[2024-02-29 14:42:54,920] INFO - epoch: 1/500, iteration: 555/3125, loss: 0.9052046055770095
[2024-02-29 14:42:56,545] INFO - epoch: 1/500, iteration: 556/3125, loss: 0.7714851853540694
[2024-02-29 14:42:58,157] INFO - epoch: 1/500, iteration: 557/3125, loss: 0.8754010003902504
[2024-02-29 14:42:59,781] INFO - epoch: 1/500, iteration: 558/3125, loss: 0.8386501150068437
[2024-02-29 14:43:01,412] INFO - epoch: 1/500, iteration: 559/3125, loss: 0.8545122398011908
[2024-02-29 14:43:03,033] INFO - epoch: 1/500, iteration: 560/3125, loss: 0.8482213226985585
[2024-02-29 14:43:04,651] INFO - epoch: 1/500, iteration: 561/3125, loss: 0.8725487568460462
[2024-02-29 14:43:06,272] INFO - epoch: 1/500, iteration: 562/3125, loss: 0.8324371792068189
[2024-02-29 14:43:07,912] INFO - epoch: 1/500, iteration: 563/3125, loss: 0.8764096712292999
[2024-02-29 14:43:09,536] INFO - epoch: 1/500, iteration: 564/3125, loss: 0.8829601705766793
[2024-02-29 14:43:11,156] INFO - epoch: 1/500, iteration: 565/3125, loss: 0.8720529013411606
[2024-02-29 14:43:12,775] INFO - epoch: 1/500, iteration: 566/3125, loss: 0.8350651733554535
[2024-02-29 14:43:14,421] INFO - epoch: 1/500, iteration: 567/3125, loss: 0.831440769528131
[2024-02-29 14:43:16,054] INFO - epoch: 1/500, iteration: 568/3125, loss: 0.8937611459033235
[2024-02-29 14:43:17,684] INFO - epoch: 1/500, iteration: 569/3125, loss: 0.9393926873030175
[2024-02-29 14:43:19,309] INFO - epoch: 1/500, iteration: 570/3125, loss: 0.8063112331572765
[2024-02-29 14:43:20,919] INFO - epoch: 1/500, iteration: 571/3125, loss: 0.8048526816757999
[2024-02-29 14:43:22,546] INFO - epoch: 1/500, iteration: 572/3125, loss: 0.8640725421994275
[2024-02-29 14:43:24,164] INFO - epoch: 1/500, iteration: 573/3125, loss: 0.7700742803426232
[2024-02-29 14:43:25,787] INFO - epoch: 1/500, iteration: 574/3125, loss: 0.7840906091779355
[2024-02-29 14:43:27,414] INFO - epoch: 1/500, iteration: 575/3125, loss: 0.8392392333594393
[2024-02-29 14:43:29,055] INFO - epoch: 1/500, iteration: 576/3125, loss: 0.832130758862563
[2024-02-29 14:43:30,674] INFO - epoch: 1/500, iteration: 577/3125, loss: 0.8043816359334853
[2024-02-29 14:43:32,304] INFO - epoch: 1/500, iteration: 578/3125, loss: 0.8257752256396342
[2024-02-29 14:43:33,929] INFO - epoch: 1/500, iteration: 579/3125, loss: 0.8050199285321139
[2024-02-29 14:43:35,552] INFO - epoch: 1/500, iteration: 580/3125, loss: 0.8270142996654174
[2024-02-29 14:43:37,174] INFO - epoch: 1/500, iteration: 581/3125, loss: 0.8333647205444489
[2024-02-29 14:43:38,791] INFO - epoch: 1/500, iteration: 582/3125, loss: 0.8012071793842082
[2024-02-29 14:43:40,423] INFO - epoch: 1/500, iteration: 583/3125, loss: 0.8535758435635958
[2024-02-29 14:43:42,044] INFO - epoch: 1/500, iteration: 584/3125, loss: 0.8976544305140367
[2024-02-29 14:43:43,662] INFO - epoch: 1/500, iteration: 585/3125, loss: 0.8399238927368589
[2024-02-29 14:43:45,278] INFO - epoch: 1/500, iteration: 586/3125, loss: 0.8417756539824187
[2024-02-29 14:43:46,898] INFO - epoch: 1/500, iteration: 587/3125, loss: 0.7680269855180777
[2024-02-29 14:43:48,523] INFO - epoch: 1/500, iteration: 588/3125, loss: 0.9029079148523983
[2024-02-29 14:43:50,138] INFO - epoch: 1/500, iteration: 589/3125, loss: 0.880523514706353
[2024-02-29 14:43:51,790] INFO - epoch: 1/500, iteration: 590/3125, loss: 0.8053999901403054
[2024-02-29 14:43:53,420] INFO - epoch: 1/500, iteration: 591/3125, loss: 0.9510542962679338
[2024-02-29 14:43:55,039] INFO - epoch: 1/500, iteration: 592/3125, loss: 0.8090929251426643
[2024-02-29 14:43:56,670] INFO - epoch: 1/500, iteration: 593/3125, loss: 0.834891891763135
[2024-02-29 14:43:58,291] INFO - epoch: 1/500, iteration: 594/3125, loss: 0.751003657966077
[2024-02-29 14:43:59,897] INFO - epoch: 1/500, iteration: 595/3125, loss: 0.8551931072018609
[2024-02-29 14:44:01,515] INFO - epoch: 1/500, iteration: 596/3125, loss: 0.7969040818548561
[2024-02-29 14:44:03,137] INFO - epoch: 1/500, iteration: 597/3125, loss: 0.8071838958230422
[2024-02-29 14:44:04,768] INFO - epoch: 1/500, iteration: 598/3125, loss: 0.8886806535249591
[2024-02-29 14:44:06,395] INFO - epoch: 1/500, iteration: 599/3125, loss: 0.8230734028030681
[2024-02-29 14:44:08,013] INFO - epoch: 1/500, iteration: 600/3125, loss: 0.8359954493707834
[2024-02-29 14:44:09,634] INFO - epoch: 1/500, iteration: 601/3125, loss: 0.7782242367196494
[2024-02-29 14:44:11,267] INFO - epoch: 1/500, iteration: 602/3125, loss: 0.879468343921115
[2024-02-29 14:44:12,897] INFO - epoch: 1/500, iteration: 603/3125, loss: 0.8450764681723438
[2024-02-29 14:44:14,521] INFO - epoch: 1/500, iteration: 604/3125, loss: 0.8309914668323675
[2024-02-29 14:44:16,149] INFO - epoch: 1/500, iteration: 605/3125, loss: 0.8080301825286875
[2024-02-29 14:44:17,783] INFO - epoch: 1/500, iteration: 606/3125, loss: 0.8340561137148351
[2024-02-29 14:44:19,404] INFO - epoch: 1/500, iteration: 607/3125, loss: 0.804370521137034
[2024-02-29 14:44:21,026] INFO - epoch: 1/500, iteration: 608/3125, loss: 0.8211038204114323
[2024-02-29 14:44:22,656] INFO - epoch: 1/500, iteration: 609/3125, loss: 0.8473145825268159
[2024-02-29 14:44:24,283] INFO - epoch: 1/500, iteration: 610/3125, loss: 0.77360970310853
[2024-02-29 14:44:25,914] INFO - epoch: 1/500, iteration: 611/3125, loss: 0.8855350775727951
[2024-02-29 14:44:27,536] INFO - epoch: 1/500, iteration: 612/3125, loss: 0.8236340081640643
[2024-02-29 14:44:29,151] INFO - epoch: 1/500, iteration: 613/3125, loss: 0.8037211216768343
[2024-02-29 14:44:30,782] INFO - epoch: 1/500, iteration: 614/3125, loss: 0.7345971932227733
[2024-02-29 14:44:32,401] INFO - epoch: 1/500, iteration: 615/3125, loss: 0.8687126483520734
[2024-02-29 14:44:34,025] INFO - epoch: 1/500, iteration: 616/3125, loss: 0.7859582394327043
[2024-02-29 14:44:35,650] INFO - epoch: 1/500, iteration: 617/3125, loss: 0.7692273342530689
[2024-02-29 14:44:37,273] INFO - epoch: 1/500, iteration: 618/3125, loss: 0.825187754412375
[2024-02-29 14:44:38,888] INFO - epoch: 1/500, iteration: 619/3125, loss: 0.7996039386040555
[2024-02-29 14:44:40,509] INFO - epoch: 1/500, iteration: 620/3125, loss: 0.8284804099906311
[2024-02-29 14:44:42,128] INFO - epoch: 1/500, iteration: 621/3125, loss: 0.8009708082185253
[2024-02-29 14:44:43,765] INFO - epoch: 1/500, iteration: 622/3125, loss: 0.8071016768032685
[2024-02-29 14:44:45,378] INFO - epoch: 1/500, iteration: 623/3125, loss: 0.8576005606376087
[2024-02-29 14:44:47,010] INFO - epoch: 1/500, iteration: 624/3125, loss: 0.7628906833783404
[2024-02-29 14:44:48,626] INFO - epoch: 1/500, iteration: 625/3125, loss: 0.90426452473201
[2024-02-29 14:44:50,243] INFO - epoch: 1/500, iteration: 626/3125, loss: 0.7558065642580503
[2024-02-29 14:44:51,859] INFO - epoch: 1/500, iteration: 627/3125, loss: 0.790117130194358
[2024-02-29 14:44:53,479] INFO - epoch: 1/500, iteration: 628/3125, loss: 0.89091126561775
[2024-02-29 14:44:55,101] INFO - epoch: 1/500, iteration: 629/3125, loss: 0.8558387874485229
[2024-02-29 14:44:56,725] INFO - epoch: 1/500, iteration: 630/3125, loss: 0.8126294872732525
[2024-02-29 14:44:58,340] INFO - epoch: 1/500, iteration: 631/3125, loss: 0.8998949719876626
[2024-02-29 14:44:59,957] INFO - epoch: 1/500, iteration: 632/3125, loss: 0.7835282673326885
[2024-02-29 14:45:01,571] INFO - epoch: 1/500, iteration: 633/3125, loss: 0.7887534455906299
[2024-02-29 14:45:03,193] INFO - epoch: 1/500, iteration: 634/3125, loss: 0.7545353857414593
[2024-02-29 14:45:04,828] INFO - epoch: 1/500, iteration: 635/3125, loss: 0.9272336500797881
[2024-02-29 14:45:06,444] INFO - epoch: 1/500, iteration: 636/3125, loss: 0.8732739687750534
[2024-02-29 14:45:08,077] INFO - epoch: 1/500, iteration: 637/3125, loss: 0.834958229977032
[2024-02-29 14:45:09,690] INFO - epoch: 1/500, iteration: 638/3125, loss: 0.9805615162453857
[2024-02-29 14:45:11,309] INFO - epoch: 1/500, iteration: 639/3125, loss: 0.8359472212752881
[2024-02-29 14:45:12,924] INFO - epoch: 1/500, iteration: 640/3125, loss: 0.8788526465214404
[2024-02-29 14:45:14,544] INFO - epoch: 1/500, iteration: 641/3125, loss: 0.8905717483570915
[2024-02-29 14:45:16,160] INFO - epoch: 1/500, iteration: 642/3125, loss: 0.8934986258920045
[2024-02-29 14:45:17,787] INFO - epoch: 1/500, iteration: 643/3125, loss: 0.7586813188777407
[2024-02-29 14:45:19,406] INFO - epoch: 1/500, iteration: 644/3125, loss: 0.8353664059134749
[2024-02-29 14:45:21,029] INFO - epoch: 1/500, iteration: 645/3125, loss: 0.7750452565393267
[2024-02-29 14:45:22,642] INFO - epoch: 1/500, iteration: 646/3125, loss: 0.8311405843339079
[2024-02-29 14:45:24,260] INFO - epoch: 1/500, iteration: 647/3125, loss: 0.7723866028990659
[2024-02-29 14:45:25,880] INFO - epoch: 1/500, iteration: 648/3125, loss: 0.9178965815796871
[2024-02-29 14:45:27,497] INFO - epoch: 1/500, iteration: 649/3125, loss: 0.828762778827301
[2024-02-29 14:45:29,118] INFO - epoch: 1/500, iteration: 650/3125, loss: 0.8806936129831948
[2024-02-29 14:45:30,738] INFO - epoch: 1/500, iteration: 651/3125, loss: 0.7836324500073604
[2024-02-29 14:45:32,382] INFO - epoch: 1/500, iteration: 652/3125, loss: 0.8818956296074888
[2024-02-29 14:45:34,004] INFO - epoch: 1/500, iteration: 653/3125, loss: 0.7750603976906046
[2024-02-29 14:45:35,623] INFO - epoch: 1/500, iteration: 654/3125, loss: 0.8124361837363248
[2024-02-29 14:45:37,247] INFO - epoch: 1/500, iteration: 655/3125, loss: 0.8465362493360074
[2024-02-29 14:45:38,867] INFO - epoch: 1/500, iteration: 656/3125, loss: 0.854684421979958
[2024-02-29 14:45:40,495] INFO - epoch: 1/500, iteration: 657/3125, loss: 0.8671849276259603
[2024-02-29 14:45:42,115] INFO - epoch: 1/500, iteration: 658/3125, loss: 0.8327614492379456
[2024-02-29 14:45:43,739] INFO - epoch: 1/500, iteration: 659/3125, loss: 0.8370733013484114
[2024-02-29 14:45:45,358] INFO - epoch: 1/500, iteration: 660/3125, loss: 0.7953184632822018
[2024-02-29 14:45:46,968] INFO - epoch: 1/500, iteration: 661/3125, loss: 0.7884405969839077
[2024-02-29 14:45:48,620] INFO - epoch: 1/500, iteration: 662/3125, loss: 0.9102263254384396
[2024-02-29 14:45:50,251] INFO - epoch: 1/500, iteration: 663/3125, loss: 0.8837315499329002
[2024-02-29 14:45:51,867] INFO - epoch: 1/500, iteration: 664/3125, loss: 0.8080124072736834
[2024-02-29 14:45:53,476] INFO - epoch: 1/500, iteration: 665/3125, loss: 0.8463125617586676
[2024-02-29 14:45:55,097] INFO - epoch: 1/500, iteration: 666/3125, loss: 0.8290302955775523
[2024-02-29 14:45:56,724] INFO - epoch: 1/500, iteration: 667/3125, loss: 0.8340220393852559
[2024-02-29 14:45:58,336] INFO - epoch: 1/500, iteration: 668/3125, loss: 0.8034657560193413
[2024-02-29 14:45:59,963] INFO - epoch: 1/500, iteration: 669/3125, loss: 0.8367393480074984
[2024-02-29 14:46:01,579] INFO - epoch: 1/500, iteration: 670/3125, loss: 0.8025523722310269
[2024-02-29 14:46:03,202] INFO - epoch: 1/500, iteration: 671/3125, loss: 0.8012993674091085
[2024-02-29 14:46:04,825] INFO - epoch: 1/500, iteration: 672/3125, loss: 0.8390673566682871
[2024-02-29 14:46:06,450] INFO - epoch: 1/500, iteration: 673/3125, loss: 0.8404379902077392
[2024-02-29 14:46:08,090] INFO - epoch: 1/500, iteration: 674/3125, loss: 0.7682182815235983
[2024-02-29 14:46:09,726] INFO - epoch: 1/500, iteration: 675/3125, loss: 0.8123324624175978
[2024-02-29 14:46:11,341] INFO - epoch: 1/500, iteration: 676/3125, loss: 0.8155862116599013
[2024-02-29 14:46:12,987] INFO - epoch: 1/500, iteration: 677/3125, loss: 0.8016201422175304
[2024-02-29 14:46:14,619] INFO - epoch: 1/500, iteration: 678/3125, loss: 0.8354432392609442
[2024-02-29 14:46:16,256] INFO - epoch: 1/500, iteration: 679/3125, loss: 0.8088906821110773
[2024-02-29 14:46:17,908] INFO - epoch: 1/500, iteration: 680/3125, loss: 0.7955425090784367
[2024-02-29 14:46:19,530] INFO - epoch: 1/500, iteration: 681/3125, loss: 0.8568458249444925
[2024-02-29 14:46:21,151] INFO - epoch: 1/500, iteration: 682/3125, loss: 0.79006888305039
[2024-02-29 14:46:22,764] INFO - epoch: 1/500, iteration: 683/3125, loss: 0.874486639858954
[2024-02-29 14:46:24,386] INFO - epoch: 1/500, iteration: 684/3125, loss: 0.8403253399847534
[2024-02-29 14:46:26,010] INFO - epoch: 1/500, iteration: 685/3125, loss: 0.8021295955937676
[2024-02-29 14:46:27,645] INFO - epoch: 1/500, iteration: 686/3125, loss: 0.7859988050832658
[2024-02-29 14:46:29,314] INFO - epoch: 1/500, iteration: 687/3125, loss: 0.7933768489359699
[2024-02-29 14:46:30,971] INFO - epoch: 1/500, iteration: 688/3125, loss: 0.8213216787806554
[2024-02-29 14:46:32,604] INFO - epoch: 1/500, iteration: 689/3125, loss: 0.7923864180983818
[2024-02-29 14:46:34,232] INFO - epoch: 1/500, iteration: 690/3125, loss: 0.9281042695163341
[2024-02-29 14:46:35,858] INFO - epoch: 1/500, iteration: 691/3125, loss: 0.79104953327203
[2024-02-29 14:46:37,504] INFO - epoch: 1/500, iteration: 692/3125, loss: 0.7588578065767754
[2024-02-29 14:46:39,125] INFO - epoch: 1/500, iteration: 693/3125, loss: 0.9024077427760037
[2024-02-29 14:46:40,751] INFO - epoch: 1/500, iteration: 694/3125, loss: 0.8308809050189103
[2024-02-29 14:46:42,370] INFO - epoch: 1/500, iteration: 695/3125, loss: 0.8580777054465951
[2024-02-29 14:46:44,000] INFO - epoch: 1/500, iteration: 696/3125, loss: 0.8628204984281672
[2024-02-29 14:46:45,608] INFO - epoch: 1/500, iteration: 697/3125, loss: 0.858709653295225
[2024-02-29 14:46:47,227] INFO - epoch: 1/500, iteration: 698/3125, loss: 0.7837553397802396
[2024-02-29 14:46:48,856] INFO - epoch: 1/500, iteration: 699/3125, loss: 0.848256677774863
[2024-02-29 14:46:50,472] INFO - epoch: 1/500, iteration: 700/3125, loss: 0.8416568505255717
[2024-02-29 14:46:52,086] INFO - epoch: 1/500, iteration: 701/3125, loss: 0.8013025790412995
[2024-02-29 14:46:53,707] INFO - epoch: 1/500, iteration: 702/3125, loss: 0.8318463583050516
[2024-02-29 14:46:55,356] INFO - epoch: 1/500, iteration: 703/3125, loss: 0.8168874675800639
[2024-02-29 14:46:56,994] INFO - epoch: 1/500, iteration: 704/3125, loss: 0.8401888309027342
[2024-02-29 14:46:58,632] INFO - epoch: 1/500, iteration: 705/3125, loss: 0.7815281427624177
[2024-02-29 14:47:00,258] INFO - epoch: 1/500, iteration: 706/3125, loss: 0.8299104470591343
[2024-02-29 14:47:01,897] INFO - epoch: 1/500, iteration: 707/3125, loss: 0.768579145539352
[2024-02-29 14:47:03,533] INFO - epoch: 1/500, iteration: 708/3125, loss: 0.7944485734142434
[2024-02-29 14:47:05,176] INFO - epoch: 1/500, iteration: 709/3125, loss: 0.8319361273562224
[2024-02-29 14:47:06,833] INFO - epoch: 1/500, iteration: 710/3125, loss: 0.8083714100280851
[2024-02-29 14:47:08,449] INFO - epoch: 1/500, iteration: 711/3125, loss: 0.8288417834216524
[2024-02-29 14:47:10,113] INFO - epoch: 1/500, iteration: 712/3125, loss: 0.8228727490301225
[2024-02-29 14:47:11,781] INFO - epoch: 1/500, iteration: 713/3125, loss: 0.830239861453469
[2024-02-29 14:47:13,428] INFO - epoch: 1/500, iteration: 714/3125, loss: 0.9006985541422349
[2024-02-29 14:47:15,083] INFO - epoch: 1/500, iteration: 715/3125, loss: 0.8002601414524282
[2024-02-29 14:47:16,742] INFO - epoch: 1/500, iteration: 716/3125, loss: 0.8629777390370011
[2024-02-29 14:47:18,390] INFO - epoch: 1/500, iteration: 717/3125, loss: 0.8477836003890071
[2024-02-29 14:47:20,056] INFO - epoch: 1/500, iteration: 718/3125, loss: 0.8126021988598322
[2024-02-29 14:47:21,706] INFO - epoch: 1/500, iteration: 719/3125, loss: 0.8520851270707692
[2024-02-29 14:47:23,329] INFO - epoch: 1/500, iteration: 720/3125, loss: 0.8570845061227044
[2024-02-29 14:47:24,944] INFO - epoch: 1/500, iteration: 721/3125, loss: 0.7783654397834792
[2024-02-29 14:47:26,601] INFO - epoch: 1/500, iteration: 722/3125, loss: 0.8512769764241955
[2024-02-29 14:47:28,243] INFO - epoch: 1/500, iteration: 723/3125, loss: 0.7697925559086416
[2024-02-29 14:47:29,871] INFO - epoch: 1/500, iteration: 724/3125, loss: 0.7985859976358883
[2024-02-29 14:47:31,529] INFO - epoch: 1/500, iteration: 725/3125, loss: 0.8558231350233522
[2024-02-29 14:47:33,192] INFO - epoch: 1/500, iteration: 726/3125, loss: 0.88466483332641
[2024-02-29 14:47:34,838] INFO - epoch: 1/500, iteration: 727/3125, loss: 0.813292722777006
[2024-02-29 14:47:36,513] INFO - epoch: 1/500, iteration: 728/3125, loss: 0.7707298671041397
[2024-02-29 14:47:38,135] INFO - epoch: 1/500, iteration: 729/3125, loss: 0.8074125157561488
[2024-02-29 14:47:39,785] INFO - epoch: 1/500, iteration: 730/3125, loss: 0.7558319129735348
[2024-02-29 14:47:41,431] INFO - epoch: 1/500, iteration: 731/3125, loss: 0.7959625957685831
[2024-02-29 14:47:43,072] INFO - epoch: 1/500, iteration: 732/3125, loss: 0.7484035950118922
[2024-02-29 14:47:44,724] INFO - epoch: 1/500, iteration: 733/3125, loss: 0.7845567061401159
[2024-02-29 14:47:46,386] INFO - epoch: 1/500, iteration: 734/3125, loss: 0.7918344511007669
[2024-02-29 14:47:48,034] INFO - epoch: 1/500, iteration: 735/3125, loss: 0.8028435755315344
[2024-02-29 14:47:49,651] INFO - epoch: 1/500, iteration: 736/3125, loss: 0.846367266907213
[2024-02-29 14:47:51,280] INFO - epoch: 1/500, iteration: 737/3125, loss: 0.8771667658293554
[2024-02-29 14:47:52,936] INFO - epoch: 1/500, iteration: 738/3125, loss: 0.8203604584810834
[2024-02-29 14:47:54,617] INFO - epoch: 1/500, iteration: 739/3125, loss: 0.7844894644704701
[2024-02-29 14:47:56,265] INFO - epoch: 1/500, iteration: 740/3125, loss: 0.7640140362674595
[2024-02-29 14:47:57,927] INFO - epoch: 1/500, iteration: 741/3125, loss: 0.8740424719219231
[2024-02-29 14:47:59,581] INFO - epoch: 1/500, iteration: 742/3125, loss: 0.8532717783591984
[2024-02-29 14:48:01,223] INFO - epoch: 1/500, iteration: 743/3125, loss: 0.8546197187768166
[2024-02-29 14:48:02,871] INFO - epoch: 1/500, iteration: 744/3125, loss: 0.8548262203157597
[2024-02-29 14:48:04,498] INFO - epoch: 1/500, iteration: 745/3125, loss: 0.8664541108201028
[2024-02-29 14:48:06,142] INFO - epoch: 1/500, iteration: 746/3125, loss: 0.8522072836340819
[2024-02-29 14:48:07,772] INFO - epoch: 1/500, iteration: 747/3125, loss: 0.8096239012100587
[2024-02-29 14:48:09,415] INFO - epoch: 1/500, iteration: 748/3125, loss: 0.8230176221328511
[2024-02-29 14:48:11,054] INFO - epoch: 1/500, iteration: 749/3125, loss: 0.8152762163700709
[2024-02-29 14:48:12,687] INFO - epoch: 1/500, iteration: 750/3125, loss: 0.870724731139082
[2024-02-29 14:48:14,317] INFO - epoch: 1/500, iteration: 751/3125, loss: 0.8728851992013781
[2024-02-29 14:48:15,956] INFO - epoch: 1/500, iteration: 752/3125, loss: 0.746810299420773
[2024-02-29 14:48:17,606] INFO - epoch: 1/500, iteration: 753/3125, loss: 0.8156638779133034
[2024-02-29 14:48:19,259] INFO - epoch: 1/500, iteration: 754/3125, loss: 0.7974708009980641
[2024-02-29 14:48:20,889] INFO - epoch: 1/500, iteration: 755/3125, loss: 0.920568561106832
[2024-02-29 14:48:22,521] INFO - epoch: 1/500, iteration: 756/3125, loss: 0.779561272466356
[2024-02-29 14:48:24,174] INFO - epoch: 1/500, iteration: 757/3125, loss: 0.9185042756212043
[2024-02-29 14:48:25,828] INFO - epoch: 1/500, iteration: 758/3125, loss: 0.7619953463586894
[2024-02-29 14:48:27,458] INFO - epoch: 1/500, iteration: 759/3125, loss: 0.9303466942361147
[2024-02-29 14:48:29,099] INFO - epoch: 1/500, iteration: 760/3125, loss: 0.7661529778212991
[2024-02-29 14:48:30,745] INFO - epoch: 1/500, iteration: 761/3125, loss: 0.7549532565072989
[2024-02-29 14:48:32,390] INFO - epoch: 1/500, iteration: 762/3125, loss: 0.7869805762316512
[2024-02-29 14:48:34,025] INFO - epoch: 1/500, iteration: 763/3125, loss: 0.8538069388163573
[2024-02-29 14:48:35,691] INFO - epoch: 1/500, iteration: 764/3125, loss: 0.7856903861995778
[2024-02-29 14:48:37,333] INFO - epoch: 1/500, iteration: 765/3125, loss: 0.8111856366213125
[2024-02-29 14:48:38,966] INFO - epoch: 1/500, iteration: 766/3125, loss: 0.7626067311508784
[2024-02-29 14:48:40,590] INFO - epoch: 1/500, iteration: 767/3125, loss: 0.8692816694405309
[2024-02-29 14:48:42,212] INFO - epoch: 1/500, iteration: 768/3125, loss: 0.7490933341197745
[2024-02-29 14:48:43,845] INFO - epoch: 1/500, iteration: 769/3125, loss: 0.9134170387386413
[2024-02-29 14:48:45,480] INFO - epoch: 1/500, iteration: 770/3125, loss: 0.8550390716175391
[2024-02-29 14:48:47,108] INFO - epoch: 1/500, iteration: 771/3125, loss: 0.8466751440916399
[2024-02-29 14:48:48,739] INFO - epoch: 1/500, iteration: 772/3125, loss: 0.8586272640903706
[2024-02-29 14:48:50,355] INFO - epoch: 1/500, iteration: 773/3125, loss: 0.8148620999461954
[2024-02-29 14:48:51,978] INFO - epoch: 1/500, iteration: 774/3125, loss: 0.8355123159645336
[2024-02-29 14:48:53,619] INFO - epoch: 1/500, iteration: 775/3125, loss: 0.8047420084425341
[2024-02-29 14:48:55,250] INFO - epoch: 1/500, iteration: 776/3125, loss: 0.8218481298067374
[2024-02-29 14:48:56,862] INFO - epoch: 1/500, iteration: 777/3125, loss: 0.7311217685438252
[2024-02-29 14:48:58,477] INFO - epoch: 1/500, iteration: 778/3125, loss: 0.8241131930759364
[2024-02-29 14:49:00,106] INFO - epoch: 1/500, iteration: 779/3125, loss: 0.815853858524821
[2024-02-29 14:49:01,737] INFO - epoch: 1/500, iteration: 780/3125, loss: 0.8277555519803633
[2024-02-29 14:49:03,362] INFO - epoch: 1/500, iteration: 781/3125, loss: 0.7880348114300069
[2024-02-29 14:49:04,992] INFO - epoch: 1/500, iteration: 782/3125, loss: 0.855604215441634
[2024-02-29 14:49:06,609] INFO - epoch: 1/500, iteration: 783/3125, loss: 0.8388966540934502
[2024-02-29 14:49:08,222] INFO - epoch: 1/500, iteration: 784/3125, loss: 0.8068696723759068
[2024-02-29 14:49:09,865] INFO - epoch: 1/500, iteration: 785/3125, loss: 0.7927380558846446
[2024-02-29 14:49:11,508] INFO - epoch: 1/500, iteration: 786/3125, loss: 0.8131130790286353
[2024-02-29 14:49:13,127] INFO - epoch: 1/500, iteration: 787/3125, loss: 0.8300089741655248
[2024-02-29 14:49:14,746] INFO - epoch: 1/500, iteration: 788/3125, loss: 0.8663692678430107
[2024-02-29 14:49:16,367] INFO - epoch: 1/500, iteration: 789/3125, loss: 0.7814034055326768
[2024-02-29 14:49:17,995] INFO - epoch: 1/500, iteration: 790/3125, loss: 0.7782449729520742
[2024-02-29 14:49:19,636] INFO - epoch: 1/500, iteration: 791/3125, loss: 0.7730650842843133
[2024-02-29 14:49:21,262] INFO - epoch: 1/500, iteration: 792/3125, loss: 0.8868184248746455
[2024-02-29 14:49:22,885] INFO - epoch: 1/500, iteration: 793/3125, loss: 0.808700180254876
[2024-02-29 14:49:24,518] INFO - epoch: 1/500, iteration: 794/3125, loss: 0.8396529696717063
[2024-02-29 14:49:26,138] INFO - epoch: 1/500, iteration: 795/3125, loss: 0.8303141903773827
[2024-02-29 14:49:27,771] INFO - epoch: 1/500, iteration: 796/3125, loss: 0.8229172555420925
[2024-02-29 14:49:29,388] INFO - epoch: 1/500, iteration: 797/3125, loss: 0.8153411849105524
[2024-02-29 14:49:31,008] INFO - epoch: 1/500, iteration: 798/3125, loss: 0.8360279144217203
[2024-02-29 14:49:32,616] INFO - epoch: 1/500, iteration: 799/3125, loss: 0.8241799928896807
[2024-02-29 14:49:34,245] INFO - epoch: 1/500, iteration: 800/3125, loss: 0.8817690399031631
[2024-02-29 14:49:35,865] INFO - epoch: 1/500, iteration: 801/3125, loss: 0.7833411884546336
[2024-02-29 14:49:37,489] INFO - epoch: 1/500, iteration: 802/3125, loss: 0.7570087177619959
[2024-02-29 14:49:39,130] INFO - epoch: 1/500, iteration: 803/3125, loss: 0.7908587818329755
[2024-02-29 14:49:40,756] INFO - epoch: 1/500, iteration: 804/3125, loss: 0.829672496638275
[2024-02-29 14:49:42,373] INFO - epoch: 1/500, iteration: 805/3125, loss: 0.8043583371770724
[2024-02-29 14:49:43,990] INFO - epoch: 1/500, iteration: 806/3125, loss: 0.7982461472980416
[2024-02-29 14:49:45,627] INFO - epoch: 1/500, iteration: 807/3125, loss: 0.9099719608313696
[2024-02-29 14:49:47,274] INFO - epoch: 1/500, iteration: 808/3125, loss: 0.8243182045795404
[2024-02-29 14:49:48,908] INFO - epoch: 1/500, iteration: 809/3125, loss: 0.7492337297934605
[2024-02-29 14:49:50,563] INFO - epoch: 1/500, iteration: 810/3125, loss: 0.7875147429070517
[2024-02-29 14:49:52,209] INFO - epoch: 1/500, iteration: 811/3125, loss: 0.8285896228672747
[2024-02-29 14:49:53,857] INFO - epoch: 1/500, iteration: 812/3125, loss: 0.7928386506640571
[2024-02-29 14:49:55,508] INFO - epoch: 1/500, iteration: 813/3125, loss: 0.8314870284774231
[2024-02-29 14:49:57,141] INFO - epoch: 1/500, iteration: 814/3125, loss: 0.8830578794321919
[2024-02-29 14:49:58,771] INFO - epoch: 1/500, iteration: 815/3125, loss: 0.88969666222119
[2024-02-29 14:50:00,392] INFO - epoch: 1/500, iteration: 816/3125, loss: 0.7312665172192739
[2024-02-29 14:50:02,012] INFO - epoch: 1/500, iteration: 817/3125, loss: 0.8161040930997493
[2024-02-29 14:50:03,650] INFO - epoch: 1/500, iteration: 818/3125, loss: 0.84267231199699
[2024-02-29 14:50:05,276] INFO - epoch: 1/500, iteration: 819/3125, loss: 0.7398446879909022
[2024-02-29 14:50:06,907] INFO - epoch: 1/500, iteration: 820/3125, loss: 0.8261124184591502
[2024-02-29 14:50:08,536] INFO - epoch: 1/500, iteration: 821/3125, loss: 0.8716302538863355
[2024-02-29 14:50:10,175] INFO - epoch: 1/500, iteration: 822/3125, loss: 0.818163992439069
[2024-02-29 14:50:11,797] INFO - epoch: 1/500, iteration: 823/3125, loss: 0.8090877447299615
[2024-02-29 14:50:13,423] INFO - epoch: 1/500, iteration: 824/3125, loss: 0.8462906348529907
[2024-02-29 14:50:15,048] INFO - epoch: 1/500, iteration: 825/3125, loss: 0.7783516830885028
[2024-02-29 14:50:16,656] INFO - epoch: 1/500, iteration: 826/3125, loss: 0.8504039798135108
[2024-02-29 14:50:18,290] INFO - epoch: 1/500, iteration: 827/3125, loss: 1.034564738613525
[2024-02-29 14:50:19,912] INFO - epoch: 1/500, iteration: 828/3125, loss: 0.7406551421325613
[2024-02-29 14:50:21,532] INFO - epoch: 1/500, iteration: 829/3125, loss: 0.8337335176891718
[2024-02-29 14:50:23,169] INFO - epoch: 1/500, iteration: 830/3125, loss: 0.7943697505905442
[2024-02-29 14:50:24,816] INFO - epoch: 1/500, iteration: 831/3125, loss: 0.8235761368154579
[2024-02-29 14:50:26,427] INFO - epoch: 1/500, iteration: 832/3125, loss: 0.8510624807694813
[2024-02-29 14:50:28,049] INFO - epoch: 1/500, iteration: 833/3125, loss: 0.8007069749378075
[2024-02-29 14:50:29,669] INFO - epoch: 1/500, iteration: 834/3125, loss: 0.8382716779167689
[2024-02-29 14:50:31,313] INFO - epoch: 1/500, iteration: 835/3125, loss: 0.8307233195318438
[2024-02-29 14:50:32,955] INFO - epoch: 1/500, iteration: 836/3125, loss: 0.8245916550136048
[2024-02-29 14:50:34,571] INFO - epoch: 1/500, iteration: 837/3125, loss: 0.8142636316540196
[2024-02-29 14:50:36,199] INFO - epoch: 1/500, iteration: 838/3125, loss: 0.8216235741143638
[2024-02-29 14:50:37,819] INFO - epoch: 1/500, iteration: 839/3125, loss: 0.8353352990114308
[2024-02-29 14:50:39,460] INFO - epoch: 1/500, iteration: 840/3125, loss: 0.9181213518389459
[2024-02-29 14:50:41,075] INFO - epoch: 1/500, iteration: 841/3125, loss: 0.7922481883235637
[2024-02-29 14:50:42,706] INFO - epoch: 1/500, iteration: 842/3125, loss: 0.7927279910444832
[2024-02-29 14:50:44,329] INFO - epoch: 1/500, iteration: 843/3125, loss: 0.835114080807235
[2024-02-29 14:50:45,952] INFO - epoch: 1/500, iteration: 844/3125, loss: 0.8544587003218498
[2024-02-29 14:50:47,569] INFO - epoch: 1/500, iteration: 845/3125, loss: 0.8523051745225652
[2024-02-29 14:50:49,193] INFO - epoch: 1/500, iteration: 846/3125, loss: 0.8105334027073005
[2024-02-29 14:50:50,835] INFO - epoch: 1/500, iteration: 847/3125, loss: 0.7783205581811072
[2024-02-29 14:50:52,447] INFO - epoch: 1/500, iteration: 848/3125, loss: 0.8200223927047742
[2024-02-29 14:50:54,070] INFO - epoch: 1/500, iteration: 849/3125, loss: 0.7232103738037939
[2024-02-29 14:50:55,690] INFO - epoch: 1/500, iteration: 850/3125, loss: 0.8355554579214015
[2024-02-29 14:50:57,306] INFO - epoch: 1/500, iteration: 851/3125, loss: 0.7938507567112837
[2024-02-29 14:50:58,950] INFO - epoch: 1/500, iteration: 852/3125, loss: 0.8039664941989934
[2024-02-29 14:51:00,601] INFO - epoch: 1/500, iteration: 853/3125, loss: 0.8690205123634877
[2024-02-29 14:51:02,227] INFO - epoch: 1/500, iteration: 854/3125, loss: 0.8799531649876421
[2024-02-29 14:51:03,878] INFO - epoch: 1/500, iteration: 855/3125, loss: 0.7530591377391911
[2024-02-29 14:51:05,519] INFO - epoch: 1/500, iteration: 856/3125, loss: 0.7701255631094333
[2024-02-29 14:51:07,146] INFO - epoch: 1/500, iteration: 857/3125, loss: 0.8446581827572706
[2024-02-29 14:51:08,771] INFO - epoch: 1/500, iteration: 858/3125, loss: 0.8016965913878263
[2024-02-29 14:51:10,420] INFO - epoch: 1/500, iteration: 859/3125, loss: 0.8321286381859797
[2024-02-29 14:51:12,062] INFO - epoch: 1/500, iteration: 860/3125, loss: 0.8591384445969806
[2024-02-29 14:51:13,717] INFO - epoch: 1/500, iteration: 861/3125, loss: 0.8343914991327677
[2024-02-29 14:51:15,365] INFO - epoch: 1/500, iteration: 862/3125, loss: 0.8541082632824277
[2024-02-29 14:51:17,005] INFO - epoch: 1/500, iteration: 863/3125, loss: 0.8791176931186205
[2024-02-29 14:51:18,650] INFO - epoch: 1/500, iteration: 864/3125, loss: 0.8195133300201531
[2024-02-29 14:51:20,341] INFO - epoch: 1/500, iteration: 865/3125, loss: 0.8403806152737223
[2024-02-29 14:51:22,026] INFO - epoch: 1/500, iteration: 866/3125, loss: 0.8071001314227046
[2024-02-29 14:51:23,647] INFO - epoch: 1/500, iteration: 867/3125, loss: 0.806570237245866
[2024-02-29 14:51:25,267] INFO - epoch: 1/500, iteration: 868/3125, loss: 0.7336039316812676
[2024-02-29 14:51:26,901] INFO - epoch: 1/500, iteration: 869/3125, loss: 0.7784512901786418
[2024-02-29 14:51:28,548] INFO - epoch: 1/500, iteration: 870/3125, loss: 0.7871095850246835
[2024-02-29 14:51:30,167] INFO - epoch: 1/500, iteration: 871/3125, loss: 0.8701400278183526
[2024-02-29 14:51:31,782] INFO - epoch: 1/500, iteration: 872/3125, loss: 0.8232762597597884
[2024-02-29 14:51:33,396] INFO - epoch: 1/500, iteration: 873/3125, loss: 0.7663214726695449
[2024-02-29 14:51:35,018] INFO - epoch: 1/500, iteration: 874/3125, loss: 0.7835845311496786
[2024-02-29 14:51:36,649] INFO - epoch: 1/500, iteration: 875/3125, loss: 0.8220021295402797
[2024-02-29 14:51:38,268] INFO - epoch: 1/500, iteration: 876/3125, loss: 0.8438922333363935
[2024-02-29 14:51:39,912] INFO - epoch: 1/500, iteration: 877/3125, loss: 0.8431468350518091
[2024-02-29 14:51:41,545] INFO - epoch: 1/500, iteration: 878/3125, loss: 0.7419966938687637
[2024-02-29 14:51:43,166] INFO - epoch: 1/500, iteration: 879/3125, loss: 0.8436309749263758
[2024-02-29 14:51:44,822] INFO - epoch: 1/500, iteration: 880/3125, loss: 0.775317572996239
[2024-02-29 14:51:46,475] INFO - epoch: 1/500, iteration: 881/3125, loss: 0.8732234512014233
[2024-02-29 14:51:48,127] INFO - epoch: 1/500, iteration: 882/3125, loss: 0.754518666697214
[2024-02-29 14:51:49,765] INFO - epoch: 1/500, iteration: 883/3125, loss: 0.8763652746660381
[2024-02-29 14:51:51,404] INFO - epoch: 1/500, iteration: 884/3125, loss: 0.8738579000761371
[2024-02-29 14:51:53,046] INFO - epoch: 1/500, iteration: 885/3125, loss: 0.9029203447275719
[2024-02-29 14:51:54,708] INFO - epoch: 1/500, iteration: 886/3125, loss: 0.832337368914799
[2024-02-29 14:51:56,349] INFO - epoch: 1/500, iteration: 887/3125, loss: 0.8143277908409334
[2024-02-29 14:51:57,983] INFO - epoch: 1/500, iteration: 888/3125, loss: 0.787918702336538
[2024-02-29 14:51:59,622] INFO - epoch: 1/500, iteration: 889/3125, loss: 0.7805197609851201
[2024-02-29 14:52:01,245] INFO - epoch: 1/500, iteration: 890/3125, loss: 0.8376369780612912
[2024-02-29 14:52:02,894] INFO - epoch: 1/500, iteration: 891/3125, loss: 0.8495648301099518
[2024-02-29 14:52:04,532] INFO - epoch: 1/500, iteration: 892/3125, loss: 0.8305684081337541
[2024-02-29 14:52:06,163] INFO - epoch: 1/500, iteration: 893/3125, loss: 0.8553731686096584
[2024-02-29 14:52:07,846] INFO - epoch: 1/500, iteration: 894/3125, loss: 0.8210393931695918
[2024-02-29 14:52:09,489] INFO - epoch: 1/500, iteration: 895/3125, loss: 0.8725693505348624
[2024-02-29 14:52:11,126] INFO - epoch: 1/500, iteration: 896/3125, loss: 0.85105161382928
[2024-02-29 14:52:12,777] INFO - epoch: 1/500, iteration: 897/3125, loss: 0.8759938816917923
[2024-02-29 14:52:14,414] INFO - epoch: 1/500, iteration: 898/3125, loss: 0.8375193049948778
[2024-02-29 14:52:16,059] INFO - epoch: 1/500, iteration: 899/3125, loss: 0.8293634035732794
[2024-02-29 14:52:17,713] INFO - epoch: 1/500, iteration: 900/3125, loss: 0.8486780953688399
[2024-02-29 14:52:19,372] INFO - epoch: 1/500, iteration: 901/3125, loss: 0.8089959013820215
[2024-02-29 14:52:21,053] INFO - epoch: 1/500, iteration: 902/3125, loss: 0.8720779227211899
[2024-02-29 14:52:22,697] INFO - epoch: 1/500, iteration: 903/3125, loss: 0.8139772118653017
[2024-02-29 14:52:24,326] INFO - epoch: 1/500, iteration: 904/3125, loss: 0.7975048470297957
[2024-02-29 14:52:26,007] INFO - epoch: 1/500, iteration: 905/3125, loss: 0.7660545282720453
[2024-02-29 14:52:27,654] INFO - epoch: 1/500, iteration: 906/3125, loss: 0.8162101601301379
[2024-02-29 14:52:29,301] INFO - epoch: 1/500, iteration: 907/3125, loss: 0.7426192977279288
[2024-02-29 14:52:30,951] INFO - epoch: 1/500, iteration: 908/3125, loss: 0.7732616118573659
[2024-02-29 14:52:32,590] INFO - epoch: 1/500, iteration: 909/3125, loss: 0.7759287702925934
[2024-02-29 14:52:34,239] INFO - epoch: 1/500, iteration: 910/3125, loss: 0.7840558961819042
[2024-02-29 14:52:35,891] INFO - epoch: 1/500, iteration: 911/3125, loss: 0.7489728972747459
[2024-02-29 14:52:37,528] INFO - epoch: 1/500, iteration: 912/3125, loss: 0.7650241029360536
[2024-02-29 14:52:39,211] INFO - epoch: 1/500, iteration: 913/3125, loss: 0.7753712509976483
[2024-02-29 14:52:40,847] INFO - epoch: 1/500, iteration: 914/3125, loss: 0.868648937595252
[2024-02-29 14:52:42,501] INFO - epoch: 1/500, iteration: 915/3125, loss: 0.8251111754685901
[2024-02-29 14:52:44,153] INFO - epoch: 1/500, iteration: 916/3125, loss: 0.8720007217509594
[2024-02-29 14:52:45,829] INFO - epoch: 1/500, iteration: 917/3125, loss: 0.8399552550342564
[2024-02-29 14:52:47,471] INFO - epoch: 1/500, iteration: 918/3125, loss: 0.830275237934534
[2024-02-29 14:52:49,119] INFO - epoch: 1/500, iteration: 919/3125, loss: 0.8582376763963077
[2024-02-29 14:52:50,777] INFO - epoch: 1/500, iteration: 920/3125, loss: 0.8904260299041407
[2024-02-29 14:52:52,433] INFO - epoch: 1/500, iteration: 921/3125, loss: 0.7560120783408607
[2024-02-29 14:52:54,091] INFO - epoch: 1/500, iteration: 922/3125, loss: 0.8355611475770264
[2024-02-29 14:52:55,722] INFO - epoch: 1/500, iteration: 923/3125, loss: 0.8405297005297534
[2024-02-29 14:52:57,350] INFO - epoch: 1/500, iteration: 924/3125, loss: 0.8935839419784712
[2024-02-29 14:52:58,983] INFO - epoch: 1/500, iteration: 925/3125, loss: 0.8295473619603462
[2024-02-29 14:53:00,614] INFO - epoch: 1/500, iteration: 926/3125, loss: 0.8508648382801313
[2024-02-29 14:53:02,258] INFO - epoch: 1/500, iteration: 927/3125, loss: 0.7794053879983576
[2024-02-29 14:53:03,880] INFO - epoch: 1/500, iteration: 928/3125, loss: 0.8672638295415452
[2024-02-29 14:53:05,514] INFO - epoch: 1/500, iteration: 929/3125, loss: 0.8069356771568283
[2024-02-29 14:53:07,139] INFO - epoch: 1/500, iteration: 930/3125, loss: 0.8139450622473475
[2024-02-29 14:53:08,768] INFO - epoch: 1/500, iteration: 931/3125, loss: 0.776081892166567
[2024-02-29 14:53:10,402] INFO - epoch: 1/500, iteration: 932/3125, loss: 0.8495141681563924
[2024-02-29 14:53:12,043] INFO - epoch: 1/500, iteration: 933/3125, loss: 0.7947350738204482
[2024-02-29 14:53:13,672] INFO - epoch: 1/500, iteration: 934/3125, loss: 0.8255852496952119
[2024-02-29 14:53:15,289] INFO - epoch: 1/500, iteration: 935/3125, loss: 0.8740013633889222
[2024-02-29 14:53:16,919] INFO - epoch: 1/500, iteration: 936/3125, loss: 0.8745490930075426
[2024-02-29 14:53:18,536] INFO - epoch: 1/500, iteration: 937/3125, loss: 0.8260544634893761
[2024-02-29 14:53:20,160] INFO - epoch: 1/500, iteration: 938/3125, loss: 0.8046500171466964
[2024-02-29 14:53:21,785] INFO - epoch: 1/500, iteration: 939/3125, loss: 0.7962302352770774
[2024-02-29 14:53:23,399] INFO - epoch: 1/500, iteration: 940/3125, loss: 0.8481936981441494
[2024-02-29 14:53:25,021] INFO - epoch: 1/500, iteration: 941/3125, loss: 0.8580707183842663
[2024-02-29 14:53:26,647] INFO - epoch: 1/500, iteration: 942/3125, loss: 0.7999737906298902
[2024-02-29 14:53:28,266] INFO - epoch: 1/500, iteration: 943/3125, loss: 0.8313023367660556
[2024-02-29 14:53:29,895] INFO - epoch: 1/500, iteration: 944/3125, loss: 0.8379241118196541
[2024-02-29 14:53:31,519] INFO - epoch: 1/500, iteration: 945/3125, loss: 0.8259816018815507
[2024-02-29 14:53:33,137] INFO - epoch: 1/500, iteration: 946/3125, loss: 0.8784269598443348
[2024-02-29 14:53:34,758] INFO - epoch: 1/500, iteration: 947/3125, loss: 0.8020395789938739
[2024-02-29 14:53:36,378] INFO - epoch: 1/500, iteration: 948/3125, loss: 0.8378372016096182
[2024-02-29 14:53:37,997] INFO - epoch: 1/500, iteration: 949/3125, loss: 0.8346414553697964
[2024-02-29 14:53:39,625] INFO - epoch: 1/500, iteration: 950/3125, loss: 0.8366876309760589
[2024-02-29 14:53:41,238] INFO - epoch: 1/500, iteration: 951/3125, loss: 0.831440736072772
[2024-02-29 14:53:42,870] INFO - epoch: 1/500, iteration: 952/3125, loss: 0.7947178917164069
[2024-02-29 14:53:44,495] INFO - epoch: 1/500, iteration: 953/3125, loss: 0.7558635363069988
[2024-02-29 14:53:46,117] INFO - epoch: 1/500, iteration: 954/3125, loss: 0.8419140021209441
[2024-02-29 14:53:47,735] INFO - epoch: 1/500, iteration: 955/3125, loss: 0.7612801448655178
[2024-02-29 14:53:49,356] INFO - epoch: 1/500, iteration: 956/3125, loss: 0.7993218498552481
[2024-02-29 14:53:51,004] INFO - epoch: 1/500, iteration: 957/3125, loss: 0.7990862804524126
[2024-02-29 14:53:52,623] INFO - epoch: 1/500, iteration: 958/3125, loss: 0.839895866004471
[2024-02-29 14:53:54,255] INFO - epoch: 1/500, iteration: 959/3125, loss: 0.7891640893903349
[2024-02-29 14:53:55,889] INFO - epoch: 1/500, iteration: 960/3125, loss: 0.8397967166733697
[2024-02-29 14:53:57,541] INFO - epoch: 1/500, iteration: 961/3125, loss: 0.7968147557902564
