[2024-03-02 16:57:36,434] INFO - ###### EXPERIMENT DETAILS ######
	BATCH SIZE: 16
	MAX NUMBER OF EPOCHS: 500
	INITIAL LR: 0.01
	FLATTEN: False
	DATASET USED: CIFAR-10
	SCHEDULE_LR: [200, 400]###### EXPERIMENT DETAILS ######

[2024-03-02 16:57:46,594] INFO - NUMBER OF ITERATIONS IN ONE TRAINING EPOCH: 3125

[2024-03-02 16:57:48,216] INFO - epoch: 1/500, iteration: 1/3125, loss: 1.0356070432613584
[2024-03-02 16:57:49,848] INFO - epoch: 1/500, iteration: 2/3125, loss: 1.035602701703663
[2024-03-02 16:57:51,472] INFO - epoch: 1/500, iteration: 3/3125, loss: 1.033843126626251
[2024-03-02 16:57:53,122] INFO - epoch: 1/500, iteration: 4/3125, loss: 0.9291165394966358
[2024-03-02 16:57:54,752] INFO - epoch: 1/500, iteration: 5/3125, loss: 0.9502470982365802
[2024-03-02 16:57:56,365] INFO - epoch: 1/500, iteration: 6/3125, loss: 0.9142536966834458
[2024-03-02 16:57:57,975] INFO - epoch: 1/500, iteration: 7/3125, loss: 0.919217363123928
[2024-03-02 16:57:59,589] INFO - epoch: 1/500, iteration: 8/3125, loss: 0.8965122758696958
[2024-03-02 16:58:01,203] INFO - epoch: 1/500, iteration: 9/3125, loss: 0.9195039075750508
[2024-03-02 16:58:02,825] INFO - epoch: 1/500, iteration: 10/3125, loss: 0.9644286207156788
[2024-03-02 16:58:04,447] INFO - epoch: 1/500, iteration: 11/3125, loss: 0.9262528205560102
[2024-03-02 16:58:06,060] INFO - epoch: 1/500, iteration: 12/3125, loss: 0.9202420121642595
[2024-03-02 16:58:07,675] INFO - epoch: 1/500, iteration: 13/3125, loss: 0.946216352578461
[2024-03-02 16:58:09,285] INFO - epoch: 1/500, iteration: 14/3125, loss: 0.8850832522536836
[2024-03-02 16:58:10,901] INFO - epoch: 1/500, iteration: 15/3125, loss: 0.9385844100860369
[2024-03-02 16:58:12,517] INFO - epoch: 1/500, iteration: 16/3125, loss: 0.8464071999256059
[2024-03-02 16:58:14,138] INFO - epoch: 1/500, iteration: 17/3125, loss: 0.9669472273865423
[2024-03-02 16:58:15,759] INFO - epoch: 1/500, iteration: 18/3125, loss: 0.9065620654518753
[2024-03-02 16:58:17,374] INFO - epoch: 1/500, iteration: 19/3125, loss: 0.8820878204604683
[2024-03-02 16:58:18,986] INFO - epoch: 1/500, iteration: 20/3125, loss: 0.9138919417343362
[2024-03-02 16:58:20,601] INFO - epoch: 1/500, iteration: 21/3125, loss: 1.0112858317615159
[2024-03-02 16:58:22,216] INFO - epoch: 1/500, iteration: 22/3125, loss: 0.8857857460621901
[2024-03-02 16:58:23,841] INFO - epoch: 1/500, iteration: 23/3125, loss: 0.9126661432257379
[2024-03-02 16:58:25,485] INFO - epoch: 1/500, iteration: 24/3125, loss: 0.832504313236882
[2024-03-02 16:58:27,117] INFO - epoch: 1/500, iteration: 25/3125, loss: 0.876609704438056
[2024-03-02 16:58:28,744] INFO - epoch: 1/500, iteration: 26/3125, loss: 0.8705835754205251
[2024-03-02 16:58:30,362] INFO - epoch: 1/500, iteration: 27/3125, loss: 0.9460562893481405
[2024-03-02 16:58:31,977] INFO - epoch: 1/500, iteration: 28/3125, loss: 0.8385874996399024
[2024-03-02 16:58:33,588] INFO - epoch: 1/500, iteration: 29/3125, loss: 0.8136165758876119
[2024-03-02 16:58:35,197] INFO - epoch: 1/500, iteration: 30/3125, loss: 0.9597552249806371
[2024-03-02 16:58:36,815] INFO - epoch: 1/500, iteration: 31/3125, loss: 0.8982117849354595
[2024-03-02 16:58:38,435] INFO - epoch: 1/500, iteration: 32/3125, loss: 0.8671133862536831
[2024-03-02 16:58:40,046] INFO - epoch: 1/500, iteration: 33/3125, loss: 0.903039446512126
[2024-03-02 16:58:41,657] INFO - epoch: 1/500, iteration: 34/3125, loss: 1.0056583792471938
[2024-03-02 16:58:43,278] INFO - epoch: 1/500, iteration: 35/3125, loss: 0.9208846336352281
[2024-03-02 16:58:44,899] INFO - epoch: 1/500, iteration: 36/3125, loss: 0.8855721299629099
[2024-03-02 16:58:46,514] INFO - epoch: 1/500, iteration: 37/3125, loss: 0.8505365292332707
[2024-03-02 16:58:48,119] INFO - epoch: 1/500, iteration: 38/3125, loss: 0.9285715941727939
[2024-03-02 16:58:49,727] INFO - epoch: 1/500, iteration: 39/3125, loss: 0.8642547592417921
[2024-03-02 16:58:51,346] INFO - epoch: 1/500, iteration: 40/3125, loss: 0.8862693255060147
[2024-03-02 16:58:52,957] INFO - epoch: 1/500, iteration: 41/3125, loss: 0.93116179089305
[2024-03-02 16:58:54,571] INFO - epoch: 1/500, iteration: 42/3125, loss: 0.8777946868612344
[2024-03-02 16:58:56,189] INFO - epoch: 1/500, iteration: 43/3125, loss: 0.8945887008350156
[2024-03-02 16:58:57,809] INFO - epoch: 1/500, iteration: 44/3125, loss: 0.876549035973518
[2024-03-02 16:58:59,436] INFO - epoch: 1/500, iteration: 45/3125, loss: 0.9205420074116248
