INFO:root:weights are initialized
INFO:root:train data is handled
INFO:root:test data is handled
INFO:root:datasets and loaders are initialized
INFO:root:epoch: 0, iter: 1, loss: 1.136779010295868
INFO:root:#############epoch: 0, avg loss: 1.136779010295868, acc: 0.0861913808619138#############
INFO:root:epoch: 0, iter: 2, loss: 1.1197605729103088
INFO:root:epoch: 0, iter: 3, loss: 1.0323563218116758
INFO:root:epoch: 0, iter: 4, loss: 1.0465096831321716
INFO:root:epoch: 0, iter: 5, loss: 1.0041638612747195
INFO:root:epoch: 0, iter: 6, loss: 0.9962670207023622
INFO:root:epoch: 0, iter: 7, loss: 0.9713255167007446
INFO:root:epoch: 0, iter: 8, loss: 0.955717146396637
INFO:root:epoch: 0, iter: 9, loss: 0.9704327583312989
INFO:root:epoch: 0, iter: 10, loss: 0.9156243205070496
INFO:root:#############epoch: 0, avg loss: 0.9012157201766968, acc: 0.22087791220877911#############
INFO:root:epoch: 0, iter: 11, loss: 0.9285445213317871
INFO:root:epoch: 0, iter: 12, loss: 0.9191555976867677
INFO:root:epoch: 0, iter: 13, loss: 0.9466381072998047
INFO:root:epoch: 0, iter: 14, loss: 0.9182301163673401
INFO:root:epoch: 0, iter: 15, loss: 0.8972945809364319
INFO:root:epoch: 0, iter: 16, loss: 0.8878085017204286
INFO:root:epoch: 0, iter: 17, loss: 0.8963168859481812
INFO:root:epoch: 0, iter: 18, loss: 0.8800734877586365
INFO:root:epoch: 0, iter: 19, loss: 0.8698008060455322
INFO:root:epoch: 0, iter: 20, loss: 0.8559062480926513
INFO:root:#############epoch: 0, avg loss: 0.8999768853187561, acc: 0.37306269373062695#############
INFO:root:epoch: 0, iter: 21, loss: 0.855490505695343
INFO:root:epoch: 0, iter: 22, loss: 0.8698826432228087
INFO:root:epoch: 0, iter: 23, loss: 0.8829411864280702
INFO:root:epoch: 0, iter: 24, loss: 0.8268035054206847
INFO:root:epoch: 0, iter: 25, loss: 0.8487133383750916
INFO:root:epoch: 0, iter: 26, loss: 0.8285903930664064
INFO:root:epoch: 0, iter: 27, loss: 0.8365607857704163
INFO:root:epoch: 0, iter: 28, loss: 0.8409641981124877
INFO:root:epoch: 0, iter: 29, loss: 0.8072386384010316
INFO:root:epoch: 0, iter: 30, loss: 0.8094380497932434
INFO:root:#############epoch: 0, avg loss: 0.8406623244285584, acc: 0.4530546945305469#############
INFO:root:epoch: 0, iter: 31, loss: 0.8155971169471742
INFO:root:epoch: 0, iter: 32, loss: 0.8029620051383972
INFO:root:epoch: 0, iter: 33, loss: 0.7896853089332582
INFO:root:epoch: 0, iter: 34, loss: 0.7831460237503052
INFO:root:epoch: 0, iter: 35, loss: 0.7751006484031677
INFO:root:epoch: 0, iter: 36, loss: 0.7948984503746033
INFO:root:epoch: 0, iter: 37, loss: 0.7893885374069215
INFO:root:epoch: 0, iter: 38, loss: 0.7502038478851318
INFO:root:epoch: 0, iter: 39, loss: 0.7644572854042053
INFO:root:epoch: 0, iter: 40, loss: 0.7978227734565735
INFO:root:#############epoch: 0, avg loss: 0.7863261997699738, acc: 0.49905009499050096#############
INFO:root:epoch: 0, iter: 41, loss: 0.7812585234642029
INFO:root:epoch: 0, iter: 42, loss: 0.7616139650344848
INFO:root:epoch: 0, iter: 43, loss: 0.7723215818405151
INFO:root:epoch: 0, iter: 44, loss: 0.7813302278518677
INFO:root:epoch: 0, iter: 45, loss: 0.7584289312362671
INFO:root:epoch: 0, iter: 46, loss: 0.7434274554252625
INFO:root:epoch: 0, iter: 47, loss: 0.7515438795089721
INFO:root:epoch: 0, iter: 48, loss: 0.772653877735138
INFO:root:epoch: 0, iter: 49, loss: 0.7673502564430236
INFO:root:epoch: 0, iter: 50, loss: 0.7511241436004639
INFO:root:#############epoch: 0, avg loss: 0.7641052842140198, acc: 0.5228477152284772#############
INFO:root:epoch: 0, iter: 51, loss: 0.7426041960716246
INFO:root:epoch: 0, iter: 52, loss: 0.7681910395622253
INFO:root:epoch: 0, iter: 53, loss: 0.7615840435028075
INFO:root:epoch: 0, iter: 54, loss: 0.7338773608207703
INFO:root:epoch: 0, iter: 55, loss: 0.7272043228149414
INFO:root:epoch: 0, iter: 56, loss: 0.7425346970558167
INFO:root:epoch: 0, iter: 57, loss: 0.7248183488845826
INFO:root:epoch: 0, iter: 58, loss: 0.7250092029571533
INFO:root:epoch: 0, iter: 59, loss: 0.7239370942115785
INFO:root:epoch: 0, iter: 60, loss: 0.7367192506790161
INFO:root:#############epoch: 0, avg loss: 0.7386479556560517, acc: 0.5404459554044595#############
INFO:root:epoch: 0, iter: 61, loss: 0.7163344025611876
INFO:root:epoch: 0, iter: 62, loss: 0.7109916806221009
INFO:root:epoch: 0, iter: 63, loss: 0.7245137691497803
INFO:root:epoch: 0, iter: 64, loss: 0.7253146767616271
INFO:root:epoch: 0, iter: 65, loss: 0.7718394994735718
INFO:root:epoch: 0, iter: 66, loss: 0.7195553183555603
INFO:root:epoch: 0, iter: 67, loss: 0.6996855139732362
INFO:root:epoch: 0, iter: 68, loss: 0.7711810469627381
INFO:root:epoch: 0, iter: 69, loss: 0.7169175148010254
INFO:root:epoch: 0, iter: 70, loss: 0.7173529267311097
INFO:root:#############epoch: 0, avg loss: 0.7273686349391937, acc: 0.5526447355264473#############
INFO:root:epoch: 0, iter: 71, loss: 0.7428891062736511
INFO:root:epoch: 0, iter: 72, loss: 0.7176644206047058
INFO:root:epoch: 0, iter: 73, loss: 0.7213433980941772
INFO:root:epoch: 0, iter: 74, loss: 0.6942449808120728
INFO:root:epoch: 0, iter: 75, loss: 0.7313249111175536
INFO:root:epoch: 0, iter: 76, loss: 0.6848946809768676
INFO:root:epoch: 0, iter: 77, loss: 0.6819764971733094
INFO:root:epoch: 0, iter: 78, loss: 0.7187305688858032
INFO:root:epoch: 0, iter: 79, loss: 0.7010020613670349
INFO:root:epoch: 0, iter: 80, loss: 0.7017414569854736
INFO:root:#############epoch: 0, avg loss: 0.7095812082290649, acc: 0.5685431456854314#############
INFO:root:epoch: 0, iter: 81, loss: 0.7114564180374146
INFO:root:epoch: 0, iter: 82, loss: 0.676831066608429
INFO:root:epoch: 0, iter: 83, loss: 0.6724958419799804
INFO:root:epoch: 0, iter: 84, loss: 0.6877883672714233
INFO:root:epoch: 0, iter: 85, loss: 0.7123956680297852
INFO:root:epoch: 0, iter: 86, loss: 0.6862280964851379
INFO:root:epoch: 0, iter: 87, loss: 0.7331480383872985
INFO:root:epoch: 0, iter: 88, loss: 0.6885492205619813
INFO:root:epoch: 0, iter: 89, loss: 0.6914293766021729
INFO:root:epoch: 0, iter: 90, loss: 0.66871178150177
INFO:root:#############epoch: 0, avg loss: 0.6929033875465394, acc: 0.5740425957404259#############
INFO:root:epoch: 0, iter: 91, loss: 0.684921145439148
INFO:root:epoch: 0, iter: 92, loss: 0.6655089259147644
INFO:root:epoch: 0, iter: 93, loss: 0.6870028376579284
INFO:root:epoch: 0, iter: 94, loss: 0.6748805046081543
INFO:root:epoch: 0, iter: 95, loss: 0.7139962911605836
INFO:root:epoch: 0, iter: 96, loss: 0.6597183346748352
INFO:root:epoch: 0, iter: 97, loss: 0.6684300303459167
INFO:root:epoch: 0, iter: 98, loss: 0.6439799666404724
INFO:root:epoch: 0, iter: 99, loss: 0.6932572722434999
INFO:root:epoch: 0, iter: 100, loss: 0.6673530340194703
INFO:root:#############epoch: 0, avg loss: 0.6759048342704773, acc: 0.5785421457854215#############
INFO:root:epoch: 0, iter: 101, loss: 0.6830096244812012
INFO:root:epoch: 0, iter: 102, loss: 0.6826779246330261
INFO:root:epoch: 0, iter: 103, loss: 0.649734377861023
INFO:root:epoch: 0, iter: 104, loss: 0.6615287065505981
INFO:root:epoch: 0, iter: 105, loss: 0.6906245350837709
INFO:root:epoch: 0, iter: 106, loss: 0.6606817245483398
INFO:root:epoch: 0, iter: 107, loss: 0.6632891893386841
INFO:root:epoch: 0, iter: 108, loss: 0.6815852522850037
INFO:root:epoch: 0, iter: 109, loss: 0.6690889000892638
INFO:root:epoch: 0, iter: 110, loss: 0.6698674559593201
INFO:root:#############epoch: 0, avg loss: 0.6712087690830231, acc: 0.5882411758824118#############
INFO:root:epoch: 0, iter: 111, loss: 0.7013552188873292
INFO:root:epoch: 0, iter: 112, loss: 0.6864936351776123
INFO:root:epoch: 0, iter: 113, loss: 0.69397109746933
INFO:root:epoch: 0, iter: 114, loss: 0.6840534210205078
INFO:root:epoch: 0, iter: 115, loss: 0.644744336605072
INFO:root:epoch: 0, iter: 116, loss: 0.6699764132499695
INFO:root:epoch: 0, iter: 117, loss: 0.6317707300186157
INFO:root:epoch: 0, iter: 118, loss: 0.6703014969825745
INFO:root:epoch: 0, iter: 119, loss: 0.6524216532707213
INFO:root:epoch: 0, iter: 120, loss: 0.6688924431800842
INFO:root:#############epoch: 0, avg loss: 0.6703980445861817, acc: 0.5946405359464053#############
INFO:root:epoch: 0, iter: 121, loss: 0.662420392036438
INFO:root:epoch: 0, iter: 122, loss: 0.6691341996192932
INFO:root:epoch: 0, iter: 123, loss: 0.6546339988708495
INFO:root:epoch: 0, iter: 124, loss: 0.685840368270874
INFO:root:epoch: 0, iter: 125, loss: 0.6744833588600158
INFO:root:epoch: 0, iter: 126, loss: 0.690637707710266
INFO:root:epoch: 0, iter: 127, loss: 0.6469091773033142
INFO:root:epoch: 0, iter: 128, loss: 0.6527348160743713
INFO:root:epoch: 0, iter: 129, loss: 0.6849275827407837
INFO:root:epoch: 0, iter: 130, loss: 0.6593436002731323
INFO:root:#############epoch: 0, avg loss: 0.6681065201759339, acc: 0.5953404659534046#############
INFO:root:epoch: 0, iter: 131, loss: 0.6819381713867189
INFO:root:epoch: 0, iter: 132, loss: 0.6648275256156921
INFO:root:epoch: 0, iter: 133, loss: 0.6798676848411559
INFO:root:epoch: 0, iter: 134, loss: 0.6587533354759217
INFO:root:epoch: 0, iter: 135, loss: 0.6557127237319946
INFO:root:epoch: 0, iter: 136, loss: 0.6373960971832277
INFO:root:epoch: 0, iter: 137, loss: 0.655351459980011
INFO:root:epoch: 0, iter: 138, loss: 0.633458971977234
INFO:root:epoch: 0, iter: 139, loss: 0.6318777203559875
INFO:root:epoch: 0, iter: 140, loss: 0.6392839550971985
INFO:root:#############epoch: 0, avg loss: 0.6538467645645142, acc: 0.6039396060393961#############
INFO:root:epoch: 0, iter: 141, loss: 0.655126690864563
INFO:root:epoch: 0, iter: 142, loss: 0.6434406638145447
INFO:root:epoch: 0, iter: 143, loss: 0.6418659090995787
INFO:root:epoch: 0, iter: 144, loss: 0.6379383206367493
INFO:root:epoch: 0, iter: 145, loss: 0.6503046751022339
INFO:root:epoch: 0, iter: 146, loss: 0.6745544075965881
INFO:root:epoch: 0, iter: 147, loss: 0.6608859896659851
INFO:root:epoch: 0, iter: 148, loss: 0.6293458342552185
INFO:root:epoch: 0, iter: 149, loss: 0.6875448226928712
INFO:root:epoch: 0, iter: 150, loss: 0.6444411277770996
INFO:root:#############epoch: 0, avg loss: 0.6525448441505433, acc: 0.6043395660433957#############
INFO:root:epoch: 0, iter: 151, loss: 0.6453077793121338
INFO:root:epoch: 0, iter: 152, loss: 0.6419160366058351
INFO:root:epoch: 0, iter: 153, loss: 0.6605956554412841
INFO:root:epoch: 0, iter: 154, loss: 0.6478400230407714
INFO:root:epoch: 0, iter: 155, loss: 0.6386799812316895
INFO:root:epoch: 0, iter: 156, loss: 0.6258473396301271
INFO:root:epoch: 0, iter: 157, loss: 0.6167842745780945
INFO:root:epoch: 0, iter: 158, loss: 0.6410481929779053
INFO:root:epoch: 0, iter: 159, loss: 0.622208058834076
INFO:root:epoch: 0, iter: 160, loss: 0.6560410857200621
INFO:root:#############epoch: 0, avg loss: 0.6396268427371978, acc: 0.6082391760823918#############
INFO:root:epoch: 0, iter: 161, loss: 0.6580853462219238
INFO:root:epoch: 0, iter: 162, loss: 0.6725310683250426
INFO:root:epoch: 0, iter: 163, loss: 0.6706321239471436
INFO:root:epoch: 0, iter: 164, loss: 0.5950004458427429
INFO:root:epoch: 0, iter: 165, loss: 0.6485657691955566
INFO:root:epoch: 0, iter: 166, loss: 0.6058403253555298
INFO:root:epoch: 0, iter: 167, loss: 0.6338924765586853
INFO:root:epoch: 0, iter: 168, loss: 0.6462690234184265
INFO:root:epoch: 0, iter: 169, loss: 0.6482096314430236
INFO:root:epoch: 0, iter: 170, loss: 0.6317351460456848
INFO:root:#############epoch: 0, avg loss: 0.641076135635376, acc: 0.6091390860913909#############
INFO:root:epoch: 0, iter: 171, loss: 0.6311927437782288
INFO:root:epoch: 0, iter: 172, loss: 0.6523196697235107
INFO:root:epoch: 0, iter: 173, loss: 0.6228481531143188
INFO:root:epoch: 0, iter: 174, loss: 0.6062056422233582
INFO:root:epoch: 0, iter: 175, loss: 0.6311546564102172
INFO:root:epoch: 0, iter: 176, loss: 0.6367725133895875
INFO:root:epoch: 0, iter: 177, loss: 0.6258087158203125
INFO:root:epoch: 0, iter: 178, loss: 0.6119184494018555
INFO:root:epoch: 0, iter: 179, loss: 0.6751550436019897
INFO:root:epoch: 0, iter: 180, loss: 0.671124279499054
INFO:root:#############epoch: 0, avg loss: 0.6364499866962433, acc: 0.6126387361263873#############
INFO:root:epoch: 0, iter: 181, loss: 0.637087881565094
INFO:root:epoch: 0, iter: 182, loss: 0.6481176018714905
INFO:root:epoch: 0, iter: 183, loss: 0.6445320248603821
INFO:root:epoch: 0, iter: 184, loss: 0.6333378553390503
INFO:root:epoch: 0, iter: 185, loss: 0.6321567296981812
INFO:root:epoch: 0, iter: 186, loss: 0.6116036176681519
INFO:root:epoch: 0, iter: 187, loss: 0.6221264600753784
INFO:root:epoch: 0, iter: 188, loss: 0.6213558316230775
INFO:root:epoch: 0, iter: 189, loss: 0.616256296634674
INFO:root:epoch: 0, iter: 190, loss: 0.6094714999198914
INFO:root:#############epoch: 0, avg loss: 0.6276045799255371, acc: 0.6158384161583842#############
INFO:root:epoch: 0, iter: 191, loss: 0.6316907405853271
INFO:root:epoch: 0, iter: 192, loss: 0.6425284743309021
INFO:root:epoch: 0, iter: 193, loss: 0.6455562114715576
INFO:root:epoch: 0, iter: 194, loss: 0.6283582448959351
INFO:root:epoch: 0, iter: 195, loss: 0.617829978466034
INFO:root:epoch: 0, iter: 196, loss: 0.6230518341064454
INFO:root:#############epoch: 0, avg loss: 0.6315025806427003, acc: 0.6168383161683831#############
INFO:root:elapsed time: 34884.157285928726 seconds
