INFO:root:weights are initialized
INFO:root:datasets and loaders are initialized
INFO:root:epoch: 1, iter: 1, loss: 1.9242007136344912
INFO:root:#############epoch: 0, avg loss: 1.9242007136344912, acc: 0.1294870512948705#############
INFO:root:epoch: 1, iter: 2, loss: 1.358963191509247
INFO:root:epoch: 1, iter: 3, loss: 1.2605169415473938
INFO:root:epoch: 1, iter: 4, loss: 1.1024638414382935
INFO:root:epoch: 1, iter: 5, loss: 1.1343830823898318
INFO:root:epoch: 1, iter: 6, loss: 1.082915961742401
INFO:root:epoch: 1, iter: 7, loss: 0.9609152674674988
INFO:root:epoch: 1, iter: 8, loss: 0.9904065132141113
INFO:root:epoch: 1, iter: 9, loss: 0.9255201816558838
INFO:root:epoch: 1, iter: 10, loss: 0.8973539471626281
INFO:root:#############epoch: 0, avg loss: 0.9713438928127289, acc: 0.49645035496450357#############
INFO:root:epoch: 1, iter: 11, loss: 0.9077596664428712
INFO:root:epoch: 1, iter: 12, loss: 0.8395639657974243
INFO:root:epoch: 1, iter: 13, loss: 0.7822307348251344
INFO:root:epoch: 1, iter: 14, loss: 0.8110965490341185
INFO:root:epoch: 1, iter: 15, loss: 0.8874570727348327
INFO:root:epoch: 1, iter: 16, loss: 0.7883997559547424
INFO:root:epoch: 1, iter: 17, loss: 0.7549232244491576
INFO:root:epoch: 1, iter: 18, loss: 0.7674151062965394
INFO:root:epoch: 1, iter: 19, loss: 0.872673749923706
INFO:root:epoch: 1, iter: 20, loss: 0.7540377378463745
INFO:root:#############epoch: 0, avg loss: 0.8165557563304902, acc: 0.637036296370363#############
INFO:root:epoch: 1, iter: 21, loss: 0.7631646394729613
INFO:root:epoch: 1, iter: 22, loss: 0.6949840188026428
INFO:root:epoch: 1, iter: 23, loss: 0.7405693531036377
INFO:root:epoch: 1, iter: 24, loss: 0.6683325171470642
INFO:root:epoch: 1, iter: 25, loss: 0.6661996245384215
INFO:root:epoch: 1, iter: 26, loss: 0.6318129301071167
INFO:root:epoch: 1, iter: 27, loss: 0.727024257183075
INFO:root:epoch: 1, iter: 28, loss: 0.6911045908927917
INFO:root:epoch: 1, iter: 29, loss: 0.719466209411621
INFO:root:epoch: 1, iter: 30, loss: 0.6677172780036926
INFO:root:#############epoch: 0, avg loss: 0.6970375418663025, acc: 0.6981301869813019#############
INFO:root:epoch: 1, iter: 31, loss: 0.6821146607398986
INFO:root:epoch: 1, iter: 32, loss: 0.6920645833015443
INFO:root:epoch: 1, iter: 33, loss: 0.677800416946411
INFO:root:epoch: 1, iter: 34, loss: 0.69246107339859
INFO:root:epoch: 1, iter: 35, loss: 0.6921106576919556
INFO:root:epoch: 1, iter: 36, loss: 0.5954820513725282
INFO:root:epoch: 1, iter: 37, loss: 0.6432958245277405
INFO:root:epoch: 1, iter: 38, loss: 0.6884442567825316
INFO:root:epoch: 1, iter: 39, loss: 0.5987313985824585
INFO:root:epoch: 1, iter: 40, loss: 0.6261959671974182
INFO:root:#############epoch: 0, avg loss: 0.6588700890541077, acc: 0.7327267273272673#############
INFO:root:epoch: 1, iter: 41, loss: 0.6116198301315308
INFO:root:epoch: 1, iter: 42, loss: 0.5900012850761414
INFO:root:epoch: 1, iter: 43, loss: 0.5563516616821289
INFO:root:epoch: 1, iter: 44, loss: 0.614557683467865
INFO:root:epoch: 1, iter: 45, loss: 0.5849382877349854
INFO:root:epoch: 1, iter: 46, loss: 0.6550798416137695
INFO:root:epoch: 1, iter: 47, loss: 0.5782356262207031
INFO:root:epoch: 1, iter: 48, loss: 0.5955021977424622
INFO:root:epoch: 1, iter: 49, loss: 0.6827892661094666
INFO:root:epoch: 1, iter: 50, loss: 0.6627653241157532
INFO:root:#############epoch: 0, avg loss: 0.6131841003894806, acc: 0.7565243475652434#############
INFO:root:epoch: 1, iter: 51, loss: 0.612482488155365
INFO:root:epoch: 1, iter: 52, loss: 0.5999042391777039
INFO:root:epoch: 1, iter: 53, loss: 0.5330091714859009
INFO:root:epoch: 1, iter: 54, loss: 0.6125141382217406
INFO:root:epoch: 1, iter: 55, loss: 0.6460468173027037
INFO:root:epoch: 1, iter: 56, loss: 0.6220344901084901
INFO:root:epoch: 1, iter: 57, loss: 0.6245723366737366
INFO:root:epoch: 1, iter: 58, loss: 0.7264248132705688
INFO:root:epoch: 1, iter: 59, loss: 0.5188376307487488
INFO:root:epoch: 1, iter: 60, loss: 0.583973228931427
INFO:root:#############epoch: 0, avg loss: 0.6079799354076385, acc: 0.7844215578442156#############
INFO:root:epoch: 1, iter: 61, loss: 0.5525299906730653
INFO:root:epoch: 1, iter: 62, loss: 0.6220093965530394
INFO:root:epoch: 1, iter: 63, loss: 0.596314251422882
INFO:root:epoch: 1, iter: 64, loss: 0.555227518081665
INFO:root:epoch: 1, iter: 65, loss: 0.48348635435104376
INFO:root:epoch: 1, iter: 66, loss: 0.5783958435058595
INFO:root:epoch: 1, iter: 67, loss: 0.5614542365074158
INFO:root:epoch: 1, iter: 68, loss: 0.5885435342788695
INFO:root:epoch: 1, iter: 69, loss: 0.6382105350494385
INFO:root:epoch: 1, iter: 70, loss: 0.60766738653183
INFO:root:#############epoch: 0, avg loss: 0.5783839046955108, acc: 0.8052194780521947#############
INFO:root:epoch: 1, iter: 71, loss: 0.5160293579101562
INFO:root:epoch: 1, iter: 72, loss: 0.5149298906326294
INFO:root:epoch: 1, iter: 73, loss: 0.5684081315994263
INFO:root:epoch: 1, iter: 74, loss: 0.49887865781784063
INFO:root:epoch: 1, iter: 75, loss: 0.5569269061088562
INFO:root:epoch: 1, iter: 76, loss: 0.5132625699043275
INFO:root:epoch: 1, iter: 77, loss: 0.5024824142456055
INFO:root:epoch: 1, iter: 78, loss: 0.523452639579773
INFO:root:epoch: 1, iter: 79, loss: 0.575066864490509
INFO:root:epoch: 1, iter: 80, loss: 0.5029534697532654
INFO:root:#############epoch: 0, avg loss: 0.5272390902042389, acc: 0.8115188481151885#############
INFO:root:epoch: 1, iter: 81, loss: 0.5201354622840882
INFO:root:epoch: 1, iter: 82, loss: 0.5369813442230226
INFO:root:epoch: 1, iter: 83, loss: 0.4843376874923706
INFO:root:epoch: 1, iter: 84, loss: 0.5202427506446838
INFO:root:epoch: 1, iter: 85, loss: 0.5041638016700745
INFO:root:epoch: 1, iter: 86, loss: 0.46404129266738897
INFO:root:epoch: 1, iter: 87, loss: 0.5857698321342468
INFO:root:epoch: 1, iter: 88, loss: 0.5293803811073303
INFO:root:epoch: 1, iter: 89, loss: 0.5606301426887512
INFO:root:epoch: 1, iter: 90, loss: 0.4692109227180481
INFO:root:#############epoch: 0, avg loss: 0.5174893617630005, acc: 0.8161183881611839#############
INFO:root:epoch: 1, iter: 91, loss: 0.5053588151931763
INFO:root:epoch: 1, iter: 92, loss: 0.49906569719314575
INFO:root:epoch: 1, iter: 93, loss: 0.5178705453872682
INFO:root:epoch: 1, iter: 94, loss: 0.5237270593643188
INFO:root:epoch: 1, iter: 95, loss: 0.47669082880020136
INFO:root:epoch: 1, iter: 96, loss: 0.48834288120269775
INFO:root:epoch: 1, iter: 97, loss: 0.5188477039337157
INFO:root:epoch: 1, iter: 98, loss: 0.4737158417701722
INFO:root:epoch: 1, iter: 99, loss: 0.5190253257751465
INFO:root:epoch: 1, iter: 100, loss: 0.4401618838310242
INFO:root:#############epoch: 0, avg loss: 0.49628065824508666, acc: 0.8298170182981702#############
INFO:root:epoch: 1, iter: 101, loss: 0.4541885852813721
INFO:root:epoch: 1, iter: 102, loss: 0.4983720779418946
INFO:root:epoch: 1, iter: 103, loss: 0.44817793369293213
INFO:root:epoch: 1, iter: 104, loss: 0.5156185626983643
INFO:root:epoch: 1, iter: 105, loss: 0.5064322352409363
INFO:root:epoch: 1, iter: 106, loss: 0.4962850213050842
INFO:root:epoch: 1, iter: 107, loss: 0.5339516997337342
INFO:root:epoch: 1, iter: 108, loss: 0.4707165360450744
INFO:root:epoch: 1, iter: 109, loss: 0.48873752355575556
INFO:root:epoch: 1, iter: 110, loss: 0.42628884315490717
INFO:root:#############epoch: 0, avg loss: 0.4838769018650055, acc: 0.8374162583741626#############
INFO:root:epoch: 1, iter: 111, loss: 0.4857679605484008
INFO:root:epoch: 1, iter: 112, loss: 0.4841389060020447
INFO:root:epoch: 1, iter: 113, loss: 0.47881692647933966
INFO:root:epoch: 1, iter: 114, loss: 0.5260548591613771
INFO:root:epoch: 1, iter: 115, loss: 0.48703396320343023
INFO:root:epoch: 1, iter: 116, loss: 0.4536623358726502
INFO:root:epoch: 1, iter: 117, loss: 0.524931013584137
INFO:root:epoch: 1, iter: 118, loss: 0.5516846776008606
INFO:root:epoch: 1, iter: 119, loss: 0.4565489292144776
INFO:root:epoch: 1, iter: 120, loss: 0.5365779399871825
INFO:root:#############epoch: 0, avg loss: 0.49852175116539, acc: 0.8484151584841516#############
INFO:root:epoch: 1, iter: 121, loss: 0.48528152704238897
INFO:root:epoch: 1, iter: 122, loss: 0.4609985947608948
INFO:root:epoch: 1, iter: 123, loss: 0.5141661763191223
INFO:root:epoch: 1, iter: 124, loss: 0.5180065631866455
INFO:root:epoch: 1, iter: 125, loss: 0.5126332640647888
INFO:root:epoch: 1, iter: 126, loss: 0.47167694568634033
INFO:root:epoch: 1, iter: 127, loss: 0.5749314427375795
INFO:root:epoch: 1, iter: 128, loss: 0.46673154830932617
INFO:root:epoch: 1, iter: 129, loss: 0.42819553613662725
INFO:root:epoch: 1, iter: 130, loss: 0.4453312158584595
INFO:root:#############epoch: 0, avg loss: 0.4877952814102173, acc: 0.8534146585341466#############
INFO:root:epoch: 1, iter: 131, loss: 0.46296781301498413
INFO:root:epoch: 1, iter: 132, loss: 0.4567118287086487
INFO:root:epoch: 1, iter: 133, loss: 0.4081725478172302
INFO:root:epoch: 1, iter: 134, loss: 0.42245894670486456
INFO:root:epoch: 1, iter: 135, loss: 0.4740254878997802
INFO:root:epoch: 1, iter: 136, loss: 0.48203212022781367
INFO:root:epoch: 1, iter: 137, loss: 0.4478461742401123
INFO:root:epoch: 1, iter: 138, loss: 0.44741737842559814
INFO:root:epoch: 1, iter: 139, loss: 0.44837003946304316
INFO:root:epoch: 1, iter: 140, loss: 0.4118983149528503
INFO:root:#############epoch: 0, avg loss: 0.44619006514549253, acc: 0.8597140285971403#############
INFO:root:epoch: 1, iter: 141, loss: 0.49936687946319575
INFO:root:epoch: 1, iter: 142, loss: 0.4602625370025635
INFO:root:epoch: 1, iter: 143, loss: 0.4609281420707703
INFO:root:epoch: 1, iter: 144, loss: 0.4003660678863525
INFO:root:epoch: 1, iter: 145, loss: 0.4301596283912658
INFO:root:epoch: 1, iter: 146, loss: 0.4583019018173217
INFO:root:epoch: 1, iter: 147, loss: 0.4974005818367004
INFO:root:epoch: 1, iter: 148, loss: 0.4716461300849915
INFO:root:epoch: 1, iter: 149, loss: 0.43122512102127075
INFO:root:epoch: 1, iter: 150, loss: 0.4549935460090637
INFO:root:#############epoch: 0, avg loss: 0.4564650535583496, acc: 0.8626137386261374#############
INFO:root:epoch: 1, iter: 151, loss: 0.4349220395088195
INFO:root:epoch: 1, iter: 152, loss: 0.41884285211563116
INFO:root:epoch: 1, iter: 153, loss: 0.39418482780456543
INFO:root:epoch: 1, iter: 154, loss: 0.4569576978683472
INFO:root:epoch: 1, iter: 155, loss: 0.4549337029457093
INFO:root:epoch: 1, iter: 156, loss: 0.48658823966979975
INFO:root:epoch: 1, iter: 157, loss: 0.4185365438461303
INFO:root:epoch: 1, iter: 158, loss: 0.42815178632736206
INFO:root:epoch: 1, iter: 159, loss: 0.4500034451484681
INFO:root:epoch: 1, iter: 160, loss: 0.3972244262695312
INFO:root:#############epoch: 0, avg loss: 0.4340345561504364, acc: 0.8641135886411359#############
INFO:root:epoch: 1, iter: 161, loss: 0.43772363662719727
INFO:root:epoch: 1, iter: 162, loss: 0.5337014198303223
INFO:root:epoch: 1, iter: 163, loss: 0.4681576490402222
INFO:root:epoch: 1, iter: 164, loss: 0.43040686845779424
INFO:root:epoch: 1, iter: 165, loss: 0.4455457329750061
INFO:root:epoch: 1, iter: 166, loss: 0.46437788009643555
INFO:root:epoch: 1, iter: 167, loss: 0.437308669090271
INFO:root:epoch: 1, iter: 168, loss: 0.4499423503875732
INFO:root:epoch: 1, iter: 169, loss: 0.4587832689285279
INFO:root:epoch: 1, iter: 170, loss: 0.3761835694313049
INFO:root:#############epoch: 0, avg loss: 0.45021310448646545, acc: 0.8694130586941305#############
INFO:root:epoch: 1, iter: 171, loss: 0.38547021150588995
INFO:root:epoch: 1, iter: 172, loss: 0.44114440679550176
INFO:root:epoch: 1, iter: 173, loss: 0.4852063655853272
INFO:root:epoch: 1, iter: 174, loss: 0.4196138381958007
INFO:root:epoch: 1, iter: 175, loss: 0.36665993928909296
INFO:root:epoch: 1, iter: 176, loss: 0.4777979254722596
INFO:root:epoch: 1, iter: 177, loss: 0.41966390609741216
INFO:root:epoch: 1, iter: 178, loss: 0.45536804199218744
INFO:root:epoch: 1, iter: 179, loss: 0.43074601888656616
INFO:root:epoch: 1, iter: 180, loss: 0.4834325313568115
INFO:root:#############epoch: 0, avg loss: 0.43651031851768496, acc: 0.877012298770123#############
INFO:root:epoch: 1, iter: 181, loss: 0.45770782232284546
INFO:root:epoch: 1, iter: 182, loss: 0.42213267087936407
INFO:root:epoch: 1, iter: 183, loss: 0.40011292695999146
INFO:root:epoch: 1, iter: 184, loss: 0.39916944503784185
INFO:root:epoch: 1, iter: 185, loss: 0.44292992353439326
INFO:root:epoch: 1, iter: 186, loss: 0.4555660486221314
INFO:root:epoch: 1, iter: 187, loss: 0.4078229069709778
INFO:root:epoch: 1, iter: 188, loss: 0.43038761615753174
INFO:root:epoch: 1, iter: 189, loss: 0.41601353883743286
INFO:root:epoch: 1, iter: 190, loss: 0.3858229517936707
INFO:root:#############epoch: 0, avg loss: 0.421766585111618, acc: 0.8758124187581242#############
INFO:root:epoch: 1, iter: 191, loss: 0.3936409950256348
INFO:root:epoch: 1, iter: 192, loss: 0.48184263706207275
INFO:root:epoch: 1, iter: 193, loss: 0.42253333330154424
INFO:root:epoch: 1, iter: 194, loss: 0.49471139907836914
INFO:root:epoch: 1, iter: 195, loss: 0.4417133927345276
INFO:root:epoch: 1, iter: 196, loss: 0.4075528383255005
INFO:root:epoch: 1, iter: 197, loss: 0.46247285604476923
INFO:root:epoch: 1, iter: 198, loss: 0.4107165932655334
INFO:root:epoch: 1, iter: 199, loss: 0.4145992994308471
INFO:root:epoch: 1, iter: 200, loss: 0.3969681859016419
INFO:root:#############epoch: 0, avg loss: 0.43267515301704407, acc: 0.8817118288171183#############
INFO:root:epoch: 1, iter: 201, loss: 0.40702170133590704
INFO:root:epoch: 1, iter: 202, loss: 0.34162133932113653
INFO:root:epoch: 1, iter: 203, loss: 0.37960112094879145
INFO:root:epoch: 1, iter: 204, loss: 0.47814255952835083
INFO:root:epoch: 1, iter: 205, loss: 0.3991986513137817
INFO:root:epoch: 1, iter: 206, loss: 0.3718379735946656
INFO:root:epoch: 1, iter: 207, loss: 0.45310664176940924
INFO:root:epoch: 1, iter: 208, loss: 0.37920409440994257
INFO:root:epoch: 1, iter: 209, loss: 0.3367280960083008
INFO:root:epoch: 1, iter: 210, loss: 0.41377723217010504
INFO:root:#############epoch: 0, avg loss: 0.3960239410400391, acc: 0.8852114788521148#############
INFO:root:epoch: 1, iter: 211, loss: 0.41054946184158325
INFO:root:epoch: 1, iter: 212, loss: 0.39767175912857056
INFO:root:epoch: 1, iter: 213, loss: 0.3836340308189392
INFO:root:epoch: 1, iter: 214, loss: 0.37396913766860956
INFO:root:epoch: 1, iter: 215, loss: 0.43486213684082037
INFO:root:epoch: 1, iter: 216, loss: 0.3543483018875122
INFO:root:epoch: 1, iter: 217, loss: 0.3785941004753112
INFO:root:epoch: 1, iter: 218, loss: 0.3890520930290223
INFO:root:epoch: 1, iter: 219, loss: 0.3659719824790954
INFO:root:epoch: 1, iter: 220, loss: 0.3975865244865417
INFO:root:#############epoch: 0, avg loss: 0.3886239528656006, acc: 0.8834116588341165#############
INFO:root:epoch: 1, iter: 221, loss: 0.38244152069091797
INFO:root:epoch: 1, iter: 222, loss: 0.38497924804687506
INFO:root:epoch: 1, iter: 223, loss: 0.36434608697891235
INFO:root:epoch: 1, iter: 224, loss: 0.4226146936416626
INFO:root:epoch: 1, iter: 225, loss: 0.40426588058471674
INFO:root:epoch: 1, iter: 226, loss: 0.4039546847343445
INFO:root:epoch: 1, iter: 227, loss: 0.37348616123199463
INFO:root:epoch: 1, iter: 228, loss: 0.33273983001708984
INFO:root:epoch: 1, iter: 229, loss: 0.3555624485015869
INFO:root:epoch: 1, iter: 230, loss: 0.36624169349670405
INFO:root:#############epoch: 0, avg loss: 0.37906322479248045, acc: 0.8875112488751125#############
INFO:root:epoch: 1, iter: 231, loss: 0.2819867134094238
INFO:root:epoch: 1, iter: 232, loss: 0.36130291223526
INFO:root:epoch: 1, iter: 233, loss: 0.34263706207275385
INFO:root:epoch: 1, iter: 234, loss: 0.34605395793914795
INFO:root:epoch: 1, iter: 235, loss: 0.43506526947021484
INFO:root:#############epoch: 0, avg loss: 0.3534091830253601, acc: 0.8868113188681132#############
INFO:root:elapsed time: 1920.6876437664032 seconds
