INFO:root:weights are initialized
INFO:root:train data is handled
INFO:root:test data is handled
INFO:root:datasets and loaders are initialized
INFO:root:epoch: 0, iter: 1, loss: 1.0813369750976565
INFO:root:#############epoch: 0, avg loss: 1.0813369750976565, acc: 0.12918708129187081#############
INFO:root:epoch: 0, iter: 2, loss: 1.0698490142822266
INFO:root:epoch: 0, iter: 3, loss: 1.0054813027381897
INFO:root:epoch: 0, iter: 4, loss: 0.988900661468506
INFO:root:epoch: 0, iter: 5, loss: 0.955789029598236
INFO:root:epoch: 0, iter: 6, loss: 0.9630006551742553
INFO:root:epoch: 0, iter: 7, loss: 0.9215584397315979
INFO:root:epoch: 0, iter: 8, loss: 0.9367786049842833
INFO:root:epoch: 0, iter: 9, loss: 0.9205232858657837
INFO:root:epoch: 0, iter: 10, loss: 0.9111738801002504
INFO:root:#############epoch: 0, avg loss: 0.8673054873943329, acc: 0.26547345265473454#############
INFO:root:epoch: 0, iter: 11, loss: 0.8917755484580993
INFO:root:epoch: 0, iter: 12, loss: 0.8858513236045839
INFO:root:epoch: 0, iter: 13, loss: 0.891569435596466
INFO:root:epoch: 0, iter: 14, loss: 0.8740034103393556
INFO:root:epoch: 0, iter: 15, loss: 0.8587941527366639
INFO:root:epoch: 0, iter: 16, loss: 0.8712844252586366
INFO:root:epoch: 0, iter: 17, loss: 0.8566761016845702
INFO:root:epoch: 0, iter: 18, loss: 0.8522759675979615
INFO:root:epoch: 0, iter: 19, loss: 0.8339609503746033
INFO:root:epoch: 0, iter: 20, loss: 0.8347441554069519
INFO:root:#############epoch: 0, avg loss: 0.8650935471057892, acc: 0.38706129387061294#############
INFO:root:epoch: 0, iter: 21, loss: 0.8311431407928467
INFO:root:epoch: 0, iter: 22, loss: 0.8733437061309816
INFO:root:epoch: 0, iter: 23, loss: 0.8196229338645935
INFO:root:epoch: 0, iter: 24, loss: 0.8050785064697266
INFO:root:epoch: 0, iter: 25, loss: 0.814660906791687
INFO:root:epoch: 0, iter: 26, loss: 0.8198313117027283
INFO:root:epoch: 0, iter: 27, loss: 0.8173121213912964
INFO:root:epoch: 0, iter: 28, loss: 0.8044372797012328
INFO:root:epoch: 0, iter: 29, loss: 0.8004077672958374
INFO:root:epoch: 0, iter: 30, loss: 0.7973013520240784
INFO:root:#############epoch: 0, avg loss: 0.8183139026165008, acc: 0.4567543245675432#############
INFO:root:epoch: 0, iter: 31, loss: 0.8034121394157411
INFO:root:epoch: 0, iter: 32, loss: 0.7981597781181335
INFO:root:epoch: 0, iter: 33, loss: 0.779024362564087
INFO:root:epoch: 0, iter: 34, loss: 0.7815858721733093
INFO:root:epoch: 0, iter: 35, loss: 0.7762202024459839
INFO:root:epoch: 0, iter: 36, loss: 0.7952585220336915
INFO:root:epoch: 0, iter: 37, loss: 0.7826400399208069
INFO:root:epoch: 0, iter: 38, loss: 0.7390571236610413
INFO:root:epoch: 0, iter: 39, loss: 0.7559932470321654
INFO:root:epoch: 0, iter: 40, loss: 0.767227053642273
INFO:root:#############epoch: 0, avg loss: 0.7778578341007233, acc: 0.5003499650034996#############
INFO:root:epoch: 0, iter: 41, loss: 0.7627288699150084
INFO:root:epoch: 0, iter: 42, loss: 0.7565312981605531
INFO:root:epoch: 0, iter: 43, loss: 0.7684334516525267
INFO:root:epoch: 0, iter: 44, loss: 0.7631278634071351
INFO:root:epoch: 0, iter: 45, loss: 0.750397264957428
INFO:root:epoch: 0, iter: 46, loss: 0.7406386137008667
INFO:root:epoch: 0, iter: 47, loss: 0.7404710650444031
INFO:root:epoch: 0, iter: 48, loss: 0.7432026863098146
INFO:root:epoch: 0, iter: 49, loss: 0.7400912642478943
INFO:root:epoch: 0, iter: 50, loss: 0.7267655730247498
INFO:root:#############epoch: 0, avg loss: 0.7492387950420379, acc: 0.5236476352364764#############
INFO:root:epoch: 0, iter: 51, loss: 0.7281801700592042
INFO:root:epoch: 0, iter: 52, loss: 0.7347747087478638
INFO:root:epoch: 0, iter: 53, loss: 0.7558628916740417
INFO:root:epoch: 0, iter: 54, loss: 0.745634138584137
INFO:root:epoch: 0, iter: 55, loss: 0.7318850755691527
INFO:root:epoch: 0, iter: 56, loss: 0.7568657994270324
INFO:root:epoch: 0, iter: 57, loss: 0.7101315855979918
INFO:root:epoch: 0, iter: 58, loss: 0.7127363085746766
INFO:root:epoch: 0, iter: 59, loss: 0.7114849686622621
INFO:root:epoch: 0, iter: 60, loss: 0.7395344376564026
INFO:root:#############epoch: 0, avg loss: 0.7327090084552765, acc: 0.5426457354264573#############
INFO:root:epoch: 0, iter: 61, loss: 0.7117689847946167
INFO:root:epoch: 0, iter: 62, loss: 0.6873219609260558
INFO:root:epoch: 0, iter: 63, loss: 0.7244645357131957
INFO:root:epoch: 0, iter: 64, loss: 0.7266348600387573
INFO:root:epoch: 0, iter: 65, loss: 0.744110941886902
INFO:root:epoch: 0, iter: 66, loss: 0.7052496075630188
INFO:root:epoch: 0, iter: 67, loss: 0.689237892627716
INFO:root:epoch: 0, iter: 68, loss: 0.7451141476631165
INFO:root:epoch: 0, iter: 69, loss: 0.7042012214660646
INFO:root:epoch: 0, iter: 70, loss: 0.7121919393539429
INFO:root:#############epoch: 0, avg loss: 0.7150296092033386, acc: 0.5506449355064493#############
INFO:root:epoch: 0, iter: 71, loss: 0.7138986587524413
INFO:root:epoch: 0, iter: 72, loss: 0.7122858166694641
INFO:root:epoch: 0, iter: 73, loss: 0.722028136253357
INFO:root:epoch: 0, iter: 74, loss: 0.689697265625
INFO:root:epoch: 0, iter: 75, loss: 0.7202804088592529
INFO:root:epoch: 0, iter: 76, loss: 0.6953257322311401
INFO:root:epoch: 0, iter: 77, loss: 0.6821694970130919
INFO:root:epoch: 0, iter: 78, loss: 0.7200201153755188
INFO:root:epoch: 0, iter: 79, loss: 0.6888516545295715
INFO:root:epoch: 0, iter: 80, loss: 0.7025923728942871
INFO:root:#############epoch: 0, avg loss: 0.7047149658203125, acc: 0.5633436656334366#############
INFO:root:epoch: 0, iter: 81, loss: 0.7113128304481506
INFO:root:epoch: 0, iter: 82, loss: 0.6763855218887329
INFO:root:epoch: 0, iter: 83, loss: 0.7000510692596436
INFO:root:epoch: 0, iter: 84, loss: 0.6955466270446777
INFO:root:epoch: 0, iter: 85, loss: 0.6938368082046509
INFO:root:epoch: 0, iter: 86, loss: 0.6872615814208984
INFO:root:epoch: 0, iter: 87, loss: 0.7035516500473022
INFO:root:epoch: 0, iter: 88, loss: 0.6869987845420839
INFO:root:epoch: 0, iter: 89, loss: 0.7074431180953981
INFO:root:epoch: 0, iter: 90, loss: 0.6899611353874207
INFO:root:#############epoch: 0, avg loss: 0.6952349126338959, acc: 0.5678432156784322#############
INFO:root:epoch: 0, iter: 91, loss: 0.6779174208641053
INFO:root:epoch: 0, iter: 92, loss: 0.6829547882080077
INFO:root:epoch: 0, iter: 93, loss: 0.675832986831665
INFO:root:epoch: 0, iter: 94, loss: 0.6722030639648439
INFO:root:epoch: 0, iter: 95, loss: 0.7071647047996521
INFO:root:epoch: 0, iter: 96, loss: 0.6740862727165223
INFO:root:epoch: 0, iter: 97, loss: 0.6794135570526122
INFO:root:epoch: 0, iter: 98, loss: 0.6525088548660278
INFO:root:epoch: 0, iter: 99, loss: 0.7104945778846741
INFO:root:epoch: 0, iter: 100, loss: 0.6871488094329833
INFO:root:#############epoch: 0, avg loss: 0.6819725036621094, acc: 0.5742425757424258#############
INFO:root:epoch: 0, iter: 101, loss: 0.6787915825843811
INFO:root:epoch: 0, iter: 102, loss: 0.6654582023620605
INFO:root:epoch: 0, iter: 103, loss: 0.6682678461074828
INFO:root:epoch: 0, iter: 104, loss: 0.6436330676078796
INFO:root:epoch: 0, iter: 105, loss: 0.6817554235458374
INFO:root:epoch: 0, iter: 106, loss: 0.6815417408943176
INFO:root:epoch: 0, iter: 107, loss: 0.6567702889442444
INFO:root:epoch: 0, iter: 108, loss: 0.6927223801612855
INFO:root:epoch: 0, iter: 109, loss: 0.6730052828788757
INFO:root:epoch: 0, iter: 110, loss: 0.6625147461891175
INFO:root:#############epoch: 0, avg loss: 0.6704460561275483, acc: 0.57994200579942#############
INFO:root:epoch: 0, iter: 111, loss: 0.682312309741974
INFO:root:epoch: 0, iter: 112, loss: 0.6770262718200684
INFO:root:epoch: 0, iter: 113, loss: 0.6756114959716797
INFO:root:epoch: 0, iter: 114, loss: 0.6889305114746094
INFO:root:epoch: 0, iter: 115, loss: 0.6518689393997192
INFO:root:epoch: 0, iter: 116, loss: 0.6744354367256165
INFO:root:epoch: 0, iter: 117, loss: 0.6602616310119629
INFO:root:epoch: 0, iter: 118, loss: 0.6871867179870605
INFO:root:epoch: 0, iter: 119, loss: 0.6690944433212279
INFO:root:epoch: 0, iter: 120, loss: 0.6642347574234008
INFO:root:#############epoch: 0, avg loss: 0.6730962514877319, acc: 0.5908409159084091#############
INFO:root:epoch: 0, iter: 121, loss: 0.6560401320457458
INFO:root:epoch: 0, iter: 122, loss: 0.6707134246826172
INFO:root:epoch: 0, iter: 123, loss: 0.652407467365265
INFO:root:epoch: 0, iter: 124, loss: 0.6772481203079224
INFO:root:epoch: 0, iter: 125, loss: 0.6659248471260071
INFO:root:epoch: 0, iter: 126, loss: 0.6715752482414247
INFO:root:epoch: 0, iter: 127, loss: 0.6529369354248047
INFO:root:epoch: 0, iter: 128, loss: 0.656226396560669
INFO:root:epoch: 0, iter: 129, loss: 0.6789638996124268
INFO:root:epoch: 0, iter: 130, loss: 0.6442663669586183
INFO:root:#############epoch: 0, avg loss: 0.6626302838325501, acc: 0.591040895910409#############
INFO:root:epoch: 0, iter: 131, loss: 0.698593020439148
INFO:root:epoch: 0, iter: 132, loss: 0.6795479655265808
INFO:root:epoch: 0, iter: 133, loss: 0.6816053986549379
INFO:root:epoch: 0, iter: 134, loss: 0.6531718969345093
INFO:root:epoch: 0, iter: 135, loss: 0.6522669792175292
INFO:root:epoch: 0, iter: 136, loss: 0.6291462182998657
INFO:root:epoch: 0, iter: 137, loss: 0.6418516039848328
INFO:root:epoch: 0, iter: 138, loss: 0.631200909614563
INFO:root:epoch: 0, iter: 139, loss: 0.6356382369995117
INFO:root:epoch: 0, iter: 140, loss: 0.634989082813263
INFO:root:#############epoch: 0, avg loss: 0.6538011312484742, acc: 0.5981401859814018#############
INFO:root:epoch: 0, iter: 141, loss: 0.6532340645790101
INFO:root:epoch: 0, iter: 142, loss: 0.6412400007247925
INFO:root:epoch: 0, iter: 143, loss: 0.6500474810600281
INFO:root:epoch: 0, iter: 144, loss: 0.6359760165214539
INFO:root:epoch: 0, iter: 145, loss: 0.6483239531517029
INFO:root:epoch: 0, iter: 146, loss: 0.6736435890197754
INFO:root:epoch: 0, iter: 147, loss: 0.652646541595459
INFO:root:epoch: 0, iter: 148, loss: 0.6376895308494568
INFO:root:epoch: 0, iter: 149, loss: 0.6715390682220458
INFO:root:epoch: 0, iter: 150, loss: 0.6457524299621582
INFO:root:#############epoch: 0, avg loss: 0.6510092675685882, acc: 0.5993400659934006#############
INFO:root:epoch: 0, iter: 151, loss: 0.6592552065849304
INFO:root:epoch: 0, iter: 152, loss: 0.6508877873420715
INFO:root:epoch: 0, iter: 153, loss: 0.6447889804840089
INFO:root:epoch: 0, iter: 154, loss: 0.6455059051513672
INFO:root:epoch: 0, iter: 155, loss: 0.6333954334259033
INFO:root:epoch: 0, iter: 156, loss: 0.5966247916221619
INFO:root:epoch: 0, iter: 157, loss: 0.6197498440742494
INFO:root:epoch: 0, iter: 158, loss: 0.6477022171020508
INFO:root:epoch: 0, iter: 159, loss: 0.6454024314880371
INFO:root:epoch: 0, iter: 160, loss: 0.6449239253997803
INFO:root:#############epoch: 0, avg loss: 0.6388236522674561, acc: 0.6051394860513949#############
INFO:root:epoch: 0, iter: 161, loss: 0.6466569900512695
INFO:root:epoch: 0, iter: 162, loss: 0.6609637141227722
INFO:root:epoch: 0, iter: 163, loss: 0.6553426384925841
INFO:root:epoch: 0, iter: 164, loss: 0.606072187423706
INFO:root:epoch: 0, iter: 165, loss: 0.6465671658515929
INFO:root:epoch: 0, iter: 166, loss: 0.5910787582397461
INFO:root:epoch: 0, iter: 167, loss: 0.6297034025192261
INFO:root:epoch: 0, iter: 168, loss: 0.641000986099243
INFO:root:epoch: 0, iter: 169, loss: 0.6486909985542297
INFO:root:epoch: 0, iter: 170, loss: 0.6372733712196351
INFO:root:#############epoch: 0, avg loss: 0.6363350212574005, acc: 0.607039296070393#############
INFO:root:epoch: 0, iter: 171, loss: 0.6438023447990419
INFO:root:epoch: 0, iter: 172, loss: 0.6537898778915405
INFO:root:epoch: 0, iter: 173, loss: 0.614903688430786
INFO:root:epoch: 0, iter: 174, loss: 0.6288922429084779
INFO:root:epoch: 0, iter: 175, loss: 0.6326241493225097
INFO:root:epoch: 0, iter: 176, loss: 0.6525872349739075
INFO:root:epoch: 0, iter: 177, loss: 0.6381002068519593
INFO:root:epoch: 0, iter: 178, loss: 0.6118797063827514
INFO:root:epoch: 0, iter: 179, loss: 0.6743546724319457
INFO:root:epoch: 0, iter: 180, loss: 0.6363824605941772
INFO:root:#############epoch: 0, avg loss: 0.6387316584587097, acc: 0.6092390760923908#############
INFO:root:epoch: 0, iter: 181, loss: 0.6350409984588624
INFO:root:epoch: 0, iter: 182, loss: 0.6586045622825623
INFO:root:epoch: 0, iter: 183, loss: 0.6360659599304199
INFO:root:epoch: 0, iter: 184, loss: 0.6294206380844116
INFO:root:epoch: 0, iter: 185, loss: 0.614678144454956
INFO:root:epoch: 0, iter: 186, loss: 0.6246950030326844
INFO:root:epoch: 0, iter: 187, loss: 0.6328576803207399
INFO:root:epoch: 0, iter: 188, loss: 0.6385226845741272
INFO:root:epoch: 0, iter: 189, loss: 0.5922538042068481
INFO:root:epoch: 0, iter: 190, loss: 0.6009534001350402
INFO:root:#############epoch: 0, avg loss: 0.6263092875480651, acc: 0.6132386761323868#############
INFO:root:epoch: 0, iter: 191, loss: 0.6229535341262817
INFO:root:epoch: 0, iter: 192, loss: 0.6293641924858092
INFO:root:epoch: 0, iter: 193, loss: 0.6291584372520447
INFO:root:epoch: 0, iter: 194, loss: 0.639738142490387
INFO:root:epoch: 0, iter: 195, loss: 0.6176287531852723
INFO:root:epoch: 0, iter: 196, loss: 0.5944807052612304
INFO:root:#############epoch: 0, avg loss: 0.6222206274668376, acc: 0.6147385261473852#############
