2.350167751312256
iter: 1, accuracy: 0.3033999800682068
2.1434288024902344
1.9918986558914185
1.8454865217208862
1.6276752948760986
1.521307349205017
1.3891535997390747
1.2518755197525024
1.2398501634597778
1.0816668272018433
iter: 10, accuracy: 0.8101999759674072
0.9714849591255188
0.9193239212036133
0.890945553779602
0.8041040897369385
0.8111453652381897
0.7449889183044434
0.6456578969955444
0.5524163842201233
0.5927104353904724
0.5947248935699463
iter: 20, accuracy: 0.861799955368042
0.5094026327133179
0.5683966875076294
0.461053729057312
0.51882004737854
0.41138017177581787
0.5205390453338623
0.41702330112457275
0.3876529932022095
0.43191027641296387
0.4379717707633972
iter: 30, accuracy: 0.8845999836921692
0.5089494585990906
0.36290982365608215
0.4575696587562561
0.421446293592453
0.4189634323120117
0.3600674867630005
0.3659631609916687
0.372603178024292
0.44212689995765686
0.5211731195449829
iter: 40, accuracy: 0.8988999724388123
0.477607399225235
0.3605385720729828
0.4051423668861389
0.4195508062839508
0.35963883996009827
0.3612753748893738
0.4921090304851532
0.4114784300327301
0.3135772943496704
0.33480915427207947
iter: 50, accuracy: 0.9001999497413635
0.42907020449638367
0.37208908796310425
0.36534762382507324
0.4168607294559479
0.3664439022541046
0.3621692955493927
0.3549545407295227
0.3865774869918823
0.4254935681819916
0.36511266231536865
iter: 60, accuracy: 0.9019999504089355
0.39014095067977905
0.3937791585922241
0.306863009929657
0.46059364080429077
0.3644455671310425
0.33821141719818115
0.26591601967811584
0.3076722323894501
0.36698809266090393
0.35994070768356323
iter: 70, accuracy: 0.9045999646186829
0.29008781909942627
0.3444238305091858
0.32242628931999207
0.3135576546192169
0.3053692579269409
0.2843261659145355
0.2976542115211487
0.42787960171699524
0.28413960337638855
0.4447610080242157
iter: 80, accuracy: 0.9175999760627747
0.3912782371044159
0.28863251209259033
0.29112765192985535
0.3961758017539978
0.22631821036338806
0.3196296989917755
0.2619018852710724
0.26604849100112915
0.27287086844444275
0.4256405532360077
iter: 90, accuracy: 0.9140999913215637
0.2982272505760193
0.32837632298469543
0.3339625298976898
0.28745511174201965
0.3047069013118744
0.27558818459510803
0.3212738633155823
0.2753746509552002
0.274751752614975
0.2817836105823517
iter: 100, accuracy: 0.9220999479293823
0.26807984709739685
0.27478399872779846
0.24450631439685822
0.2330610305070877
0.2333650141954422
0.3017886281013489
0.29972198605537415
0.2807087302207947
0.37915751338005066
0.31218579411506653
iter: 110, accuracy: 0.9192999601364136
0.3153574466705322
0.28632375597953796
0.2603069245815277
0.29349565505981445
0.3217698335647583
0.26934126019477844
0.21440741419792175
0.2516321539878845
0.26880374550819397
0.3275015354156494
iter: 120, accuracy: 0.9261999726295471
0.28726112842559814
0.28396645188331604
0.32071706652641296
0.42140936851501465
0.2563714385032654
0.26692965626716614
0.23395703732967377
0.26955926418304443
0.20405656099319458
0.25568750500679016
iter: 130, accuracy: 0.9289000034332275
0.2643600106239319
0.2298843115568161
0.2904185652732849
0.2962649464607239
0.22088083624839783
0.2550962269306183
0.21143381297588348
0.2408899962902069
0.260105162858963
0.20845246315002441
iter: 140, accuracy: 0.929099977016449
0.2639752924442291
0.2515217959880829
0.25946342945098877
0.26471081376075745
0.209459125995636
0.24553297460079193
0.24821250140666962
0.24951404333114624
0.180293008685112
0.21039226651191711
iter: 150, accuracy: 0.9250999689102173
0.31004348397254944
0.2206188142299652
0.23174698650836945
0.3210414946079254
0.28695380687713623
0.14615795016288757
0.26111581921577454
0.26474475860595703
0.17721597850322723
0.2592012286186218
iter: 160, accuracy: 0.9336999654769897
0.25038325786590576
0.2598704993724823
0.23054885864257812
0.21060693264007568
0.27639198303222656
0.32631003856658936
0.24922433495521545
0.26620450615882874
0.22156734764575958
0.3195277154445648
iter: 170, accuracy: 0.9298999905586243
0.21627095341682434
0.2357458770275116
0.27744752168655396
0.23972471058368683
0.2647322118282318
0.30443260073661804
0.239369735121727
0.25522974133491516
0.3806026577949524
0.23482432961463928
iter: 180, accuracy: 0.9368999600410461
0.2768276035785675
0.1692611426115036
0.16311205923557281
0.3184139132499695
0.23170875012874603
0.16645406186580658
0.25520622730255127
0.24052149057388306
0.2423400580883026
0.25763246417045593
iter: 190, accuracy: 0.9335999488830566
0.14557063579559326
0.2684994041919708
0.20167981088161469
0.2593959867954254
0.23550735414028168
0.24775801599025726
0.25977712869644165
0.19775831699371338
0.264181911945343
0.19400326907634735
iter: 200, accuracy: 0.9391999840736389
0.2202284038066864
0.25975900888442993
0.23975038528442383
0.13412173092365265
0.1876363903284073
0.19663339853286743
0.21524456143379211
0.3056514263153076
0.19342604279518127
0.20212426781654358
iter: 210, accuracy: 0.9416999816894531
0.21351075172424316
0.18775053322315216
0.27645546197891235
0.24299505352973938
0.27155616879463196
0.17663510143756866
0.22587460279464722
0.12826694548130035
0.24258217215538025
0.2757487893104553
iter: 220, accuracy: 0.9394999742507935
0.2618425190448761
0.14649970829486847
0.23582018911838531
0.14947903156280518
0.3001323938369751
0.1444689929485321
0.27602362632751465
0.2035781294107437
0.23226407170295715
0.31270846724510193
iter: 230, accuracy: 0.9440000057220459
0.20236016809940338
0.2534466087818146
0.18636678159236908
0.21814298629760742
0.17214417457580566
0.19418129324913025
0.2310154139995575
0.20958557724952698
0.12631450593471527
0.21285784244537354
iter: 240, accuracy: 0.9432999491691589
0.19013936817646027
0.15211272239685059
0.24520251154899597
0.19031524658203125
0.20758774876594543
0.20535646378993988
0.1800605207681656
0.19852682948112488
0.17562204599380493
0.21173174679279327
iter: 250, accuracy: 0.9426999688148499
0.27229365706443787
0.16299968957901
0.1574125438928604
0.19685062766075134
0.22200995683670044
0.142861470580101
0.28658393025398254
0.17224673926830292
0.15505792200565338
0.20101398229599
iter: 260, accuracy: 0.9447999596595764
0.2714848518371582
0.23980186879634857
0.20908476412296295
0.17825180292129517
0.23700912296772003
0.24718831479549408
0.20202471315860748
0.14466539025306702
0.2645180821418762
0.26794469356536865
iter: 270, accuracy: 0.9466999769210815
0.17620384693145752
0.2249891608953476
0.3087031841278076
0.2940864861011505
0.26133114099502563
0.1697642207145691
0.12960708141326904
0.21367235481739044
0.21424390375614166
0.19250363111495972
iter: 280, accuracy: 0.9467999935150146
0.24311913549900055
0.24476364254951477
0.2073243111371994
0.13610601425170898
0.1465507298707962
0.16080471873283386
0.19259344041347504
0.1930735856294632
0.1404629796743393
0.22458139061927795
iter: 290, accuracy: 0.9472999572753906
0.20146942138671875
0.18398961424827576
0.2219613790512085
0.1618059277534485
0.1856829971075058
0.161886066198349
0.1729072630405426
0.16888099908828735
0.17660017311573029
0.22867104411125183
iter: 300, accuracy: 0.9502999782562256
