2.351202964782715
accuracy: 0.3880999982357025
2.1365835666656494
2.0132510662078857
1.8471142053604126
1.654343843460083
1.5292166471481323
1.380525827407837
1.2775009870529175
1.143768072128296
1.1204586029052734
0.9521575570106506
accuracy: 0.7929999828338623
0.8229928612709045
0.9519515037536621
0.8135981559753418
0.78766930103302
0.6442012786865234
0.7724756598472595
0.7268701195716858
0.5792543888092041
0.7011759281158447
0.5777882933616638
accuracy: 0.8488999605178833
0.45341259241104126
0.636188268661499
0.5603740811347961
0.5172957181930542
0.46096569299697876
0.5311040282249451
0.48346880078315735
0.4242015779018402
0.44496914744377136
0.5032675862312317
accuracy: 0.8775999546051025
0.5704569816589355
0.45272400975227356
0.4071964621543884
0.39788818359375
0.4256890118122101
0.4791334271430969
0.37373408675193787
0.434950590133667
0.49769309163093567
0.44868141412734985
accuracy: 0.8868999481201172
0.398188978433609
0.41558268666267395
0.33515265583992004
0.32483285665512085
0.3242339789867401
0.4364602267742157
0.3785162568092346
0.4416324198246002
0.40522506833076477
0.4096503257751465
accuracy: 0.8946999907493591
0.34151604771614075
0.3530581593513489
0.3250875473022461
0.35857149958610535
0.3027222156524658
0.37683233618736267
0.3736629784107208
0.38886967301368713
0.27268102765083313
0.42227625846862793
accuracy: 0.9023999571800232
0.3946518301963806
0.3169499337673187
0.38396450877189636
0.3197486400604248
0.29673653841018677
0.4854028522968292
0.25677794218063354
0.22098630666732788
0.3009345531463623
0.26825639605522156
accuracy: 0.9086999893188477
0.3205486834049225
0.2962481677532196
0.4426998496055603
0.39554479718208313
0.30428746342658997
0.314974844455719
0.35894155502319336
0.3027384877204895
0.3252178430557251
0.30180153250694275
accuracy: 0.91239994764328
0.34273332357406616
0.3715430200099945
0.37919244170188904
0.27970293164253235
0.3530917763710022
0.3805809020996094
0.32839545607566833
0.3066554367542267
0.17388035356998444
0.2869536876678467
accuracy: 0.9159999489784241
0.310967355966568
0.3526276648044586
0.3940372169017792
0.28024229407310486
0.30758342146873474
0.2856658399105072
0.3407480716705322
0.2785826623439789
0.3740469813346863
0.2594229280948639
accuracy: 0.9190999865531921
0.32802048325538635
0.3414584994316101
0.31158915162086487
0.291400283575058
0.2476745843887329
0.411526083946228
0.29488345980644226
0.2769371569156647
0.2767810523509979
0.3112996518611908
accuracy: 0.9193999767303467
0.22486025094985962
0.2559387683868408
0.3334161639213562
0.257416307926178
0.26478567719459534
0.30720406770706177
0.30993425846099854
0.3193513751029968
0.31642964482307434
0.3465409278869629
accuracy: 0.9232999682426453
0.1586640179157257
0.2629784047603607
0.2855178415775299
0.3014940917491913
0.24582506716251373
0.23613226413726807
0.33958882093429565
0.31084194779396057
0.2609136998653412
0.28625839948654175
accuracy: 0.926099956035614
0.23154182732105255
0.2540457844734192
0.3388107419013977
0.2715248465538025
0.20109891891479492
0.22857855260372162
0.21362334489822388
0.3127869963645935
0.19550950825214386
0.21367235481739044
accuracy: 0.926099956035614
0.23158352077007294
0.29217907786369324
0.21993081271648407
0.2768478989601135
0.23494425415992737
0.19163723289966583
0.29896846413612366
0.2846427261829376
0.26159578561782837
0.20685362815856934
accuracy: 0.929099977016449
0.2828228175640106
0.17545872926712036
0.21356625854969025
0.2613641917705536
0.3108190596103668
0.2390197515487671
0.19050046801567078
0.26340749859809875
0.19950000941753387
0.26523539423942566
accuracy: 0.9289000034332275
0.26230236887931824
0.24586322903633118
0.2614865303039551
0.3203447759151459
0.2508019506931305
0.21122035384178162
0.31938719749450684
0.2171497493982315
0.3031383156776428
0.2184218466281891
accuracy: 0.9334999918937683
0.2489486038684845
0.18593820929527283
0.3368450999259949
0.24655689299106598
0.3233361840248108
0.2515009343624115
0.2052721083164215
0.24428142607212067
0.30372148752212524
0.28508803248405457
accuracy: 0.9339999556541443
0.18612472712993622
0.24326488375663757
0.18964967131614685
0.24620531499385834
0.22794917225837708
0.2564527094364166
0.1841629445552826
0.18478186428546906
0.19395236670970917
0.24071699380874634
accuracy: 0.9350000023841858
0.262897253036499
0.21039718389511108
0.24961386620998383
0.161396324634552
0.22025540471076965
0.24931368231773376
0.17074182629585266
0.28822562098503113
0.18479880690574646
0.24296298623085022
accuracy: 0.9345999956130981
0.20663298666477203
0.24998988211154938
0.26475319266319275
0.2405068725347519
0.24914002418518066
0.22549328207969666
0.24639959633350372
0.24466945230960846
0.17436429858207703
0.2579289376735687
accuracy: 0.9337999820709229
0.19728708267211914
0.19453255832195282
0.292118102312088
0.26087695360183716
0.17164823412895203
0.2451343536376953
0.18655237555503845
0.20501145720481873
0.2942436933517456
0.3040483593940735
accuracy: 0.9393999576568604
0.18005700409412384
0.19393964111804962
0.2742331624031067
0.14784090220928192
0.28061923384666443
0.25798723101615906
0.23815034329891205
0.2643350064754486
0.17335417866706848
0.23399294912815094
accuracy: 0.9405999779701233
0.2559184432029724
0.23865395784378052
0.24456217885017395
0.2816915810108185
accuracy: 0.9387999773025513