INFO:root:weights are initialized
INFO:root:train data is handled
INFO:root:test data is handled
INFO:root:datasets and loaders are initialized
INFO:root:epoch: 0, iter: 1, loss: 1.004266619682312
INFO:root:#############epoch: 0, avg loss: 1.004266619682312, acc: 0.1424857514248575#############
INFO:root:epoch: 0, iter: 2, loss: 1.0184445977211
INFO:root:epoch: 0, iter: 3, loss: 0.9894026517868042
INFO:root:epoch: 0, iter: 4, loss: 0.9612622261047362
INFO:root:epoch: 0, iter: 5, loss: 0.9465866088867189
INFO:root:epoch: 0, iter: 6, loss: 0.9398282766342163
INFO:root:epoch: 0, iter: 7, loss: 0.9278406500816345
INFO:root:epoch: 0, iter: 8, loss: 0.9268116354942322
INFO:root:epoch: 0, iter: 9, loss: 0.9243651628494263
INFO:root:epoch: 0, iter: 10, loss: 0.914211869239807
INFO:root:#############epoch: 0, avg loss: 0.8548753678798675, acc: 0.2638736126387361#############
INFO:root:epoch: 0, iter: 11, loss: 0.9049727916717529
INFO:root:epoch: 0, iter: 12, loss: 0.8999460339546203
INFO:root:epoch: 0, iter: 13, loss: 0.8687008619308473
INFO:root:epoch: 0, iter: 14, loss: 0.8767182826995848
INFO:root:epoch: 0, iter: 15, loss: 0.8816918730735779
INFO:root:epoch: 0, iter: 16, loss: 0.8580731153488158
INFO:root:epoch: 0, iter: 17, loss: 0.8587089776992798
INFO:root:epoch: 0, iter: 18, loss: 0.8575850725173951
INFO:root:epoch: 0, iter: 19, loss: 0.8432097434997557
INFO:root:epoch: 0, iter: 20, loss: 0.8422796130180359
INFO:root:#############epoch: 0, avg loss: 0.8691886365413666, acc: 0.36036396360363965#############
INFO:root:epoch: 0, iter: 21, loss: 0.8367480635643005
INFO:root:epoch: 0, iter: 22, loss: 0.828435778617859
INFO:root:epoch: 0, iter: 23, loss: 0.8572085499763489
INFO:root:epoch: 0, iter: 24, loss: 0.8367017507553101
INFO:root:epoch: 0, iter: 25, loss: 0.8454884886741639
INFO:root:epoch: 0, iter: 26, loss: 0.8233816623687743
INFO:root:epoch: 0, iter: 27, loss: 0.8306560516357423
INFO:root:epoch: 0, iter: 28, loss: 0.8122494220733643
INFO:root:epoch: 0, iter: 29, loss: 0.8005042672157288
INFO:root:epoch: 0, iter: 30, loss: 0.7952918410301208
INFO:root:#############epoch: 0, avg loss: 0.8266665875911713, acc: 0.43715628437156284#############
INFO:root:epoch: 0, iter: 31, loss: 0.8325400948524474
INFO:root:epoch: 0, iter: 32, loss: 0.8044972419738771
INFO:root:epoch: 0, iter: 33, loss: 0.7953161001205444
INFO:root:epoch: 0, iter: 34, loss: 0.7891508936882019
INFO:root:epoch: 0, iter: 35, loss: 0.7684381008148193
INFO:root:epoch: 0, iter: 36, loss: 0.7923778891563416
INFO:root:epoch: 0, iter: 37, loss: 0.78097265958786
INFO:root:epoch: 0, iter: 38, loss: 0.7759948372840881
INFO:root:epoch: 0, iter: 39, loss: 0.790179431438446
INFO:root:epoch: 0, iter: 40, loss: 0.7560824751853944
INFO:root:#############epoch: 0, avg loss: 0.788554972410202, acc: 0.4781521847815218#############
INFO:root:epoch: 0, iter: 41, loss: 0.7811947464942933
INFO:root:epoch: 0, iter: 42, loss: 0.7621718645095824
INFO:root:epoch: 0, iter: 43, loss: 0.7686939239501953
INFO:root:epoch: 0, iter: 44, loss: 0.7663174867630005
INFO:root:epoch: 0, iter: 45, loss: 0.7662124633789062
INFO:root:epoch: 0, iter: 46, loss: 0.7511759996414185
INFO:root:epoch: 0, iter: 47, loss: 0.7755685448646545
INFO:root:epoch: 0, iter: 48, loss: 0.7540953159332275
INFO:root:epoch: 0, iter: 49, loss: 0.7361974716186523
INFO:root:epoch: 0, iter: 50, loss: 0.768071413040161
INFO:root:#############epoch: 0, avg loss: 0.7629699230194091, acc: 0.5026497350264973#############
INFO:root:epoch: 0, iter: 51, loss: 0.7466018795967102
INFO:root:epoch: 0, iter: 52, loss: 0.7505563497543335
INFO:root:epoch: 0, iter: 53, loss: 0.7423967719078064
INFO:root:epoch: 0, iter: 54, loss: 0.7613198757171631
INFO:root:epoch: 0, iter: 55, loss: 0.7387075424194335
INFO:root:epoch: 0, iter: 56, loss: 0.7330571413040161
INFO:root:epoch: 0, iter: 57, loss: 0.7191603779792787
INFO:root:epoch: 0, iter: 58, loss: 0.7325614094734192
INFO:root:epoch: 0, iter: 59, loss: 0.7376707196235657
INFO:root:epoch: 0, iter: 60, loss: 0.7169285416603088
INFO:root:#############epoch: 0, avg loss: 0.7378960609436035, acc: 0.5234476552344766#############
INFO:root:epoch: 0, iter: 61, loss: 0.7672001719474792
INFO:root:epoch: 0, iter: 62, loss: 0.7372920513153075
INFO:root:epoch: 0, iter: 63, loss: 0.7354953885078429
INFO:root:epoch: 0, iter: 64, loss: 0.7538290023803711
INFO:root:epoch: 0, iter: 65, loss: 0.7308844327926636
INFO:root:epoch: 0, iter: 66, loss: 0.7337867617607117
INFO:root:epoch: 0, iter: 67, loss: 0.7125456333160399
INFO:root:epoch: 0, iter: 68, loss: 0.7572852373123169
INFO:root:epoch: 0, iter: 69, loss: 0.6906751990318297
INFO:root:epoch: 0, iter: 70, loss: 0.7468492388725281
INFO:root:#############epoch: 0, avg loss: 0.7365843117237091, acc: 0.5406459354064593#############
INFO:root:epoch: 0, iter: 71, loss: 0.7360230684280397
INFO:root:epoch: 0, iter: 72, loss: 0.7341384291648866
INFO:root:epoch: 0, iter: 73, loss: 0.6840528845787048
INFO:root:epoch: 0, iter: 74, loss: 0.712780475616455
INFO:root:epoch: 0, iter: 75, loss: 0.7119157910346985
INFO:root:epoch: 0, iter: 76, loss: 0.7217615246772766
INFO:root:epoch: 0, iter: 77, loss: 0.6837949156761169
INFO:root:epoch: 0, iter: 78, loss: 0.7064336538314819
INFO:root:epoch: 0, iter: 79, loss: 0.7119846343994141
INFO:root:epoch: 0, iter: 80, loss: 0.695312201976776
INFO:root:#############epoch: 0, avg loss: 0.709819757938385, acc: 0.5525447455254474#############
INFO:root:epoch: 0, iter: 81, loss: 0.6734679341316222
INFO:root:epoch: 0, iter: 82, loss: 0.7031788229942322
INFO:root:epoch: 0, iter: 83, loss: 0.7028057575225829
INFO:root:epoch: 0, iter: 84, loss: 0.7406163811683654
INFO:root:epoch: 0, iter: 85, loss: 0.6917369365692139
INFO:root:epoch: 0, iter: 86, loss: 0.6908099651336671
INFO:root:epoch: 0, iter: 87, loss: 0.7174918055534362
INFO:root:epoch: 0, iter: 88, loss: 0.7117468118667603
INFO:root:epoch: 0, iter: 89, loss: 0.7595244646072388
INFO:root:epoch: 0, iter: 90, loss: 0.6778749227523805
INFO:root:#############epoch: 0, avg loss: 0.70692538022995, acc: 0.5605439456054394#############
INFO:root:epoch: 0, iter: 91, loss: 0.7043930292129517
INFO:root:epoch: 0, iter: 92, loss: 0.6951009035110474
INFO:root:epoch: 0, iter: 93, loss: 0.7077906131744386
INFO:root:epoch: 0, iter: 94, loss: 0.6782326698303222
INFO:root:epoch: 0, iter: 95, loss: 0.6874734163284302
INFO:root:epoch: 0, iter: 96, loss: 0.6718871593475342
INFO:root:epoch: 0, iter: 97, loss: 0.6841306090354919
INFO:root:epoch: 0, iter: 98, loss: 0.6935198903083801
INFO:root:epoch: 0, iter: 99, loss: 0.7321895956993104
INFO:root:epoch: 0, iter: 100, loss: 0.7017201185226439
INFO:root:#############epoch: 0, avg loss: 0.6956438004970551, acc: 0.5668433156684332#############
INFO:root:epoch: 0, iter: 101, loss: 0.7006070613861083
INFO:root:epoch: 0, iter: 102, loss: 0.6659539937973022
INFO:root:epoch: 0, iter: 103, loss: 0.699876606464386
INFO:root:epoch: 0, iter: 104, loss: 0.6634183526039124
INFO:root:epoch: 0, iter: 105, loss: 0.6882885098457336
INFO:root:epoch: 0, iter: 106, loss: 0.680312156677246
INFO:root:epoch: 0, iter: 107, loss: 0.6754267215728761
INFO:root:epoch: 0, iter: 108, loss: 0.6714407205581665
INFO:root:epoch: 0, iter: 109, loss: 0.6891604661941528
INFO:root:epoch: 0, iter: 110, loss: 0.6827725172042848
INFO:root:#############epoch: 0, avg loss: 0.6817257106304169, acc: 0.5738426157384262#############
INFO:root:epoch: 0, iter: 111, loss: 0.6808209419250488
INFO:root:epoch: 0, iter: 112, loss: 0.6776729822158813
INFO:root:epoch: 0, iter: 113, loss: 0.6751605868339539
INFO:root:epoch: 0, iter: 114, loss: 0.679188072681427
INFO:root:epoch: 0, iter: 115, loss: 0.6728501915931702
INFO:root:epoch: 0, iter: 116, loss: 0.7371962666511537
INFO:root:epoch: 0, iter: 117, loss: 0.6790813207626343
INFO:root:epoch: 0, iter: 118, loss: 0.679994821548462
INFO:root:epoch: 0, iter: 119, loss: 0.7189056873321533
INFO:root:epoch: 0, iter: 120, loss: 0.6381582021713257
INFO:root:#############epoch: 0, avg loss: 0.683902907371521, acc: 0.5807419258074192#############
INFO:root:epoch: 0, iter: 121, loss: 0.6439501643180847
INFO:root:epoch: 0, iter: 122, loss: 0.6650083065032959
INFO:root:epoch: 0, iter: 123, loss: 0.6595408916473389
INFO:root:epoch: 0, iter: 124, loss: 0.6786041855812074
INFO:root:epoch: 0, iter: 125, loss: 0.643211841583252
INFO:root:epoch: 0, iter: 126, loss: 0.6547119021415712
INFO:root:epoch: 0, iter: 127, loss: 0.6726651787757874
INFO:root:epoch: 0, iter: 128, loss: 0.6917704343795775
INFO:root:epoch: 0, iter: 129, loss: 0.6833648681640625
INFO:root:epoch: 0, iter: 130, loss: 0.6599705815315248
INFO:root:#############epoch: 0, avg loss: 0.6652798354625702, acc: 0.5920407959204079#############
INFO:root:epoch: 0, iter: 131, loss: 0.653626024723053
INFO:root:epoch: 0, iter: 132, loss: 0.6391720771789551
INFO:root:epoch: 0, iter: 133, loss: 0.6613512635231018
INFO:root:epoch: 0, iter: 134, loss: 0.6292251348495483
INFO:root:epoch: 0, iter: 135, loss: 0.6520919799804688
INFO:root:epoch: 0, iter: 136, loss: 0.6581230163574219
INFO:root:epoch: 0, iter: 137, loss: 0.6286007761955262
INFO:root:epoch: 0, iter: 138, loss: 0.7026993632316589
INFO:root:epoch: 0, iter: 139, loss: 0.6583002805709839
INFO:root:epoch: 0, iter: 140, loss: 0.6340383887290953
INFO:root:#############epoch: 0, avg loss: 0.6517228305339813, acc: 0.5923407659234077#############
INFO:root:epoch: 0, iter: 141, loss: 0.6757202744483949
INFO:root:epoch: 0, iter: 142, loss: 0.6160727143287659
INFO:root:epoch: 0, iter: 143, loss: 0.6957195401191711
INFO:root:epoch: 0, iter: 144, loss: 0.6631349325180054
INFO:root:epoch: 0, iter: 145, loss: 0.6792234182357787
INFO:root:epoch: 0, iter: 146, loss: 0.6601618528366088
INFO:root:epoch: 0, iter: 147, loss: 0.7144486308097838
INFO:root:epoch: 0, iter: 148, loss: 0.6568281650543213
INFO:root:epoch: 0, iter: 149, loss: 0.7205106616020202
INFO:root:epoch: 0, iter: 150, loss: 0.6578668355941772
INFO:root:#############epoch: 0, avg loss: 0.6739687025547028, acc: 0.5917408259174083#############
INFO:root:epoch: 0, iter: 151, loss: 0.727899968624115
INFO:root:epoch: 0, iter: 152, loss: 0.6640173196792601
INFO:root:epoch: 0, iter: 153, loss: 0.7129941582679749
INFO:root:epoch: 0, iter: 154, loss: 0.669987380504608
INFO:root:epoch: 0, iter: 155, loss: 0.6528372764587402
INFO:root:epoch: 0, iter: 156, loss: 0.6853885650634766
INFO:root:epoch: 0, iter: 157, loss: 0.6755266189575196
INFO:root:epoch: 0, iter: 158, loss: 0.6589231491088867
INFO:root:epoch: 0, iter: 159, loss: 0.6403555274009705
INFO:root:epoch: 0, iter: 160, loss: 0.6439005136489868
INFO:root:#############epoch: 0, avg loss: 0.6731830477714539, acc: 0.5935406459354065#############
INFO:root:epoch: 0, iter: 161, loss: 0.6704317331314087
INFO:root:epoch: 0, iter: 162, loss: 0.6856424808502197
INFO:root:epoch: 0, iter: 163, loss: 0.6475037336349487
INFO:root:epoch: 0, iter: 164, loss: 0.7214001417160034
INFO:root:epoch: 0, iter: 165, loss: 0.6738655567169188
INFO:root:epoch: 0, iter: 166, loss: 0.6957458853721618
INFO:root:epoch: 0, iter: 167, loss: 0.6790511608123779
INFO:root:epoch: 0, iter: 168, loss: 0.726698935031891
INFO:root:epoch: 0, iter: 169, loss: 0.7977991104125978
INFO:root:epoch: 0, iter: 170, loss: 0.7034726738929747
INFO:root:#############epoch: 0, avg loss: 0.7001611411571502, acc: 0.5816418358164184#############
INFO:root:epoch: 0, iter: 171, loss: 0.8314584493637086
INFO:root:epoch: 0, iter: 172, loss: 0.7541057467460633
INFO:root:epoch: 0, iter: 173, loss: 0.6719571948051452
INFO:root:epoch: 0, iter: 174, loss: 0.6815842986106873
INFO:root:epoch: 0, iter: 175, loss: 0.7172986268997193
INFO:root:epoch: 0, iter: 176, loss: 0.7571765184402465
INFO:root:epoch: 0, iter: 177, loss: 0.881841242313385
INFO:root:epoch: 0, iter: 178, loss: 0.8090955018997191
INFO:root:epoch: 0, iter: 179, loss: 0.7289616465568542
INFO:root:epoch: 0, iter: 180, loss: 0.8117650747299194
INFO:root:#############epoch: 0, avg loss: 0.7645244300365448, acc: 0.5740425957404259#############
INFO:root:epoch: 0, iter: 181, loss: 0.7777519822120667
INFO:root:epoch: 0, iter: 182, loss: 0.7107741832733155
INFO:root:epoch: 0, iter: 183, loss: 0.8237943053245546
INFO:root:epoch: 0, iter: 184, loss: 0.8717715740203857
INFO:root:epoch: 0, iter: 185, loss: 0.9106083512306214
INFO:root:epoch: 0, iter: 186, loss: 0.8353184461593628
INFO:root:epoch: 0, iter: 187, loss: 0.8521233797073364
INFO:root:epoch: 0, iter: 188, loss: 0.9827970862388612
INFO:root:epoch: 0, iter: 189, loss: 0.8776730298995972
INFO:root:epoch: 0, iter: 190, loss: 1.1406131386756897
INFO:root:#############epoch: 0, avg loss: 0.878322547674179, acc: 0.5457454254574543#############
INFO:root:epoch: 0, iter: 191, loss: 0.9957039952278137
INFO:root:epoch: 0, iter: 192, loss: 1.0079872608184814
INFO:root:epoch: 0, iter: 193, loss: 1.0507431626319887
INFO:root:epoch: 0, iter: 194, loss: 1.3713024258613584
INFO:root:epoch: 0, iter: 195, loss: 1.510257601737976
INFO:root:epoch: 0, iter: 196, loss: 1.6385961532592774
INFO:root:#############epoch: 0, avg loss: 1.2624317665894826, acc: 0.49875012498750126#############
INFO:root:elapsed time: 33579.913199424744 seconds
