2.3148081302642822
accuracy: 0.2500999867916107
2.710838794708252
2.044719696044922
1.8755098581314087
1.5792943239212036
1.3938508033752441
1.5692689418792725
1.2746644020080566
1.2006922960281372
1.2303580045700073
1.1494613885879517
accuracy: 0.5781999826431274
1.2506020069122314
1.1496819257736206
1.196250081062317
1.0836868286132812
1.1545140743255615
1.1584733724594116
1.0421581268310547
1.0416914224624634
1.0890171527862549
1.1498979330062866
accuracy: 0.6280999779701233
0.9315188527107239
0.9759005308151245
1.1548951864242554
0.9148009419441223
1.0554624795913696
1.0986195802688599
0.971846878528595
0.9741944074630737
0.8796263337135315
0.9802176356315613
accuracy: 0.6552000045776367
0.9796242713928223
1.0421265363693237
1.0232962369918823
1.049885869026184
1.0244455337524414
1.0467958450317383
0.8718031048774719
1.0104317665100098
0.9148290157318115
1.0242151021957397
accuracy: 0.6635000109672546
0.9040927290916443
0.9184916615486145
0.8869460821151733
0.9979096055030823
0.9276413917541504
1.029597520828247
0.9041280746459961
0.8663833141326904
1.0515480041503906
1.0050612688064575
accuracy: 0.6678999662399292
0.8165450096130371
0.8773515820503235
0.9288280606269836
0.9332605004310608
0.9376755952835083
0.9776012301445007
1.0048537254333496
0.8781916499137878
0.9668224453926086
0.866032063961029
accuracy: 0.6653000116348267
1.0105805397033691
0.8876555562019348
0.9659535884857178
0.912716805934906
0.967812180519104
0.9121870994567871
0.9646702408790588
0.8631234765052795
0.8159528970718384
0.8923579454421997
accuracy: 0.6785999536514282
1.0587570667266846
0.8506721258163452
0.9373531341552734
0.863571286201477
0.8337318897247314
0.8012811541557312
0.8492204546928406
0.9450681805610657
0.9643629789352417
0.9762739539146423
accuracy: 0.6815999746322632
0.9066798090934753
0.8701750040054321
0.8717595934867859
1.0063652992248535
0.8907669186592102
0.8984293341636658
0.8921245336532593
0.939885139465332
0.846472978591919
0.8992270827293396
accuracy: 0.6803999543190002
0.8995267748832703
0.9958052039146423
0.8464460372924805
0.8460465669631958
0.9384265542030334
0.9225561618804932
0.7124200463294983
0.9471214413642883
0.9786828756332397
0.9023130536079407
accuracy: 0.6814000010490417
0.9162530303001404
0.8800234198570251
0.8319152593612671
0.9865231513977051
0.8476065397262573
0.7413880228996277
0.8661192059516907
0.830039381980896
0.8981809616088867
0.872262716293335
accuracy: 0.6840999722480774
0.8442383408546448
0.9450441598892212
0.9861416816711426
0.8496866226196289
1.0165646076202393
0.93234783411026
0.7782580256462097
0.839447021484375
0.8780339956283569
0.8340128660202026
accuracy: 0.6798999905586243
1.0085614919662476
0.9812933206558228
0.9557986259460449
0.930968165397644
0.9261075258255005
0.9456491470336914
1.0281283855438232
0.8486670851707458
0.84707111120224
0.9131362438201904
accuracy: 0.693399965763092
0.920886754989624
0.8022982478141785
0.880450427532196
0.8124198913574219
0.8108694553375244
0.8250092267990112
0.8233231902122498
0.914036214351654
0.857465386390686
0.7544648051261902
accuracy: 0.6850000023841858
0.966180682182312
0.9671770930290222
0.9132215976715088
0.8667726516723633
0.8366248607635498
0.8089492321014404
0.8552041053771973
0.9097930192947388
0.96318119764328
1.0132594108581543
accuracy: 0.6990999579429626
1.0728613138198853
0.961013674736023
0.9752258062362671
0.8110416531562805
0.9434112906455994
0.7705491781234741
0.8138819932937622
0.8637501001358032
0.8460606932640076
0.7684740424156189
accuracy: 0.6947000026702881
0.812099277973175
0.7724876999855042
0.7854677438735962
0.8461808562278748
0.7282414436340332
0.8388341665267944
0.9181316494941711
0.9673068523406982
0.8594408631324768
0.8521419167518616
accuracy: 0.6987000107765198
0.9168440699577332
0.9339311122894287
0.8257266879081726
0.9343632459640503
0.8836153745651245
0.9267075657844543
0.9420239329338074
0.9243708252906799
0.851980447769165
0.9370378851890564
accuracy: 0.6895999908447266
0.8039329051971436
1.0275938510894775
0.9471312165260315
0.7642600536346436
0.8193168640136719
0.9181274771690369
0.863635778427124
0.8188676834106445
0.8983815312385559
0.975705623626709
accuracy: 0.6980999708175659
0.8632281422615051
0.827522873878479
0.846776008605957
0.8413790464401245
0.7872719764709473
accuracy: 0.7050999999046326
