2.3137998580932617
epoch: 1, accuracy: 0.4414999783039093
1.7017310857772827
2.028775691986084
2.1806061267852783
1.674379825592041
1.463227391242981
1.2385197877883911
1.1776175498962402
1.227717399597168
1.2208075523376465
1.1735552549362183
epoch: 11, accuracy: 0.609499990940094
1.1273291110992432
1.064523696899414
1.0056588649749756
0.9846765398979187
0.9945262670516968
1.0076960325241089
1.0059475898742676
0.988359272480011
0.9625404477119446
0.9365968704223633
epoch: 21, accuracy: 0.6699999570846558
0.916249692440033
0.9046121835708618
0.9003856182098389
0.8983786106109619
0.8948873281478882
0.889539897441864
0.8823285698890686
0.8728592991828918
0.8618923425674438
0.8518404960632324
epoch: 31, accuracy: 0.6972999572753906
0.8449824452400208
0.8414435386657715
0.839088499546051
0.8353558778762817
0.8292747735977173
0.8221278190612793
0.8155743479728699
0.8099056482315063
0.8055111169815063
0.8026041984558105
epoch: 41, accuracy: 0.7028999924659729
0.7997113466262817
0.7954975962638855
0.7905491590499878
0.786160409450531
0.7824762463569641
0.7790855765342712
0.7757506966590881
0.7723117470741272
0.7688578367233276
0.7654147744178772
epoch: 51, accuracy: 0.7113999724388123
0.7620088458061218
0.7588265538215637
0.756023108959198
0.7533379793167114
0.7504462003707886
0.7474444508552551
0.7445509433746338
0.7418148517608643
0.7391796112060547
0.736624538898468
epoch: 61, accuracy: 0.7166000008583069
0.7340920567512512
0.7314966917037964
0.7288956046104431
0.7264140844345093
0.7240291237831116
0.7216827869415283
0.719306468963623
0.7168745398521423
0.7144824862480164
0.7122270464897156
epoch: 71, accuracy: 0.7198999524116516
0.7100333571434021
0.7078088521957397
0.7055502533912659
0.703315019607544
0.7011429667472839
0.6989957094192505
0.6968507170677185
0.6947175860404968
0.6926023364067078
0.6905033588409424
epoch: 81, accuracy: 0.7231999635696411
0.6884313225746155
0.6863630414009094
0.6842862367630005
0.6822260022163391
0.6801949143409729
0.6781783699989319
0.676164448261261
0.6741384267807007
0.6721359491348267
0.6701575517654419
epoch: 91, accuracy: 0.724399983882904
0.6681856513023376
0.6662192940711975
0.6642548441886902
0.6622929573059082
0.6603343486785889
0.6583837270736694
0.656444787979126
0.6545106172561646
0.652574896812439
0.6506624817848206
epoch: 101, accuracy: 0.7236999869346619
0.6487489342689514
0.6468562483787537
0.6449796557426453
0.6430743932723999
0.6411880254745483
0.6392555832862854
0.6373795866966248
0.6355307698249817
0.6336235404014587
0.6317456960678101
epoch: 111, accuracy: 0.7245000004768372
0.6299296617507935
0.6280770897865295
0.6262041926383972
0.624352216720581
0.6225196719169617
0.6207131743431091
0.6189165711402893
0.6171237230300903
0.615272045135498
0.6134593486785889
epoch: 121, accuracy: 0.7239999771118164
0.6116834282875061
0.6099560856819153
0.6082203984260559
0.6063477396965027
0.6046139597892761
0.6029934883117676
0.6011000871658325
0.599380373954773
0.5977266430854797
0.5958554744720459
epoch: 131, accuracy: 0.7228999733924866
0.5943495631217957
0.5926275253295898
0.5908164978027344
0.5894535779953003
0.5873638987541199
0.5857928395271301
0.5839523077011108
0.5822340846061707
0.5806481838226318
0.5789023041725159
epoch: 141, accuracy: 0.7218999862670898
0.5772703289985657
0.5754214525222778
0.5738481879234314
0.5721861124038696
0.5705439448356628
0.5688649415969849
0.5671430230140686
0.5655935406684875
0.5639654397964478
0.5622863173484802
epoch: 151, accuracy: 0.7213999629020691
0.5606316924095154
0.5589884519577026
0.5573350787162781
0.5558046698570251
0.5541096925735474
0.5524681806564331
0.5508425235748291
0.5493379235267639
0.5479059219360352
0.5463389158248901
epoch: 161, accuracy: 0.7213000059127808
0.5450199246406555
0.5433728694915771
0.5420380234718323
0.5399026274681091
0.5380977988243103
0.5366518497467041
0.5352104306221008
0.5339007377624512
0.5320773124694824
0.5302425622940063
epoch: 171, accuracy: 0.7196999788284302
0.5287404656410217
0.527381181716919
0.5258574485778809
0.524168074131012
0.5225663781166077
0.5208195447921753
0.5194808840751648
0.5182477235794067
0.516471803188324
0.5151079297065735
epoch: 181, accuracy: 0.7200999855995178
0.5138559937477112
0.5125243067741394
0.5115416049957275
0.5092166662216187
0.5074310898780823
0.5059412121772766
0.5045795440673828
0.5032252669334412
0.5017637014389038
0.5002465844154358
epoch: 191, accuracy: 0.7159000039100647
0.4990637004375458
0.4974701702594757
0.495903879404068
0.494135320186615
0.4926775097846985
epoch: 196, accuracy: 0.7170999646186829
0.491120308637619
0.4895989000797272
0.48810821771621704
0.48664844036102295
0.4851416051387787
epoch: 201, accuracy: 0.7166999578475952
0.48386242985725403
0.4826424717903137
0.48140692710876465
0.4808015525341034
0.4801553785800934
0.47950994968414307
0.47733867168426514
0.4748517870903015
0.4729764461517334
0.4718901515007019
epoch: 211, accuracy: 0.7148000001907349
0.47131067514419556
0.47055745124816895
0.4688999354839325
0.46661725640296936
0.4649185240268707
0.46410584449768066
0.46362727880477905
0.4623960852622986
0.4601958692073822
0.45813092589378357
epoch: 221, accuracy: 0.714199960231781
0.4567795693874359
0.4559595584869385
0.4551759660243988
0.4538179337978363
0.452208936214447
0.45007210969924927
0.44890081882476807
0.44815748929977417
0.4474869966506958
0.4462127983570099
epoch: 231, accuracy: 0.7131999731063843
0.44443488121032715
0.4427117109298706
0.44127175211906433
0.44013866782188416
0.43935754895210266
0.43867215514183044
0.4372970163822174
0.4354964792728424
0.43382030725479126
0.4325118660926819
epoch: 241, accuracy: 0.7109000086784363
0.43114393949508667
0.4300372302532196
0.4287590980529785
0.4278976023197174
0.4270044267177582
0.4260748028755188
0.4250854551792145
0.4240272343158722
0.4225049316883087
0.4208829998970032
epoch: 251, accuracy: 0.7092999815940857
0.4194222390651703
0.41834962368011475
0.41682663559913635
0.4156677722930908
0.41457414627075195
0.4135144054889679
0.41227027773857117
0.4115442633628845
0.41037672758102417
0.40970468521118164
epoch: 261, accuracy: 0.7091999650001526
0.40984469652175903
0.40910911560058594
0.4082322120666504
0.40588393807411194
0.40357252955436707
0.40259408950805664
0.40147796273231506
0.40058135986328125
0.3999408483505249
0.3986422121524811
epoch: 271, accuracy: 0.7069999575614929
0.3976823687553406
0.39705145359039307
0.3950493037700653
0.3934115171432495
0.39202407002449036
0.39125561714172363
0.3901994824409485
0.3894210159778595
0.3878183662891388
0.3868980407714844
epoch: 281, accuracy: 0.7056999802589417
0.38587436079978943
0.38530632853507996
0.3842310607433319
0.38316452503204346
0.3820068836212158
0.38079333305358887
0.3801170289516449
0.3790835440158844
0.37804797291755676
0.37639278173446655
epoch: 291, accuracy: 0.7050999999046326
0.37519094347953796
0.37399932742118835
0.3728845417499542
0.3715622127056122
0.37065479159355164
0.3695247769355774
0.36851152777671814
0.36772212386131287
0.36735260486602783
