INFO:root:weights are initialized
INFO:root:datasets and loaders are initialized
INFO:root:epoch: 1, iter: 1, loss: 2.146904170513153
INFO:root:#############epoch: 0, avg loss: 2.146904170513153, acc: 0.17668233176682333#############
INFO:root:epoch: 1, iter: 2, loss: 1.373320996761322
INFO:root:epoch: 1, iter: 3, loss: 1.2604393959045412
INFO:root:epoch: 1, iter: 4, loss: 1.1765899658203127
INFO:root:epoch: 1, iter: 5, loss: 1.09039306640625
INFO:root:epoch: 1, iter: 6, loss: 1.0194094777107239
INFO:root:epoch: 1, iter: 7, loss: 1.0437094569206236
INFO:root:epoch: 1, iter: 8, loss: 1.0592731833457947
INFO:root:epoch: 1, iter: 9, loss: 0.9405385255813599
INFO:root:epoch: 1, iter: 10, loss: 0.9630963802337646
INFO:root:#############epoch: 0, avg loss: 0.9926770448684692, acc: 0.46685331466853314#############
INFO:root:epoch: 1, iter: 11, loss: 0.9415279030799867
INFO:root:epoch: 1, iter: 12, loss: 0.9623050689697266
INFO:root:epoch: 1, iter: 13, loss: 0.8637997508049011
INFO:root:epoch: 1, iter: 14, loss: 0.8775848746299744
INFO:root:epoch: 1, iter: 15, loss: 0.8955020308494568
INFO:root:epoch: 1, iter: 16, loss: 0.8228647708892821
INFO:root:epoch: 1, iter: 17, loss: 0.8135908842086792
INFO:root:epoch: 1, iter: 18, loss: 0.8016042709350587
INFO:root:epoch: 1, iter: 19, loss: 0.8081042170524598
INFO:root:epoch: 1, iter: 20, loss: 0.7798429131507874
INFO:root:#############epoch: 0, avg loss: 0.8566726684570313, acc: 0.6162383761623837#############
INFO:root:epoch: 1, iter: 21, loss: 0.7629823684692383
INFO:root:epoch: 1, iter: 22, loss: 0.7823622226715089
INFO:root:epoch: 1, iter: 23, loss: 0.7246400713920593
INFO:root:epoch: 1, iter: 24, loss: 0.7607889175415039
INFO:root:epoch: 1, iter: 25, loss: 0.7372500896453856
INFO:root:epoch: 1, iter: 26, loss: 0.706692636013031
INFO:root:epoch: 1, iter: 27, loss: 0.6926560997962952
INFO:root:epoch: 1, iter: 28, loss: 0.6921565532684327
INFO:root:epoch: 1, iter: 29, loss: 0.6878458261489869
INFO:root:epoch: 1, iter: 30, loss: 0.681056022644043
INFO:root:#############epoch: 0, avg loss: 0.7228430807590485, acc: 0.6881311868813119#############
INFO:root:epoch: 1, iter: 31, loss: 0.6575543284416199
INFO:root:epoch: 1, iter: 32, loss: 0.7334110736846924
INFO:root:epoch: 1, iter: 33, loss: 0.750947892665863
INFO:root:epoch: 1, iter: 34, loss: 0.6210838556289674
INFO:root:epoch: 1, iter: 35, loss: 0.6314246654510498
INFO:root:epoch: 1, iter: 36, loss: 0.6364832520484924
INFO:root:epoch: 1, iter: 37, loss: 0.641167163848877
INFO:root:epoch: 1, iter: 38, loss: 0.6201649308204652
INFO:root:epoch: 1, iter: 39, loss: 0.6762580871582031
INFO:root:epoch: 1, iter: 40, loss: 0.5970244407653809
INFO:root:#############epoch: 0, avg loss: 0.656551969051361, acc: 0.7376262373762624#############
INFO:root:epoch: 1, iter: 41, loss: 0.6954036355018616
INFO:root:epoch: 1, iter: 42, loss: 0.6368118524551392
INFO:root:epoch: 1, iter: 43, loss: 0.6283118724822998
INFO:root:epoch: 1, iter: 44, loss: 0.6520087122917175
INFO:root:epoch: 1, iter: 45, loss: 0.654613196849823
INFO:root:epoch: 1, iter: 46, loss: 0.6512376666069032
INFO:root:epoch: 1, iter: 47, loss: 0.5634011030197144
INFO:root:epoch: 1, iter: 48, loss: 0.6009425520896913
INFO:root:epoch: 1, iter: 49, loss: 0.6162492632865907
INFO:root:epoch: 1, iter: 50, loss: 0.5600338578224182
INFO:root:#############epoch: 0, avg loss: 0.6259013712406158, acc: 0.7636236376362364#############
INFO:root:epoch: 1, iter: 51, loss: 0.5683102011680603
INFO:root:epoch: 1, iter: 52, loss: 0.5453977584838867
INFO:root:epoch: 1, iter: 53, loss: 0.6101418733596801
INFO:root:epoch: 1, iter: 54, loss: 0.5959687232971191
INFO:root:epoch: 1, iter: 55, loss: 0.5491706728935242
INFO:root:epoch: 1, iter: 56, loss: 0.6522623300552367
INFO:root:epoch: 1, iter: 57, loss: 0.5567551851272582
INFO:root:epoch: 1, iter: 58, loss: 0.5701181292533873
INFO:root:epoch: 1, iter: 59, loss: 0.5475364327430724
INFO:root:epoch: 1, iter: 60, loss: 0.6056931614875792
INFO:root:#############epoch: 0, avg loss: 0.5801354467868804, acc: 0.7891210878912108#############
INFO:root:epoch: 1, iter: 61, loss: 0.5647304654121399
INFO:root:epoch: 1, iter: 62, loss: 0.5316296815872192
INFO:root:epoch: 1, iter: 63, loss: 0.5260929465293884
INFO:root:epoch: 1, iter: 64, loss: 0.5450845956802368
INFO:root:epoch: 1, iter: 65, loss: 0.59135502576828
INFO:root:epoch: 1, iter: 66, loss: 0.5211164355278015
INFO:root:epoch: 1, iter: 67, loss: 0.5573527216911316
INFO:root:epoch: 1, iter: 68, loss: 0.5455061793327332
INFO:root:epoch: 1, iter: 69, loss: 0.5679750442504883
INFO:root:epoch: 1, iter: 70, loss: 0.5409293174743652
INFO:root:#############epoch: 0, avg loss: 0.5491772413253784, acc: 0.8062193780621938#############
INFO:root:epoch: 1, iter: 71, loss: 0.520837128162384
INFO:root:epoch: 1, iter: 72, loss: 0.5626682639122009
INFO:root:epoch: 1, iter: 73, loss: 0.5276795625686644
INFO:root:epoch: 1, iter: 74, loss: 0.531055748462677
INFO:root:epoch: 1, iter: 75, loss: 0.5302571058273315
INFO:root:epoch: 1, iter: 76, loss: 0.5127931237220764
INFO:root:epoch: 1, iter: 77, loss: 0.5138418674468993
INFO:root:epoch: 1, iter: 78, loss: 0.5229420065879822
INFO:root:epoch: 1, iter: 79, loss: 0.5205922126770018
INFO:root:epoch: 1, iter: 80, loss: 0.5578654408454895
INFO:root:#############epoch: 0, avg loss: 0.5300532460212708, acc: 0.8195180481951805#############
INFO:root:epoch: 1, iter: 81, loss: 0.49607431888580317
INFO:root:epoch: 1, iter: 82, loss: 0.549164354801178
INFO:root:epoch: 1, iter: 83, loss: 0.5428309440612793
INFO:root:epoch: 1, iter: 84, loss: 0.46724373102188116
INFO:root:epoch: 1, iter: 85, loss: 0.5221280455589293
INFO:root:epoch: 1, iter: 86, loss: 0.49687474966049194
INFO:root:epoch: 1, iter: 87, loss: 0.5352760553359985
INFO:root:epoch: 1, iter: 88, loss: 0.49212545156478876
INFO:root:epoch: 1, iter: 89, loss: 0.50032639503479
INFO:root:epoch: 1, iter: 90, loss: 0.4995110630989074
INFO:root:#############epoch: 0, avg loss: 0.5101555109024047, acc: 0.8303169683031697#############
INFO:root:epoch: 1, iter: 91, loss: 0.4815088510513306
INFO:root:epoch: 1, iter: 92, loss: 0.517162024974823
INFO:root:epoch: 1, iter: 93, loss: 0.5238028168678284
INFO:root:epoch: 1, iter: 94, loss: 0.5152150988578797
INFO:root:epoch: 1, iter: 95, loss: 0.5475684404373169
INFO:root:epoch: 1, iter: 96, loss: 0.5013792514801025
INFO:root:epoch: 1, iter: 97, loss: 0.4816359281539917
INFO:root:epoch: 1, iter: 98, loss: 0.5104484558105469
INFO:root:epoch: 1, iter: 99, loss: 0.5221095681190492
INFO:root:epoch: 1, iter: 100, loss: 0.4833535552024842
INFO:root:#############epoch: 0, avg loss: 0.5084183990955353, acc: 0.8396160383961604#############
INFO:root:epoch: 1, iter: 101, loss: 0.48635911941528326
INFO:root:epoch: 1, iter: 102, loss: 0.49727433919906616
INFO:root:epoch: 1, iter: 103, loss: 0.503162682056427
INFO:root:epoch: 1, iter: 104, loss: 0.46773052215576166
INFO:root:epoch: 1, iter: 105, loss: 0.47987192869186396
INFO:root:epoch: 1, iter: 106, loss: 0.48640704154968256
INFO:root:epoch: 1, iter: 107, loss: 0.505841076374054
INFO:root:epoch: 1, iter: 108, loss: 0.4812257289886474
INFO:root:epoch: 1, iter: 109, loss: 0.5196358561515807
INFO:root:epoch: 1, iter: 110, loss: 0.48061585426330566
INFO:root:#############epoch: 0, avg loss: 0.4908124148845673, acc: 0.8466153384661533#############
INFO:root:epoch: 1, iter: 111, loss: 0.48972600698471064
INFO:root:epoch: 1, iter: 112, loss: 0.5085903406143188
INFO:root:epoch: 1, iter: 113, loss: 0.452453076839447
INFO:root:epoch: 1, iter: 114, loss: 0.48716807365417486
INFO:root:epoch: 1, iter: 115, loss: 0.45722329616546625
INFO:root:epoch: 1, iter: 116, loss: 0.4774360656738281
INFO:root:epoch: 1, iter: 117, loss: 0.5004504323005676
INFO:root:epoch: 1, iter: 118, loss: 0.47043085098266596
INFO:root:epoch: 1, iter: 119, loss: 0.4575825929641723
INFO:root:epoch: 1, iter: 120, loss: 0.4574146866798401
INFO:root:#############epoch: 0, avg loss: 0.4758475422859192, acc: 0.8519148085191481#############
INFO:root:epoch: 1, iter: 121, loss: 0.44218319654464716
INFO:root:epoch: 1, iter: 122, loss: 0.46860545873641973
INFO:root:epoch: 1, iter: 123, loss: 0.45002156496047974
INFO:root:epoch: 1, iter: 124, loss: 0.46263372898101807
INFO:root:epoch: 1, iter: 125, loss: 0.4210054874420166
INFO:root:epoch: 1, iter: 126, loss: 0.44195753335952764
INFO:root:epoch: 1, iter: 127, loss: 0.4412137866020202
INFO:root:epoch: 1, iter: 128, loss: 0.45434957742691046
INFO:root:epoch: 1, iter: 129, loss: 0.5045626759529115
INFO:root:epoch: 1, iter: 130, loss: 0.45170700550079346
INFO:root:#############epoch: 0, avg loss: 0.4538240015506744, acc: 0.8564143585641436#############
INFO:root:epoch: 1, iter: 131, loss: 0.44350075721740717
INFO:root:epoch: 1, iter: 132, loss: 0.493629276752472
INFO:root:epoch: 1, iter: 133, loss: 0.469625174999237
INFO:root:epoch: 1, iter: 134, loss: 0.43667304515838623
INFO:root:epoch: 1, iter: 135, loss: 0.48227286338806147
INFO:root:epoch: 1, iter: 136, loss: 0.46356403827667236
INFO:root:epoch: 1, iter: 137, loss: 0.46236842870712275
INFO:root:epoch: 1, iter: 138, loss: 0.4486192464828491
INFO:root:epoch: 1, iter: 139, loss: 0.455373227596283
INFO:root:epoch: 1, iter: 140, loss: 0.4209716916084289
INFO:root:#############epoch: 0, avg loss: 0.45765977501869204, acc: 0.8591140885911409#############
INFO:root:epoch: 1, iter: 141, loss: 0.4295548200607299
INFO:root:epoch: 1, iter: 142, loss: 0.45503169298171997
INFO:root:epoch: 1, iter: 143, loss: 0.46671617031097407
INFO:root:epoch: 1, iter: 144, loss: 0.44069200754165655
INFO:root:epoch: 1, iter: 145, loss: 0.4158723950386047
INFO:root:epoch: 1, iter: 146, loss: 0.4165043234825134
INFO:root:epoch: 1, iter: 147, loss: 0.4318739771842957
INFO:root:epoch: 1, iter: 148, loss: 0.48123019933700556
INFO:root:epoch: 1, iter: 149, loss: 0.46118032932281494
INFO:root:epoch: 1, iter: 150, loss: 0.41148716211318964
INFO:root:#############epoch: 0, avg loss: 0.44101430773735045, acc: 0.8653134686531346#############
INFO:root:epoch: 1, iter: 151, loss: 0.4255135655403138
INFO:root:epoch: 1, iter: 152, loss: 0.3986934423446656
INFO:root:epoch: 1, iter: 153, loss: 0.46462947130203247
INFO:root:epoch: 1, iter: 154, loss: 0.4772717952728272
INFO:root:epoch: 1, iter: 155, loss: 0.41914689540863037
INFO:root:epoch: 1, iter: 156, loss: 0.44208860397338867
INFO:root:epoch: 1, iter: 157, loss: 0.44069421291351324
INFO:root:epoch: 1, iter: 158, loss: 0.4338834881782532
INFO:root:epoch: 1, iter: 159, loss: 0.43833494186401367
INFO:root:epoch: 1, iter: 160, loss: 0.44329279661178594
INFO:root:#############epoch: 0, avg loss: 0.4383549213409424, acc: 0.8702129787021298#############
INFO:root:epoch: 1, iter: 161, loss: 0.46984362602233887
INFO:root:epoch: 1, iter: 162, loss: 0.4377130270004273
INFO:root:epoch: 1, iter: 163, loss: 0.42287051677703863
INFO:root:epoch: 1, iter: 164, loss: 0.4285946488380432
INFO:root:epoch: 1, iter: 165, loss: 0.42111581563949585
INFO:root:epoch: 1, iter: 166, loss: 0.4245597720146179
INFO:root:epoch: 1, iter: 167, loss: 0.4237282276153564
INFO:root:epoch: 1, iter: 168, loss: 0.4381177425384521
INFO:root:epoch: 1, iter: 169, loss: 0.4247086644172669
INFO:root:epoch: 1, iter: 170, loss: 0.469943106174469
INFO:root:#############epoch: 0, avg loss: 0.4361195147037506, acc: 0.8720127987201279#############
INFO:root:epoch: 1, iter: 171, loss: 0.4694343209266663
INFO:root:epoch: 1, iter: 172, loss: 0.43923223018646235
INFO:root:epoch: 1, iter: 173, loss: 0.38238346576690674
INFO:root:epoch: 1, iter: 174, loss: 0.43162649869918823
INFO:root:epoch: 1, iter: 175, loss: 0.4155839681625366
INFO:root:epoch: 1, iter: 176, loss: 0.43120372295379644
INFO:root:epoch: 1, iter: 177, loss: 0.4069334268569946
INFO:root:epoch: 1, iter: 178, loss: 0.4298271536827087
INFO:root:epoch: 1, iter: 179, loss: 0.41303843259811396
INFO:root:epoch: 1, iter: 180, loss: 0.4091245532035827
INFO:root:#############epoch: 0, avg loss: 0.4228387773036957, acc: 0.8749125087491251#############
INFO:root:epoch: 1, iter: 181, loss: 0.41182023286819464
INFO:root:epoch: 1, iter: 182, loss: 0.43453317880630493
INFO:root:epoch: 1, iter: 183, loss: 0.4088376760482788
INFO:root:epoch: 1, iter: 184, loss: 0.40229886770248413
INFO:root:epoch: 1, iter: 185, loss: 0.39974105358123774
INFO:root:epoch: 1, iter: 186, loss: 0.41465175151824957
INFO:root:epoch: 1, iter: 187, loss: 0.41499114036560064
INFO:root:epoch: 1, iter: 188, loss: 0.39733356237411493
INFO:root:epoch: 1, iter: 189, loss: 0.4282312393188476
INFO:root:epoch: 1, iter: 190, loss: 0.4256650805473328
INFO:root:#############epoch: 0, avg loss: 0.41381037831306455, acc: 0.8802119788021198#############
INFO:root:epoch: 1, iter: 191, loss: 0.43580853939056396
INFO:root:epoch: 1, iter: 192, loss: 0.4373508691787719
INFO:root:epoch: 1, iter: 193, loss: 0.40193796157836914
INFO:root:epoch: 1, iter: 194, loss: 0.40330725908279413
INFO:root:epoch: 1, iter: 195, loss: 0.39454853534698486
INFO:root:epoch: 1, iter: 196, loss: 0.39737737178802496
INFO:root:epoch: 1, iter: 197, loss: 0.43962705135345465
INFO:root:epoch: 1, iter: 198, loss: 0.4186810851097107
INFO:root:epoch: 1, iter: 199, loss: 0.4011882543563843
INFO:root:epoch: 1, iter: 200, loss: 0.4270667433738709
INFO:root:#############epoch: 0, avg loss: 0.41568936705589293, acc: 0.8822117788221178#############
INFO:root:epoch: 1, iter: 201, loss: 0.4141340255737304
INFO:root:epoch: 1, iter: 202, loss: 0.4208894371986389
INFO:root:epoch: 1, iter: 203, loss: 0.4242943525314331
INFO:root:epoch: 1, iter: 204, loss: 0.3879882693290711
INFO:root:epoch: 1, iter: 205, loss: 0.3926513791084289
INFO:root:epoch: 1, iter: 206, loss: 0.39151966571807856
INFO:root:epoch: 1, iter: 207, loss: 0.40569847822189337
INFO:root:epoch: 1, iter: 208, loss: 0.460136353969574
INFO:root:epoch: 1, iter: 209, loss: 0.3971444964408875
INFO:root:epoch: 1, iter: 210, loss: 0.41315859556198115
INFO:root:#############epoch: 0, avg loss: 0.4107615053653717, acc: 0.8814118588141185#############
INFO:root:epoch: 1, iter: 211, loss: 0.40772449970245367
INFO:root:epoch: 1, iter: 212, loss: 0.39768052101135254
INFO:root:epoch: 1, iter: 213, loss: 0.3810769319534302
INFO:root:epoch: 1, iter: 214, loss: 0.3998996615409851
INFO:root:epoch: 1, iter: 215, loss: 0.3894965648651123
INFO:root:epoch: 1, iter: 216, loss: 0.40935391187667847
INFO:root:epoch: 1, iter: 217, loss: 0.3959158658981324
INFO:root:epoch: 1, iter: 218, loss: 0.3954687714576722
INFO:root:epoch: 1, iter: 219, loss: 0.3682734370231629
INFO:root:epoch: 1, iter: 220, loss: 0.3822688460350037
INFO:root:#############epoch: 0, avg loss: 0.3927159011363983, acc: 0.8855114488551145#############
INFO:root:epoch: 1, iter: 221, loss: 0.3840487599372864
INFO:root:epoch: 1, iter: 222, loss: 0.383271336555481
INFO:root:epoch: 1, iter: 223, loss: 0.3862798213958741
INFO:root:epoch: 1, iter: 224, loss: 0.40391325950622564
INFO:root:epoch: 1, iter: 225, loss: 0.40731281042098993
INFO:root:epoch: 1, iter: 226, loss: 0.4121174216270446
INFO:root:epoch: 1, iter: 227, loss: 0.40476673841476435
INFO:root:epoch: 1, iter: 228, loss: 0.36877089738845825
INFO:root:epoch: 1, iter: 229, loss: 0.38444560766220087
INFO:root:epoch: 1, iter: 230, loss: 0.38432276248931885
INFO:root:#############epoch: 0, avg loss: 0.3919249415397644, acc: 0.8876112388761124#############
INFO:root:epoch: 1, iter: 231, loss: 0.37815111875534063
INFO:root:epoch: 1, iter: 232, loss: 0.3839683532714844
INFO:root:epoch: 1, iter: 233, loss: 0.39881682395935053
INFO:root:epoch: 1, iter: 234, loss: 0.4052681922912597
INFO:root:epoch: 1, iter: 235, loss: 0.39690033594767243
INFO:root:#############epoch: 0, avg loss: 0.3926209648450215, acc: 0.8897110288971103#############
INFO:root:elapsed time: 1821.5154027938843 seconds
