2.294494867324829
accuracy: 0.18719999492168427
2.9245946407318115
2.116527795791626
2.1186320781707764
2.035183906555176
2.008965015411377
1.7881884574890137
1.5936670303344727
1.572094202041626
1.5483752489089966
1.4392863512039185
accuracy: 0.5541999936103821
1.4140011072158813
1.2802183628082275
1.2774853706359863
1.2497620582580566
1.1739296913146973
1.1531215906143188
1.251146912574768
1.2152576446533203
1.052496075630188
1.0786768198013306
accuracy: 0.6150000095367432
1.0033131837844849
1.0957505702972412
1.1932923793792725
1.0437209606170654
1.0905879735946655
1.131789207458496
1.0448306798934937
1.136667013168335
0.9658400416374207
0.9389806389808655
accuracy: 0.6423999667167664
0.8445584774017334
1.0649272203445435
1.0880131721496582
0.9222095012664795
0.9453558325767517
1.0240776538848877
0.9768518209457397
1.0066217184066772
0.9256575107574463
1.1246967315673828
accuracy: 0.6527000069618225
1.0344027280807495
0.9804990887641907
0.911418080329895
0.8912561535835266
0.9062492251396179
0.933078408241272
0.9073708653450012
0.9343083500862122
0.9642665982246399
0.9523419737815857
accuracy: 0.6656999588012695
0.95017409324646
0.9019976854324341
0.9897571802139282
0.9568551182746887
0.8926487565040588
0.9690786004066467
0.8751329183578491
0.9480370879173279
0.8034404516220093
0.8799802660942078
accuracy: 0.6723999977111816
0.966364860534668
0.9821131825447083
0.8917468190193176
0.8829789161682129
0.8865526914596558
0.9309612512588501
0.9777143001556396
0.9010739326477051
0.9929124116897583
1.060944676399231
accuracy: 0.6703000068664551
0.9044734239578247
1.0104819536209106
0.9125969409942627
0.9261083602905273
1.081594705581665
0.8817335367202759
0.8982760906219482
0.841927707195282
0.9066838622093201
0.9267247319221497
accuracy: 0.6786999702453613
1.0795902013778687
0.8754581809043884
0.9072455763816833
0.9084661602973938
1.0475798845291138
0.924318253993988
0.9948976039886475
0.7844336628913879
0.8995822668075562
0.9753705263137817
accuracy: 0.6815999746322632
0.959149181842804
0.881320059299469
0.8138743042945862
1.0273940563201904
0.8319992423057556
0.932336688041687
0.7776890397071838
0.8389462828636169
0.8859643936157227
0.7910166382789612
accuracy: 0.6869999766349792
0.8954615592956543
0.7522913813591003
0.8323696255683899
0.8940780162811279
0.8048416972160339
0.9557966589927673
0.7818225622177124
0.8520389199256897
0.8783901333808899
1.0635576248168945
accuracy: 0.6886000037193298
0.8493918776512146
0.9073068499565125
0.950215756893158
0.8898597359657288
0.9355480670928955
1.0138719081878662
0.9072879552841187
0.9523435831069946
0.900331437587738
0.8779594898223877
accuracy: 0.6908999681472778
0.7869686484336853
0.824474573135376
0.8098605871200562
0.9238758683204651
0.8727761507034302
0.7791973352432251
0.8038491606712341
0.8763144016265869
0.8941341042518616
0.7849655747413635
accuracy: 0.6854000091552734
0.9911325573921204
0.9135100245475769
0.8675271272659302
0.8263130187988281
0.9532527923583984
1.0299482345581055
0.8121566772460938
0.6791065335273743
0.7613871693611145
0.9298866391181946
accuracy: 0.6958000063896179
0.8768191337585449
1.0620840787887573
0.800457239151001
0.9480451941490173
0.8763907551765442
0.9770603775978088
0.7985580563545227
0.7821485996246338
0.8432707190513611
0.8110820651054382
accuracy: 0.6929000020027161
0.8308990001678467
0.9145931601524353
0.8001697659492493
0.9466206431388855
0.9237592816352844
0.887385368347168
0.8511455059051514
0.8152037858963013
0.9564608931541443
0.8520904779434204
accuracy: 0.6965000033378601
0.9017871022224426
0.9056094288825989
0.804833710193634
0.976425290107727
0.9261765480041504
0.9395257830619812
0.8584617376327515
0.8932464122772217
0.8463366031646729
0.8204272985458374
accuracy: 0.6966999769210815
0.9478126764297485
0.7479961514472961
0.8827323913574219
0.7804204821586609
0.8556709289550781
0.758777916431427
0.7900598049163818
0.7854626178741455
0.7838751673698425
0.6745611429214478
accuracy: 0.691100001335144
0.9008733034133911
0.9161922931671143
0.8853520154953003
0.8084847331047058
0.8450841903686523
0.7829985618591309
0.7518339157104492
0.8096638321876526
0.7303732633590698
0.8152916431427002
accuracy: 0.7051999568939209
0.789595365524292
0.8365495800971985
0.7325248718261719
0.9399682879447937
0.6809317469596863
accuracy: 0.6898999810218811
