2.3138599395751953
accuracy: 0.3732999861240387
2.1472933292388916
1.9934217929840088
1.8154860734939575
1.6793084144592285
1.5445636510849
1.4322694540023804
1.241387128829956
1.1057384014129639
1.045878529548645
0.9724445343017578
accuracy: 0.802899956703186
0.9450538754463196
0.8578817844390869
0.7757722735404968
0.7151757478713989
0.6618653535842896
0.6178776025772095
0.5667965412139893
0.6775199174880981
0.5910530090332031
0.5643151998519897
accuracy: 0.8718000054359436
0.566311776638031
0.4710420072078705
0.5314793586730957
0.4957160949707031
0.5266109108924866
0.5244624018669128
0.49615031480789185
0.3854353427886963
0.43622592091560364
0.47242966294288635
accuracy: 0.8848999738693237
0.4319853186607361
0.4906245768070221
0.3570694625377655
0.4795605540275574
0.4790980815887451
0.3911655843257904
0.481953501701355
0.37130844593048096
0.4266935884952545
0.44516521692276
accuracy: 0.8956999778747559
0.4594241976737976
0.3859485685825348
0.400579035282135
0.3426133990287781
0.37199097871780396
0.33882054686546326
0.46454426646232605
0.32899078726768494
0.36628082394599915
0.3434370160102844
accuracy: 0.9041999578475952
0.36853522062301636
0.2831154763698578
0.383937805891037
0.49084118008613586
0.3336433172225952
0.39907699823379517
0.33927440643310547
0.38778430223464966
0.3406161665916443
0.324954092502594
accuracy: 0.9101999998092651
0.43538859486579895
0.40577468276023865
0.3828931748867035
0.2811421751976013
0.40811747312545776
0.37354469299316406
0.4317731261253357
0.3909752666950226
0.3567025661468506
0.3011808395385742
accuracy: 0.9108999967575073
0.3015296459197998
0.2793967127799988
0.39901167154312134
0.2632744014263153
0.3283226191997528
0.30530792474746704
0.32697755098342896
0.22537733614444733
0.2919234037399292
0.36183109879493713
accuracy: 0.9162999987602234
0.27878984808921814
0.2758205235004425
0.28623220324516296
0.3204646408557892
0.35744568705558777
0.27163419127464294
0.4165242612361908
0.3751718997955322
0.33074405789375305
0.3486257791519165
accuracy: 0.91839998960495
0.31896623969078064
0.23104944825172424
0.27461642026901245
0.22397829592227936
0.35343438386917114
0.2694717347621918
0.24569284915924072
0.32114720344543457
0.33173152804374695
0.30325254797935486
accuracy: 0.9244999885559082
0.34370046854019165
0.428752064704895
0.2975830137729645
0.26339974999427795
0.22914762794971466
0.3639674782752991
0.3217398524284363
0.20580987632274628
0.27222010493278503
0.23840105533599854
accuracy: 0.9167999625205994
0.2901512682437897
0.27472972869873047
0.20730771124362946
0.23971587419509888
0.24814549088478088
0.2821143865585327
0.253048837184906
0.25742533802986145
0.2936529815196991
0.28046268224716187
accuracy: 0.9258999824523926
0.27353033423423767
0.22734105587005615
0.2841678261756897
0.2732372283935547
0.24016734957695007
0.2716315686702728
0.27710363268852234
0.3756277561187744
0.2317749261856079
0.2866179943084717
accuracy: 0.9162999987602234
0.36288902163505554
0.33020463585853577
0.3611706793308258
0.24955293536186218
0.27595579624176025
0.3045003414154053
0.2905656099319458
0.24982020258903503
0.31483399868011475
0.2718132734298706
accuracy: 0.9307999610900879
0.24149997532367706
0.3151761293411255
0.2368890941143036
0.2734253704547882
0.1778530329465866
0.2946963906288147
0.2585742771625519
0.385922908782959
0.28064796328544617
0.17616795003414154
accuracy: 0.9357999563217163
0.12503290176391602
0.1822284460067749
0.21925272047519684
0.22521722316741943
0.2837265729904175
0.28395795822143555
0.29633989930152893
0.3452230393886566
0.2174413502216339
0.23913097381591797
accuracy: 0.9319999814033508
0.3474157750606537
0.27316170930862427
0.22433137893676758
0.299641489982605
0.34964701533317566
0.3424079716205597
0.23876583576202393
0.2151728719472885
0.284123033285141
0.2419220507144928
accuracy: 0.9312999844551086
0.3028154969215393
0.26196005940437317
0.2800593376159668
0.2713456451892853
0.2764343321323395
0.3144412636756897
0.2786296308040619
0.20409278571605682
0.25210124254226685
0.16575343906879425
accuracy: 0.935699999332428
0.2568049430847168
0.2794850766658783
0.17060115933418274
0.24791917204856873
0.24920502305030823
0.23928475379943848
0.17583203315734863
0.23252461850643158
0.22383219003677368
0.2136262208223343
accuracy: 0.9386999607086182
0.32329630851745605
0.22301088273525238
0.22235292196273804
0.20251289010047913
0.2503630518913269
0.16633281111717224
0.23062266409397125
0.13313578069210052
0.1298847198486328
0.19047397375106812
accuracy: 0.9368000030517578
0.2214159220457077
0.2826472520828247
0.159944087266922
0.25699999928474426
0.24206095933914185
0.23430821299552917
0.2210899144411087
0.20347079634666443
0.17560340464115143
0.21757608652114868
accuracy: 0.9422999620437622
0.17482039332389832
0.18456459045410156
0.2329084426164627
0.20992925763130188
0.14724931120872498
0.17396143078804016
0.2332509160041809
0.20182718336582184
0.23400765657424927
0.22840942442417145
accuracy: 0.9418999552726746
0.2266019731760025
0.1689014583826065
0.2119191586971283
0.14269739389419556
0.25757038593292236
0.21933849155902863
0.24600906670093536
0.16462785005569458
0.19723361730575562
0.21936514973640442
accuracy: 0.9432999491691589
0.3265627324581146
0.2691032588481903
0.27121251821517944
0.2544380724430084
accuracy: 0.9431999921798706
