2.3127899169921875
iter: 1, accuracy: 0.31219998002052307
2.118112325668335
1.7688369750976562
1.6250340938568115
1.719810962677002
1.473921537399292
1.2691431045532227
1.2311407327651978
1.219807744026184
1.3524233102798462
iter: 10, accuracy: 0.5724999904632568
1.0901464223861694
1.2750219106674194
1.1673383712768555
1.1840304136276245
1.090572476387024
1.0408058166503906
1.057960867881775
1.1159541606903076
1.0559642314910889
0.9705296754837036
iter: 20, accuracy: 0.6312999725341797
1.0131561756134033
1.086552619934082
1.0458146333694458
1.0292799472808838
1.0525169372558594
0.9937734603881836
1.1092076301574707
0.932860791683197
0.9111469984054565
1.0466974973678589
iter: 30, accuracy: 0.6464999914169312
0.9647875428199768
0.8693063855171204
0.9390324950218201
1.0867986679077148
0.997886061668396
0.9652329683303833
0.8694192171096802
0.9365697503089905
0.8729681968688965
1.0148671865463257
iter: 40, accuracy: 0.6567999720573425
1.0224374532699585
0.9648373126983643
0.8824275732040405
0.8545038104057312
0.9071166515350342
0.9166508316993713
0.9439955353736877
0.9254158139228821
0.9459329843521118
0.8842371106147766
iter: 50, accuracy: 0.6748999953269958
0.8845744132995605
0.8442763090133667
0.7694002985954285
1.0105935335159302
0.89743572473526
0.9242205619812012
0.9262269139289856
0.7901526689529419
0.7898126244544983
0.8757488131523132
iter: 60, accuracy: 0.6685999631881714
0.8520610332489014
0.99793940782547
0.8464835286140442
0.8203843235969543
0.903663158416748
0.8855483531951904
0.8163904547691345
0.8225079774856567
0.8716379404067993
0.8210477828979492
iter: 70, accuracy: 0.6682999730110168
0.8940080404281616
0.8711393475532532
0.8501309752464294
0.9312437772750854
0.973762571811676
0.8059476017951965
0.8607697486877441
1.0207633972167969
0.990666925907135
0.9632936716079712
iter: 80, accuracy: 0.6840999722480774
0.9015825986862183
0.9628264904022217
0.8378965854644775
0.9349784255027771
0.8638572096824646
1.0420219898223877
0.8695899248123169
0.8531995415687561
0.8661887049674988
0.8352766633033752
iter: 90, accuracy: 0.6814000010490417
0.9423797726631165
0.906561553478241
0.9460870623588562
0.7965692281723022
0.8016722798347473
0.7919823527336121
0.8748481273651123
0.7505835890769958
0.8301699161529541
0.759519100189209
iter: 100, accuracy: 0.6895999908447266
0.8086164593696594
0.8367542028427124
0.8550387620925903
0.8301274180412292
0.9083846211433411
0.9173821210861206
0.8219624161720276
0.8149898648262024
0.6678322553634644
0.8499215841293335
iter: 110, accuracy: 0.6797999739646912
0.8826495409011841
0.7563923001289368
0.9157227277755737
0.8715179562568665
0.8616935014724731
0.9274508953094482
0.7341673970222473
0.8208032846450806
0.9099518656730652
0.838603675365448
iter: 120, accuracy: 0.6852999925613403
0.7530737519264221
0.8553503751754761
0.7099111080169678
0.8155606985092163
0.7933159470558167
0.7595794200897217
0.840358555316925
0.8259524703025818
0.7524685859680176
0.6818183064460754
iter: 130, accuracy: 0.6859999895095825
0.8411669731140137
0.8572103977203369
0.8063315749168396
0.7953952550888062
0.851978063583374
0.8417653441429138
0.7828499674797058
0.862237811088562
0.6989704370498657
0.890886127948761
iter: 140, accuracy: 0.689300000667572
0.9112441539764404
0.8743396997451782
0.9094071984291077
0.7607580423355103
0.8441503047943115
0.7656241655349731
0.7759754657745361
0.8181812167167664
0.8518152832984924
0.7544607520103455
iter: 150, accuracy: 0.6858999729156494
0.7709387540817261
0.8129521012306213
0.8875526189804077
0.9078587889671326
0.9100241661071777
0.8775628209114075
0.8637762665748596
0.9719101190567017
0.7750382423400879
0.7705322504043579
iter: 160, accuracy: 0.6977999806404114
0.7344450950622559
0.7977502346038818
0.7335793375968933
0.85889732837677
0.7975064516067505
0.8117814660072327
0.7368168234825134
0.7676302790641785
0.6358172297477722
0.8233602643013
iter: 170, accuracy: 0.6900999546051025
0.7268899083137512
0.7996780276298523
0.8420001864433289
0.7584840655326843
0.7820409536361694
0.8079607486724854
0.6942498087882996
0.7730420827865601
0.788610577583313
0.7040266394615173
iter: 180, accuracy: 0.6938999891281128
0.7344046831130981
0.6844017505645752
0.7095001339912415
0.7831475138664246
0.7500529885292053
0.8374881148338318
0.7160096168518066
0.6683460474014282
0.8198516964912415
0.7708495259284973
iter: 190, accuracy: 0.6983000040054321
0.9018970131874084
0.7658243179321289
0.8336106538772583
0.7801467776298523
0.696405291557312
0.7033171653747559
0.741988480091095
0.7794639468193054
0.7243149280548096
0.800301194190979
iter: 200, accuracy: 0.6984999775886536
0.8183708786964417
0.7735386490821838
0.9189393520355225
0.656902015209198
0.8702526688575745
0.6751763820648193
0.7773305177688599
0.8966385722160339
0.7523626089096069
0.8431373834609985
iter: 210, accuracy: 0.6979999542236328
0.8470839858055115
0.769336462020874
0.8767931461334229
0.7044337391853333
0.744640052318573
0.8452485799789429
0.6813273429870605
0.7219892144203186
0.7536309957504272
0.8237715363502502
iter: 220, accuracy: 0.6863999962806702
0.7678155303001404
0.8135809898376465
0.769352912902832
0.7322205901145935
0.7402151226997375
0.775411069393158
0.7905021905899048
0.6479039192199707
0.9082152843475342
0.6471228003501892
iter: 230, accuracy: 0.692799985408783
0.8566083908081055
0.8703523874282837
0.7312954664230347
0.8671577572822571
0.798475444316864
0.7610999345779419
0.7424632906913757
0.6893783211708069
0.8729531764984131
0.8250143527984619
iter: 240, accuracy: 0.6868999600410461
0.7599741220474243
0.7600025534629822
0.6356750130653381
0.773409366607666
0.8021702170372009
0.8272899389266968
0.6557321548461914
0.7591386437416077
0.7971029281616211
0.7069528698921204
iter: 250, accuracy: 0.7015999555587769
0.6760855913162231
0.7247354388237
0.7336194515228271
0.8873034119606018
0.6975193619728088
0.8025217652320862
0.6541736125946045
0.6578982472419739
0.7353684306144714
0.6416454315185547
iter: 260, accuracy: 0.694599986076355
0.6924801468849182
0.6308898329734802
0.9031070470809937
0.7598569393157959
0.806053876876831
0.9105523228645325
0.7529918551445007
0.6209556460380554
0.850043773651123
0.6553152203559875
iter: 270, accuracy: 0.6902999877929688
0.7951337695121765
0.687339186668396
0.7191944718360901
0.7365496754646301
0.6547390222549438
0.7542600035667419
0.7615165114402771
0.6732409000396729
0.7596954703330994
0.7782307267189026
iter: 280, accuracy: 0.692799985408783
0.6793317198753357
0.7153323292732239
0.6761574149131775
0.617609977722168
0.8139137625694275
0.7567521333694458
0.7584189176559448
0.7291941046714783
0.9725574254989624
0.6736953854560852
iter: 290, accuracy: 0.6954999566078186
0.6596854329109192
0.6081696152687073
0.81196528673172
0.8623958826065063
0.7471609711647034
0.7053218483924866
0.7442325353622437
0.7036989331245422
0.6998958587646484
0.7109478116035461
iter: 300, accuracy: 0.6983999609947205
