2.337559938430786
epoch: 1, accuracy: 0.41429999470710754
2.0882413387298584
1.8813409805297852
1.6887352466583252
1.5054283142089844
1.3369925022125244
1.1879539489746094
1.0588058233261108
0.9487942457199097
0.8575913310050964
0.7834738492965698
epoch: 11, accuracy: 0.8463000059127808
0.722058117389679
0.6693609356880188
0.6244329810142517
0.5872538685798645
0.5566978454589844
0.5309362411499023
0.5084362030029297
0.4884193539619446
0.4707747995853424
0.4555896818637848
epoch: 21, accuracy: 0.88919997215271
0.44261205196380615
0.4310884475708008
0.4203794002532959
0.4104326069355011
0.4014269709587097
0.3933083713054657
0.3858363926410675
0.37886616587638855
0.3723679482936859
0.3662857115268707
epoch: 31, accuracy: 0.9060999751091003
0.3605315089225769
0.35508760809898376
0.34997889399528503
0.34518036246299744
0.34063535928726196
0.3363131582736969
0.3321903347969055
0.32822850346565247
0.3244074583053589
0.3207532465457916
epoch: 41, accuracy: 0.9172999858856201
0.3172879219055176
0.31398671865463257
0.31080543994903564
0.3077155351638794
0.3047127425670624
0.3018101453781128
0.29902344942092896
0.2963433563709259
0.29373878240585327
0.2911805212497711
epoch: 51, accuracy: 0.9232999682426453
0.2886695861816406
0.2862243056297302
0.2838556170463562
0.281546026468277
0.27927759289741516
0.2770472466945648
0.2748624384403229
0.27272069454193115
0.2706174850463867
0.26854702830314636
epoch: 61, accuracy: 0.9312999844551086
0.26650795340538025
0.2644994258880615
0.2625194787979126
0.26056715846061707
0.2586384117603302
0.2567325830459595
0.2548496127128601
0.2529911696910858
0.2511543035507202
0.24933528900146484
epoch: 71, accuracy: 0.9346999526023865
0.24753205478191376
0.2457427829504013
0.24396716058254242
0.24220676720142365
0.2404624968767166
0.2387327253818512
0.2370145469903946
0.23530592024326324
0.23360958695411682
0.23192523419857025
epoch: 81, accuracy: 0.9386999607086182
0.23025524616241455
0.2285986840724945
0.2269544005393982
0.22532325983047485
0.22370408475399017
0.2220965027809143
0.22049981355667114
0.21891440451145172
0.21734122931957245
0.21577996015548706
epoch: 91, accuracy: 0.9422999620437622
0.21423131227493286
0.21269619464874268
0.21117283403873444
0.20966364443302155
0.20816776156425476
0.20668509602546692
0.20521585643291473
0.20375972986221313
0.2023170292377472
0.2008855640888214
epoch: 101, accuracy: 0.9449999928474426
0.1994662582874298
0.19806012511253357
0.19666652381420135
0.19528670608997345
0.19392067193984985
0.19256621599197388
0.1912255734205246
0.18989887833595276
0.18858769536018372
0.18728958070278168
epoch: 111, accuracy: 0.9479999542236328
0.18600481748580933
0.18473494052886963
0.18347734212875366
0.18223296105861664
0.1810024082660675
0.1797858327627182
0.1785823404788971
0.17739278078079224
0.17621636390686035
0.17505334317684174
epoch: 121, accuracy: 0.9510999917984009
0.17390234768390656
0.1727638989686966
0.17163649201393127
0.17052152752876282
0.1694180965423584
0.1683260202407837
0.1672447919845581
0.1661745309829712
0.16511446237564087
0.16406501829624176
epoch: 131, accuracy: 0.9529999494552612
0.16302600502967834
0.16199813783168793
0.16098082065582275
0.1599736362695694
0.15897612273693085
0.15798813104629517
0.15700982511043549
0.1560421884059906
0.15508392453193665
0.15413634479045868
epoch: 141, accuracy: 0.9562000036239624
0.15319764614105225
0.15226760506629944
0.1513466089963913
0.1504340022802353
0.14952947199344635
0.1486329436302185
0.14774490892887115
0.14686577022075653
0.14599448442459106
0.14513073861598969
epoch: 151, accuracy: 0.9584999680519104
0.14427441358566284
0.14342571794986725
0.14258542656898499
0.1417527198791504
0.14092783629894257
0.14011037349700928
0.1393008828163147
0.138499915599823
0.13770736753940582
0.13692249357700348
epoch: 161, accuracy: 0.9599999785423279
0.1361442655324936
0.13537251949310303
0.1346076875925064
0.13384893536567688
0.13309700787067413
0.1323518007993698
0.13161303102970123
0.13088040053844452
0.13015349209308624
0.12943223118782043
epoch: 171, accuracy: 0.9614999890327454
0.12871772050857544
0.12800903618335724
0.1273062527179718
0.12660929560661316
0.12591780722141266
0.12523192167282104
0.12455156445503235
0.12387610226869583
0.12320593744516373
0.12254077941179276
epoch: 181, accuracy: 0.9631999731063843
0.12188049405813217
0.12122564017772675
0.1205763891339302
0.11993244290351868
0.11929372698068619
0.11865918338298798
0.11802872270345688
0.11740278452634811
0.11678140610456467
0.11616399139165878
epoch: 191, accuracy: 0.9643999934196472
0.1155511736869812
0.11494361609220505
0.11434081941843033
0.11374329775571823
0.11315032094717026
0.11256197839975357
0.11197807639837265
0.11139848083257675
0.11082252115011215
0.11025029420852661
epoch: 201, accuracy: 0.9649999737739563
0.10968202352523804
0.10911735892295837
0.10855652391910553
0.10799964517354965
0.10744680464267731
0.10689772665500641
0.10635258257389069
0.10581144690513611
0.10527385026216507
0.10473977774381638
epoch: 211, accuracy: 0.9666999578475952
0.10420923680067062
0.10368240624666214
0.10315912961959839
0.10263917595148087
0.10212287306785583
0.10161018371582031
0.10110075026750565
0.10059473663568497
0.10009163618087769
0.09959188848733902
epoch: 221, accuracy: 0.9678999781608582
0.09909532964229584
0.09860203415155411
0.09811223298311234
0.09762564301490784
0.097142294049263
0.09666202962398529
0.09618517011404037
0.09571115672588348
0.09524013847112656
0.09477216005325317
epoch: 231, accuracy: 0.9685999751091003
0.09430734068155289
0.09384579211473465
0.09338710457086563
0.09293121844530106
epoch: 235, accuracy: 0.9685999751091003
0.09247834235429764
0.09202823042869568
0.09158076345920563
0.09113606810569763
0.09069420397281647
0.09025539457798004
epoch: 241, accuracy: 0.9688999652862549
0.08981993794441223
0.0893874317407608
0.08895789086818695
0.08853123337030411
0.08810758590698242
0.08768650144338608
0.08726833015680313
0.08685300499200821
0.08644092082977295
0.08603142946958542
epoch: 251, accuracy: 0.9693999886512756
0.08562500774860382
0.08522088825702667
0.08481946587562561
0.08442065119743347
0.08402447402477264
0.0836305171251297
0.08323891460895538
0.08285009860992432
0.08246345818042755
0.08207940310239792
epoch: 261, accuracy: 0.9705999493598938
0.08169753104448318
0.08131802082061768
0.08094079047441483
0.08056601881980896
0.08019333332777023
0.0798230767250061
0.07945539057254791
0.07908983528614044
0.07872690260410309
0.07836621254682541
epoch: 271, accuracy: 0.9711999893188477
0.07800795882940292
0.0776515081524849
0.07729768753051758
0.07694578170776367
0.07659585773944855
0.07624779641628265
0.07590219378471375
0.07555906474590302
0.07521802932024002
0.07487893104553223
epoch: 281, accuracy: 0.9717999696731567
0.07454204559326172
0.07420655339956284
0.0738731399178505
0.07354140281677246
0.07321208715438843
0.07288472354412079
0.07255935668945312
0.07223578542470932
0.07191397994756699
0.07159414142370224
epoch: 291, accuracy: 0.972000002861023
0.07127616554498672
0.07096026092767715
0.07064590603113174
0.0703335627913475
0.0700230598449707
0.06971441954374313
0.06940705329179764
0.06910137832164764
0.0687970221042633
