2.4070942401885986
accuracy: 0.45969998836517334
2.002516269683838
1.7913089990615845
1.5901436805725098
1.4349408149719238
1.3121137619018555
1.0941272974014282
1.106682538986206
0.9620117545127869
0.9954046607017517
0.8277041912078857
accuracy: 0.705299973487854
0.8617054224014282
0.8327913284301758
0.8126285076141357
0.7945008873939514
0.6554155349731445
0.7608761191368103
0.6622105836868286
0.7318330407142639
0.702953577041626
0.6856306195259094
accuracy: 0.7428999543190002
0.7380772233009338
0.7523606419563293
0.6958063244819641
0.6586880087852478
0.6085900664329529
0.7472221255302429
0.5331209897994995
0.5522488951683044
0.5804660320281982
0.5950310826301575
accuracy: 0.774899959564209
0.5883497595787048
0.6424744129180908
0.6575775742530823
0.537688672542572
0.689792275428772
0.6021755337715149
0.5667117834091187
0.6010506749153137
0.660700798034668
0.5945851802825928
accuracy: 0.7888000011444092
0.5673952102661133
0.6250730156898499
0.5214952826499939
0.5491254925727844
0.5448571443557739
0.6801533102989197
0.5256052017211914
0.5090610384941101
0.5655804872512817
0.5850202441215515
accuracy: 0.7940999865531921
0.48159074783325195
0.5259917378425598
0.6681097745895386
0.5586174130439758
0.42214125394821167
0.5509094595909119
0.5235112309455872
0.5147636532783508
0.5786245465278625
0.4660077691078186
accuracy: 0.8091999888420105
0.46375325322151184
0.5758174061775208
0.47401535511016846
0.4056726396083832
0.4604184031486511
0.4491364061832428
0.4930761754512787
0.4784911870956421
0.48217320442199707
0.5721685886383057
accuracy: 0.8093000054359436
0.5004569292068481
0.508902370929718
0.5232572555541992
0.5078763365745544
0.7034615278244019
0.4899541735649109
0.5340909957885742
0.4741739332675934
0.47855886816978455
0.4587347209453583
accuracy: 0.8097999691963196
0.5025776028633118
0.4444997310638428
0.6301686763763428
0.3669471740722656
0.4795774221420288
0.40889424085617065
0.43252629041671753
0.5208112597465515
0.5411375761032104
0.420547753572464
accuracy: 0.8215000033378601
0.5060192942619324
0.444063663482666
0.40379059314727783
0.4572804868221283
0.48400577902793884
0.4751211404800415
0.47302332520484924
0.47080081701278687
0.45328572392463684
0.48877379298210144
accuracy: 0.8244999647140503
0.5471094250679016
0.5324726104736328
0.5091121196746826
0.550457239151001
0.5092450976371765
0.4719405472278595
0.4336707890033722
0.44756028056144714
0.43537163734436035
0.3778317868709564
accuracy: 0.8260999917984009
0.36334848403930664
0.5114573240280151
0.4735081195831299
0.3996419608592987
0.48775407671928406
0.44379106163978577
0.4583965539932251
0.4243820309638977
0.4646867513656616
0.4570133090019226
accuracy: 0.8269000053405762
0.4754355847835541
0.4040117859840393
0.47936907410621643
0.4267755448818207
0.402757853269577
0.43703365325927734
0.4055286645889282
0.4626453220844269
0.40917402505874634
0.4949880540370941
accuracy: 0.8310999870300293
0.4543028771877289
0.49443498253822327
0.4448040723800659
0.44555598497390747
0.4263136684894562
0.4966808557510376
0.4651865065097809
0.5748187303543091
0.48521819710731506
0.508357584476471
accuracy: 0.8276999592781067
0.42793193459510803
0.44359642267227173
0.4260613024234772
0.41548457741737366
0.4505820572376251
0.4409087300300598
0.4577581286430359
0.32872137427330017
0.45013824105262756
0.39542901515960693
accuracy: 0.8274999856948853
0.4717915654182434
0.43633028864860535
0.4866490364074707
0.41721540689468384
0.423890620470047
0.45978137850761414
0.4224376082420349
0.458315372467041
0.5178889036178589
0.4372889995574951
accuracy: 0.832099974155426
0.3456261157989502
0.3759193420410156
0.42594069242477417
0.40107277035713196
0.47388380765914917
0.42592889070510864
0.41372498869895935
0.46823054552078247
0.46828705072402954
0.42017674446105957
accuracy: 0.8335999846458435
0.4296800494194031
0.37394434213638306
0.3820495009422302
0.4215453267097473
0.3240402042865753
0.43456047773361206
0.4160878360271454
0.37196165323257446
0.36599114537239075
0.4413778781890869
accuracy: 0.8362999558448792
0.4926449656486511
0.5197495818138123
0.38431423902511597
0.40499308705329895
0.47790607810020447
0.4799007177352905
0.4284849464893341
0.4930736720561981
0.4956662654876709
0.48100578784942627
accuracy: 0.8321999907493591
0.4143829941749573
0.4187747836112976
0.4468146562576294
0.46640104055404663
0.33256810903549194
0.3964250683784485
0.4950372874736786
0.45941266417503357
0.40953072905540466
0.447567343711853
accuracy: 0.8364999890327454
0.3928196132183075
0.41221117973327637
0.3971620202064514
0.3137645423412323
0.39469584822654724
0.3636096715927124
0.4859917163848877
0.4166930615901947
0.469708651304245
0.4517925977706909
accuracy: 0.8410999774932861
0.5174272656440735
0.381130188703537
0.43593934178352356
0.46698611974716187
0.5094913840293884
0.4069245159626007
0.37098872661590576
0.49151667952537537
0.4481930732727051
0.4596504867076874
accuracy: 0.842199981212616
0.4597533643245697
0.5218708515167236
0.4750286340713501
0.48246610164642334
0.4553554654121399
0.3644196391105652
0.3517688810825348
0.38722121715545654
0.3876410126686096
0.3711385130882263
accuracy: 0.8411999940872192
0.4271855354309082
0.35769614577293396
0.4328562021255493
0.4388860762119293
accuracy: 0.8359000086784363
