2.314077615737915
epoch: 1, accuracy: 0.4007999897003174
2.0720551013946533
1.8705565929412842
1.6868267059326172
1.5117104053497314
1.3476401567459106
1.2000890970230103
1.0719810724258423
0.9629901647567749
0.8716666102409363
0.7954801321029663
epoch: 11, accuracy: 0.8425999879837036
0.7314024567604065
0.6774482131004333
0.6322057247161865
0.5940883755683899
0.5618354082107544
0.5345187187194824
0.5110664963722229
0.49079862236976624
0.47356918454170227
0.45871326327323914
epoch: 21, accuracy: 0.8876000046730042
0.4452778100967407
0.4330521523952484
0.42214709520339966
0.4123145043849945
0.40324607491493225
0.39489027857780457
0.3871544897556305
0.3799211382865906
0.3732284903526306
0.36706581711769104
epoch: 31, accuracy: 0.906499981880188
0.3612806499004364
0.35580405592918396
0.35067427158355713
0.3458377718925476
0.34121036529541016
0.3368082642555237
0.33264192938804626
0.3286502957344055
0.3248051702976227
0.32112884521484375
epoch: 41, accuracy: 0.9162999987602234
0.3176092207431793
0.3142184615135193
0.3109636604785919
0.307840496301651
0.3048163056373596
0.3018791377544403
0.29904013872146606
0.2962886095046997
0.2936125695705414
0.29101768136024475
epoch: 51, accuracy: 0.9238999485969543
0.2884944975376129
0.2860262989997864
0.28361907601356506
0.2812820076942444
0.279005229473114
0.27677538990974426
0.27459269762039185
0.27245402336120605
0.27035626769065857
0.2683003842830658
epoch: 61, accuracy: 0.9281999468803406
0.26628029346466064
0.2642867863178253
0.26231804490089417
0.2603761553764343
0.25846150517463684
0.25657087564468384
0.25470492243766785
0.25286054611206055
0.2510375678539276
0.24923650920391083
epoch: 71, accuracy: 0.9318999648094177
0.24745520949363708
0.24569036066532135
0.2439427375793457
0.24221327900886536
0.24049833416938782
0.23879645764827728
0.23710869252681732
0.23543277382850647
0.2337687611579895
0.23211772739887238
epoch: 81, accuracy: 0.9369999766349792
0.23047806322574615
0.22884997725486755
0.22723554074764252
0.22563236951828003
0.22404147684574127
0.222464919090271
0.22089983522891998
0.21934813261032104
0.2178090661764145
0.2162814736366272
epoch: 91, accuracy: 0.9409999847412109
0.21476495265960693
0.2132614701986313
0.21177060902118683
0.2102918028831482
0.20882683992385864
0.20737645030021667
0.20593978464603424
0.2045152485370636
0.2031038999557495
0.20170588791370392
epoch: 101, accuracy: 0.9443999528884888
0.20032094419002533
0.1989479809999466
0.1975877434015274
0.19624048471450806
0.1949053704738617
0.1935817003250122
0.1922713667154312
0.1909746676683426
0.18969091773033142
0.18841955065727234
epoch: 111, accuracy: 0.9479999542236328
0.18716202676296234
0.18591712415218353
0.18468402326107025
0.1834636777639389
0.18225519359111786
0.18105915188789368
0.17987646162509918
0.17870637774467468
0.1775471717119217
0.17639920115470886
epoch: 121, accuracy: 0.9496999979019165
0.17526282370090485
0.17413853108882904
0.17302589118480682
0.17192460596561432
0.1708340048789978
0.1697537750005722
0.1686849147081375
0.16762685775756836
0.16657985746860504
0.16554425656795502
epoch: 131, accuracy: 0.952299952507019
0.16452009975910187
0.163506880402565
0.1625043749809265
0.16151271760463715
0.16053134202957153
0.15955966711044312
0.15859732031822205
0.1576441377401352
0.15669932961463928
0.1557634025812149
epoch: 141, accuracy: 0.9548999667167664
0.15483559668064117
0.15391506254673004
0.1530020833015442
0.1520957350730896
0.15119807422161102
0.1503084897994995
0.14942613244056702
0.14855217933654785
0.1476859599351883
0.14682775735855103
epoch: 151, accuracy: 0.9563999772071838
0.14597684144973755
0.14513422548770905
0.14430010318756104
0.14347246289253235
0.14265181124210358
0.1418384164571762
0.14103162288665771
0.14023064076900482
0.13943570852279663
0.13864853978157043
epoch: 161, accuracy: 0.9580000042915344
0.1378680020570755
0.1370939165353775
0.136326864361763
0.1355666071176529
0.13481272757053375
0.13406507670879364
0.13332325220108032
0.13258668780326843
0.1318560391664505
0.13113081455230713
epoch: 171, accuracy: 0.9598000049591064
0.1304112821817398
0.12969806790351868
0.12899060547351837
0.12828859686851501
0.12759149074554443
0.12689968943595886
0.12621378898620605
0.12553410232067108
0.12485957145690918
0.12419044226408005
epoch: 181, accuracy: 0.9617999792098999
0.123526431620121
0.12286772578954697
0.12221459299325943
0.12156692147254944
0.12092394381761551
0.12028651684522629
0.11965367197990417
0.11902545392513275
0.11840226501226425
0.11778386682271957
epoch: 191, accuracy: 0.9628999829292297
0.11716970801353455
0.11656089127063751
0.11595645546913147
0.11535671353340149
0.11476132273674011
0.11416970193386078
0.1135818362236023
0.11299798637628555
0.11241832375526428
0.11184250563383102
epoch: 201, accuracy: 0.963699996471405
0.11127040535211563
0.11070200800895691
0.11013781279325485
0.1095777079463005
0.1090218648314476
0.10846982151269913
0.10792075842618942
0.1073751375079155
0.1068330928683281
0.10629450529813766
epoch: 211, accuracy: 0.9644999504089355
0.10576006025075912
0.1052294448018074
0.10470234602689743
0.10417874902486801
0.10365843772888184
0.10314181447029114
0.1026284247636795
0.10211868584156036
0.10161241888999939
0.10110978037118912
epoch: 221, accuracy: 0.9657999873161316
0.10061053931713104
0.1001141294836998
0.09962084889411926
0.09913139045238495
0.0986454114317894
0.09816277772188187
0.09768381714820862
0.09720852971076965
0.09673703461885452
0.0962693840265274
epoch: 231, accuracy: 0.9664999842643738
0.09580495953559875
0.0953432023525238
0.09488455206155777
0.09442855417728424
epoch: 235, accuracy: 0.9666999578475952
