2.3171286582946777
epoch: 1, accuracy: 0.3604999780654907
2.0236403942108154
2.2740638256073
1.9307280778884888
1.9348161220550537
1.520642638206482
1.3197284936904907
1.2368099689483643
1.1514643430709839
1.128488540649414
1.1499384641647339
epoch: 11, accuracy: 0.6100999712944031
1.1384369134902954
1.0823765993118286
1.0218056440353394
0.9892834424972534
0.9808365106582642
0.9750098586082458
0.9637718796730042
0.9533644318580627
0.9460434317588806
0.935737669467926
epoch: 21, accuracy: 0.6726999878883362
0.9191088080406189
0.9022778272628784
0.8926181793212891
0.8893429636955261
0.8869593143463135
0.8818610310554504
0.8728387355804443
0.8617004156112671
0.8521745204925537
0.8454847931861877
epoch: 31, accuracy: 0.6923999786376953
0.8404212594032288
0.8356272578239441
0.8304716348648071
0.8247993588447571
0.819040060043335
0.8131185173988342
0.8071490526199341
0.8025641441345215
0.7994920015335083
0.7958519458770752
epoch: 41, accuracy: 0.7023999691009521
0.7909102439880371
0.7859082221984863
0.781548023223877
0.7775413990020752
0.7739582657814026
0.7707992792129517
0.7675284147262573
0.7636964917182922
0.7596907615661621
0.7561811208724976
epoch: 51, accuracy: 0.7121999859809875
0.7530118227005005
0.7499125003814697
0.7469366192817688
0.7438153028488159
0.7405356764793396
0.7374464869499207
0.7345648407936096
0.7317279577255249
0.7288978099822998
0.7260350584983826
epoch: 61, accuracy: 0.7175999879837036
0.7231958508491516
0.7205041646957397
0.7179121971130371
0.7152507901191711
0.7125791311264038
0.7100183367729187
0.7074316143989563
0.7048807740211487
0.7024600505828857
0.6999742984771729
epoch: 71, accuracy: 0.7178999781608582
0.6974644660949707
0.6950811147689819
0.6926777958869934
0.6902841329574585
0.6879350543022156
0.6855645179748535
0.6832156181335449
0.6809167265892029
0.6786252856254578
0.676347553730011
epoch: 81, accuracy: 0.7178999781608582
0.6740933656692505
0.6718592047691345
0.6696306467056274
0.6674286127090454
0.665212094783783
0.6630356311798096
0.6608730554580688
0.6587168574333191
0.6565799713134766
0.6544400453567505
epoch: 91, accuracy: 0.7195000052452087
0.6523340940475464
0.6502183079719543
0.6481329798698425
0.6460391283035278
0.6439635157585144
0.6418947577476501
0.6398493647575378
0.6378114223480225
0.6357877254486084
0.633773684501648
epoch: 101, accuracy: 0.7195999622344971
0.6317647099494934
0.6297818422317505
0.6278204917907715
0.6258564591407776
0.6239097118377686
0.6219624876976013
0.6200340986251831
0.61811363697052
0.6162063479423523
0.6142805814743042
epoch: 111, accuracy: 0.7229999899864197
0.6123716235160828
0.6104686856269836
0.608598530292511
0.606742799282074
0.6048557758331299
0.6029674410820007
0.6011127233505249
0.5992368459701538
0.5973971486091614
0.5956317782402039
epoch: 121, accuracy: 0.7213999629020691
0.5938911437988281
0.5920325517654419
0.5901522040367126
0.5883299708366394
0.5866163969039917
0.5849124193191528
0.58310467004776
0.5813241600990295
0.5795136094093323
0.5777376294136047
epoch: 131, accuracy: 0.7224000096321106
0.575991690158844
0.5743110179901123
0.5727177262306213
0.5710575580596924
0.5692992210388184
0.5674212574958801
0.5657206773757935
0.5641182661056519
0.5624769926071167
0.5609198212623596
epoch: 141, accuracy: 0.7195000052452087
0.5593395829200745
0.5576440095901489
0.5558555722236633
0.554078221321106
0.552419126033783
0.550933301448822
0.5493431091308594
0.5477515459060669
0.5462250113487244
0.5446613430976868
epoch: 151, accuracy: 0.7185999751091003
0.5431623458862305
0.5417344570159912
0.5404069423675537
0.5386382341384888
0.5368342995643616
0.5352566242218018
0.5339536070823669
0.5323533415794373
0.530555248260498
0.5290741920471191
epoch: 161, accuracy: 0.7191999554634094
0.527538537979126
0.5261505246162415
0.5246706604957581
0.5233935713768005
0.5222092866897583
0.5209276676177979
0.5200400948524475
0.5193942785263062
0.5176132917404175
0.5150389671325684
epoch: 171, accuracy: 0.7178999781608582
0.5128521919250488
0.5115417838096619
0.5108413696289062
0.5096240639686584
0.5083180069923401
0.5065460801124573
0.5051490664482117
0.5035200119018555
0.502281665802002
0.5009190440177917
epoch: 181, accuracy: 0.7170999646186829
0.4997762143611908
0.4980292320251465
0.4965701997280121
0.4952412247657776
0.4943881332874298
0.4935738742351532
0.4924473464488983
0.49098190665245056
0.4893047511577606
0.48718953132629395
epoch: 191, accuracy: 0.715399980545044
0.4857719838619232
0.4848107099533081
0.48390042781829834
0.4831445813179016
0.48174288868904114
epoch: 196, accuracy: 0.7163000106811523
